Copyright 1986-2022 Xilinx, Inc. All Rights Reserved. Copyright 2022-2025 Advanced Micro Devices, Inc. All Rights Reserved.
--------------------------------------------------------------------------------------------------------------------------------------------------
| Tool Version      : Vivado v.2025.2 (lin64) Build 6299465 Fri Nov 14 12:34:56 MST 2025
| Date              : Fri May 29 15:51:05 2026
| Host              : quocviet-workstation running 64-bit Ubuntu 24.04.4 LTS
| Command           : report_timing_summary -file fpga_synth_timing.rpt
| Design            : fpga_top
| Device            : xck26-sfvc784
| Speed File        : -2LV  PRODUCTION 1.30 05-15-2022
| Design State      : Synthesized
| Temperature Grade : C
--------------------------------------------------------------------------------------------------------------------------------------------------

Timing Summary Report

------------------------------------------------------------------------------------------------
| Timer Settings
| --------------
------------------------------------------------------------------------------------------------

  Enable Multi Corner Analysis               :  Yes
  Enable Pessimism Removal                   :  Yes
  Pessimism Removal Resolution               :  Nearest Common Node
  Enable Input Delay Default Clock           :  No
  Enable Preset / Clear Arcs                 :  No
  Disable Flight Delays                      :  No
  Ignore I/O Paths                           :  No
  Timing Early Launch at Borrowing Latches   :  No
  Borrow Time for Max Delay Exceptions       :  Yes
  Merge Timing Exceptions                    :  Yes
  Inter-SLR Compensation                     :  Conservative

  Corner  Analyze    Analyze    
  Name    Max Paths  Min Paths  
  ------  ---------  ---------  
  Slow    Yes        Yes        
  Fast    Yes        Yes        


------------------------------------------------------------------------------------------------
| Report Methodology
| ------------------
------------------------------------------------------------------------------------------------

No report available as report_methodology has not been run prior. Run report_methodology on the current design for the summary of methodology violations.



check_timing report

Table of Contents
-----------------
1. checking no_clock (0)
2. checking constant_clock (0)
3. checking pulse_width_clock (0)
4. checking unconstrained_internal_endpoints (0)
5. checking no_input_delay (1)
6. checking no_output_delay (1)
7. checking multiple_clock (0)
8. checking generated_clocks (0)
9. checking loops (0)
10. checking partial_input_delay (0)
11. checking partial_output_delay (0)
12. checking latch_loops (0)

1. checking no_clock (0)
------------------------
 There are 0 register/latch pins with no clock.


2. checking constant_clock (0)
------------------------------
 There are 0 register/latch pins with constant_clock.


3. checking pulse_width_clock (0)
---------------------------------
 There are 0 register/latch pins which need pulse_width check


4. checking unconstrained_internal_endpoints (0)
------------------------------------------------
 There are 0 pins that are not constrained for maximum delay.

 There are 0 pins that are not constrained for maximum delay due to constant clock.


5. checking no_input_delay (1)
------------------------------
 There are 0 input ports with no input delay specified.

 There is 1 input port with no input delay but user has a false path constraint. (MEDIUM)


6. checking no_output_delay (1)
-------------------------------
 There is 1 port with no output delay specified. (HIGH)

 There are 0 ports with no output delay but user has a false path constraint

 There are 0 ports with no output delay but with a timing clock defined on it or propagating through it


7. checking multiple_clock (0)
------------------------------
 There are 0 register/latch pins with multiple clocks.


8. checking generated_clocks (0)
--------------------------------
 There are 0 generated clocks that are not connected to a clock source.


9. checking loops (0)
---------------------
 There are 0 combinational loops in the design.


10. checking partial_input_delay (0)
------------------------------------
 There are 0 input ports with partial input delay specified.


11. checking partial_output_delay (0)
-------------------------------------
 There are 0 ports with partial output delay specified.


12. checking latch_loops (0)
----------------------------
 There are 0 combinational latch loops in the design through latch input



------------------------------------------------------------------------------------------------
| Design Timing Summary
| ---------------------
------------------------------------------------------------------------------------------------

    WNS(ns)      TNS(ns)  TNS Failing Endpoints  TNS Total Endpoints      WHS(ns)      THS(ns)  THS Failing Endpoints  THS Total Endpoints     WPWS(ns)     TPWS(ns)  TPWS Failing Endpoints  TPWS Total Endpoints  
    -------      -------  ---------------------  -------------------      -------      -------  ---------------------  -------------------     --------     --------  ----------------------  --------------------  
      5.615        0.000                      0                29701       -0.066     -331.582                  14475                29701        0.500        0.000                       0                  5956  


Timing constraints are not met.


------------------------------------------------------------------------------------------------
| Clock Summary
| -------------
------------------------------------------------------------------------------------------------

Clock       Waveform(ns)         Period(ns)      Frequency(MHz)
-----       ------------         ----------      --------------
clk_300mhz  {0.000 1.666}        3.333           300.030         
  clk_100m  {0.000 4.999}        9.999           100.010         


------------------------------------------------------------------------------------------------
| Intra Clock Table
| -----------------
------------------------------------------------------------------------------------------------

Clock             WNS(ns)      TNS(ns)  TNS Failing Endpoints  TNS Total Endpoints      WHS(ns)      THS(ns)  THS Failing Endpoints  THS Total Endpoints     WPWS(ns)     TPWS(ns)  TPWS Failing Endpoints  TPWS Total Endpoints  
-----             -------      -------  ---------------------  -------------------      -------      -------  ---------------------  -------------------     --------     --------  ----------------------  --------------------  
clk_300mhz                                                                                                                                                      0.500        0.000                       0                     1  
  clk_100m          5.615        0.000                      0                27143       -0.066     -331.582                  14475                27143        4.237        0.000                       0                  5955  


------------------------------------------------------------------------------------------------
| Inter Clock Table
| -----------------
------------------------------------------------------------------------------------------------

From Clock    To Clock          WNS(ns)      TNS(ns)  TNS Failing Endpoints  TNS Total Endpoints      WHS(ns)      THS(ns)  THS Failing Endpoints  THS Total Endpoints  
----------    --------          -------      -------  ---------------------  -------------------      -------      -------  ---------------------  -------------------  


------------------------------------------------------------------------------------------------
| Other Path Groups Table
| -----------------------
------------------------------------------------------------------------------------------------

Path Group         From Clock         To Clock               WNS(ns)      TNS(ns)  TNS Failing Endpoints  TNS Total Endpoints      WHS(ns)      THS(ns)  THS Failing Endpoints  THS Total Endpoints  
----------         ----------         --------               -------      -------  ---------------------  -------------------      -------      -------  ---------------------  -------------------  
**async_default**  clk_100m           clk_100m                 8.994        0.000                      0                 2558        0.200        0.000                      0                 2558  


------------------------------------------------------------------------------------------------
| Timing Details
| --------------
------------------------------------------------------------------------------------------------


---------------------------------------------------------------------------------------------------
From Clock:  clk_300mhz
  To Clock:  clk_300mhz

Setup :           NA  Failing Endpoints,  Worst Slack           NA  ,  Total Violation           NA
Hold  :           NA  Failing Endpoints,  Worst Slack           NA  ,  Total Violation           NA
PW    :            0  Failing Endpoints,  Worst Slack        0.500ns,  Total Violation        0.000ns
---------------------------------------------------------------------------------------------------


Pulse Width Checks
--------------------------------------------------------------------------------------
Clock Name:         clk_300mhz
Waveform(ns):       { 0.000 1.666 }
Period(ns):         3.333
Sources:            { clk_300mhz }

Check Type        Corner  Lib Pin            Reference Pin  Required(ns)  Actual(ns)  Slack(ns)  Location  Pin
Min Period        n/a     MMCME4_ADV/CLKIN1  n/a            1.071         3.333       2.262                u_mmcm/CLKIN1
Max Period        n/a     MMCME4_ADV/CLKIN1  n/a            100.000       3.333       96.667               u_mmcm/CLKIN1
Low Pulse Width   Slow    MMCME4_ADV/CLKIN1  n/a            1.167         1.666       0.500                u_mmcm/CLKIN1
High Pulse Width  Slow    MMCME4_ADV/CLKIN1  n/a            1.167         1.667       0.500                u_mmcm/CLKIN1



---------------------------------------------------------------------------------------------------
From Clock:  clk_100m
  To Clock:  clk_100m

Setup :            0  Failing Endpoints,  Worst Slack        5.615ns,  Total Violation        0.000ns
Hold  :        14475  Failing Endpoints,  Worst Slack       -0.066ns,  Total Violation     -331.582ns
PW    :            0  Failing Endpoints,  Worst Slack        4.237ns,  Total Violation        0.000ns
---------------------------------------------------------------------------------------------------


Max Delay Paths
--------------------------------------------------------------------------------------
Slack (MET) :             5.615ns  (required time - arrival time)
  Source:                 u_soc/u_riscv_core/u_mem_wb/rd_reg[4]/C
                            (rising edge-triggered cell FDCE clocked by clk_100m  {rise@0.000ns fall@4.999ns period=9.999ns})
  Destination:            u_soc/u_riscv_core/u_dbp/btb_tag_reg_320_383_0_6/RAMA/WE
                            (rising edge-triggered cell RAMD64E clocked by clk_100m  {rise@0.000ns fall@4.999ns period=9.999ns})
  Path Group:             clk_100m
  Path Type:              Setup (Max at Slow Process Corner)
  Requirement:            9.999ns  (clk_100m rise@9.999ns - clk_100m rise@0.000ns)
  Data Path Delay:        3.911ns  (logic 1.498ns (38.302%)  route 2.413ns (61.698%))
  Logic Levels:           11  (CARRY8=2 LUT2=1 LUT3=1 LUT4=2 LUT5=1 LUT6=4)
  Clock Path Skew:        -0.145ns (DCD - SCD + CPR)
    Destination Clock Delay (DCD):    5.703ns = ( 15.702 - 9.999 ) 
    Source Clock Delay      (SCD):    6.197ns
    Clock Pessimism Removal (CPR):    0.348ns
  Clock Uncertainty:      0.062ns  ((TSJ^2 + DJ^2)^1/2) / 2 + PE
    Total System Jitter     (TSJ):    0.071ns
    Discrete Jitter          (DJ):    0.101ns
    Phase Error              (PE):    0.000ns

    Location             Delay type                Incr(ns)  Path(ns)    Netlist Resource(s)
  -------------------------------------------------------------------    -------------------
                         (clock clk_100m rise edge)
                                                      0.000     0.000 r  
                                                      0.000     0.000 r  clk_300mhz (IN)
                         net (fo=0)                   0.000     0.000    clk_300mhz_IBUF_inst/I
                         INBUF (Prop_INBUF_PAD_O)     1.026     1.026 r  clk_300mhz_IBUF_inst/INBUF_INST/O
                         net (fo=1, unplaced)         0.000     1.026    clk_300mhz_IBUF_inst/OUT
                         IBUFCTRL (Prop_IBUFCTRL_I_O)
                                                      0.000     1.026 r  clk_300mhz_IBUF_inst/IBUFCTRL_INST/O
                         net (fo=1, unplaced)         2.375     3.401    clk_300mhz_IBUF
                         MMCME4_ADV (Prop_MMCME4_ADV_CLKIN1_CLKOUT0)
                                                     -0.103     3.298 r  u_mmcm/CLKOUT0
                         net (fo=1, unplaced)         0.271     3.569    clk_100m
                         BUFGCE (Prop_BUFGCE_I_O)     0.044     3.613 r  u_bufg/O
                         net (fo=5953, unplaced)      2.584     6.197    u_soc/u_riscv_core/u_mem_wb/clk_buf
                         FDCE                                         r  u_soc/u_riscv_core/u_mem_wb/rd_reg[4]/C
  -------------------------------------------------------------------    -------------------
                         FDCE (Prop_FDCE_C_Q)         0.114     6.311 r  u_soc/u_riscv_core/u_mem_wb/rd_reg[4]/Q
                         net (fo=86, unplaced)        0.256     6.567    u_soc/u_riscv_core/u_mem_wb/Q[4]
                         LUT6 (Prop_LUT6_I0_O)        0.225     6.792 r  u_soc/u_riscv_core/u_mem_wb/correct_pc_r[31]_i_37/O
                         net (fo=2, unplaced)         0.117     6.909    u_soc/u_riscv_core/u_mem_wb/rd_reg[4]_1
                         LUT6 (Prop_LUT6_I0_O)        0.225     7.134 r  u_soc/u_riscv_core/u_mem_wb/correct_pc_r[31]_i_35/O
                         net (fo=1, unplaced)         0.211     7.345    u_soc/u_riscv_core/u_ex_mem/alu_result[31]_i_12[0]
                         LUT2 (Prop_LUT2_I1_O)        0.058     7.403 r  u_soc/u_riscv_core/u_ex_mem/correct_pc_r[31]_i_29/O
                         net (fo=63, unplaced)        0.286     7.689    u_soc/u_riscv_core/u_ex_mem/rs1_reg[0]
                         LUT6 (Prop_LUT6_I3_O)        0.058     7.747 f  u_soc/u_riscv_core/u_ex_mem/correct_pc_r[7]_i_11/O
                         net (fo=13, unplaced)        0.192     7.939    u_soc/u_riscv_core/u_id_ex/fw_src_a[0]
                         LUT4 (Prop_LUT4_I1_O)        0.156     8.095 r  u_soc/u_riscv_core/u_id_ex/mispredict_r_i_107/O
                         net (fo=1, unplaced)         0.276     8.371    u_soc/u_riscv_core/u_id_ex/mispredict_r_i_107_n_0
                         CARRY8 (Prop_CARRY8_DI[0]_CO[7])
                                                      0.204     8.575 r  u_soc/u_riscv_core/u_id_ex/mispredict_r_reg_i_33/CO[7]
                         net (fo=1, unplaced)         0.006     8.581    u_soc/u_riscv_core/u_id_ex/mispredict_r_reg_i_33_n_0
                         CARRY8 (Prop_CARRY8_CI_CO[7])
                                                      0.073     8.654 r  u_soc/u_riscv_core/u_id_ex/mispredict_r_reg_i_13/CO[7]
                         net (fo=1, unplaced)         0.025     8.679    u_soc/u_riscv_core/u_id_ex/u_bru/data4
                         LUT6 (Prop_LUT6_I1_O)        0.137     8.816 r  u_soc/u_riscv_core/u_id_ex/mispredict_r_i_6/O
                         net (fo=1, unplaced)         0.211     9.027    u_soc/u_riscv_core/u_id_ex/mispredict_r_i_6_n_0
                         LUT4 (Prop_LUT4_I1_O)        0.058     9.085 r  u_soc/u_riscv_core/u_id_ex/mispredict_r_i_3/O
                         net (fo=40, unplaced)        0.276     9.361    u_soc/u_riscv_core/u_id_ex/bru_actual_taken
                         LUT3 (Prop_LUT3_I0_O)        0.095     9.456 r  u_soc/u_riscv_core/u_id_ex/btb_tag_reg_0_63_0_6_i_2/O
                         net (fo=16, unplaced)        0.255     9.711    u_soc/u_riscv_core/u_id_ex/u_dbp/p_0_in__0
                         LUT5 (Prop_LUT5_I4_O)        0.095     9.806 r  u_soc/u_riscv_core/u_id_ex/btb_tag_reg_320_383_0_6_i_1/O
                         net (fo=64, unplaced)        0.302    10.108    u_soc/u_riscv_core/u_dbp/btb_tag_reg_320_383_0_6/WE
                         RAMD64E                                      r  u_soc/u_riscv_core/u_dbp/btb_tag_reg_320_383_0_6/RAMA/WE
  -------------------------------------------------------------------    -------------------

                         (clock clk_100m rise edge)
                                                      9.999     9.999 r  
                                                      0.000     9.999 r  clk_300mhz (IN)
                         net (fo=0)                   0.000     9.999    clk_300mhz_IBUF_inst/I
                         INBUF (Prop_INBUF_PAD_O)     0.518    10.517 r  clk_300mhz_IBUF_inst/INBUF_INST/O
                         net (fo=1, unplaced)         0.000    10.517    clk_300mhz_IBUF_inst/OUT
                         IBUFCTRL (Prop_IBUFCTRL_I_O)
                                                      0.000    10.517 r  clk_300mhz_IBUF_inst/IBUFCTRL_INST/O
                         net (fo=1, unplaced)         1.724    12.241    clk_300mhz_IBUF
                         MMCME4_ADV (Prop_MMCME4_ADV_CLKIN1_CLKOUT0)
                                                      0.739    12.980 r  u_mmcm/CLKOUT0
                         net (fo=1, unplaced)         0.244    13.224    clk_100m
                         BUFGCE (Prop_BUFGCE_I_O)     0.039    13.263 r  u_bufg/O
                         net (fo=5953, unplaced)      2.439    15.702    u_soc/u_riscv_core/u_dbp/btb_tag_reg_320_383_0_6/WCLK
                         RAMD64E                                      r  u_soc/u_riscv_core/u_dbp/btb_tag_reg_320_383_0_6/RAMA/CLK
                         clock pessimism              0.348    16.051    
                         clock uncertainty           -0.062    15.989    
                         RAMD64E (Setup_RAMD64E_CLK_WE)
                                                     -0.266    15.723    u_soc/u_riscv_core/u_dbp/btb_tag_reg_320_383_0_6/RAMA
  -------------------------------------------------------------------
                         required time                         15.723    
                         arrival time                         -10.108    
  -------------------------------------------------------------------
                         slack                                  5.615    





Min Delay Paths
--------------------------------------------------------------------------------------
Slack (VIOLATED) :        -0.066ns  (arrival time - required time)
  Source:                 u_soc/u_riscv_core/u_mem_wb/rd_reg[3]/C
                            (rising edge-triggered cell FDCE clocked by clk_100m  {rise@0.000ns fall@4.999ns period=9.999ns})
  Destination:            u_soc/u_riscv_core/u_rf/register_reg_r1_0_31_0_13/RAMA/WADR3
                            (rising edge-triggered cell RAMD32 clocked by clk_100m  {rise@0.000ns fall@4.999ns period=9.999ns})
  Path Group:             clk_100m
  Path Type:              Hold (Min at Fast Process Corner)
  Requirement:            0.000ns  (clk_100m rise@0.000ns - clk_100m rise@0.000ns)
  Data Path Delay:        0.169ns  (logic 0.084ns (49.704%)  route 0.085ns (50.296%))
  Logic Levels:           0  
  Clock Path Skew:        0.145ns (DCD - SCD - CPR)
    Destination Clock Delay (DCD):    3.606ns
    Source Clock Delay      (SCD):    3.283ns
    Clock Pessimism Removal (CPR):    0.177ns

    Location             Delay type                Incr(ns)  Path(ns)    Netlist Resource(s)
  -------------------------------------------------------------------    -------------------
                         (clock clk_100m rise edge)
                                                      0.000     0.000 r  
                                                      0.000     0.000 r  clk_300mhz (IN)
                         net (fo=0)                   0.000     0.000    clk_300mhz_IBUF_inst/I
                         INBUF (Prop_INBUF_PAD_O)     0.449     0.449 r  clk_300mhz_IBUF_inst/INBUF_INST/O
                         net (fo=1, unplaced)         0.000     0.449    clk_300mhz_IBUF_inst/OUT
                         IBUFCTRL (Prop_IBUFCTRL_I_O)
                                                      0.000     0.449 r  clk_300mhz_IBUF_inst/IBUFCTRL_INST/O
                         net (fo=1, unplaced)         0.992     1.441    clk_300mhz_IBUF
                         MMCME4_ADV (Prop_MMCME4_ADV_CLKIN1_CLKOUT0)
                                                      0.566     2.007 r  u_mmcm/CLKOUT0
                         net (fo=1, unplaced)         0.139     2.146    clk_100m
                         BUFGCE (Prop_BUFGCE_I_O)     0.023     2.169 r  u_bufg/O
                         net (fo=5953, unplaced)      1.114     3.283    u_soc/u_riscv_core/u_mem_wb/clk_buf
                         FDCE                                         r  u_soc/u_riscv_core/u_mem_wb/rd_reg[3]/C
  -------------------------------------------------------------------    -------------------
                         FDCE (Prop_FDCE_C_Q)         0.084     3.367 r  u_soc/u_riscv_core/u_mem_wb/rd_reg[3]/Q
                         net (fo=86, unplaced)        0.085     3.452    u_soc/u_riscv_core/u_rf/register_reg_r1_0_31_0_13/ADDRH3
                         RAMD32                                       r  u_soc/u_riscv_core/u_rf/register_reg_r1_0_31_0_13/RAMA/WADR3
  -------------------------------------------------------------------    -------------------

                         (clock clk_100m rise edge)
                                                      0.000     0.000 r  
                                                      0.000     0.000 r  clk_300mhz (IN)
                         net (fo=0)                   0.000     0.000    clk_300mhz_IBUF_inst/I
                         INBUF (Prop_INBUF_PAD_O)     0.721     0.721 r  clk_300mhz_IBUF_inst/INBUF_INST/O
                         net (fo=1, unplaced)         0.000     0.721    clk_300mhz_IBUF_inst/OUT
                         IBUFCTRL (Prop_IBUFCTRL_I_O)
                                                      0.000     0.721 r  clk_300mhz_IBUF_inst/IBUFCTRL_INST/O
                         net (fo=1, unplaced)         1.524     2.245    clk_300mhz_IBUF
                         MMCME4_ADV (Prop_MMCME4_ADV_CLKIN1_CLKOUT0)
                                                     -0.079     2.166 r  u_mmcm/CLKOUT0
                         net (fo=1, unplaced)         0.155     2.321    clk_100m
                         BUFGCE (Prop_BUFGCE_I_O)     0.026     2.347 r  u_bufg/O
                         net (fo=5953, unplaced)      1.259     3.606    u_soc/u_riscv_core/u_rf/register_reg_r1_0_31_0_13/WCLK
                         RAMD32                                       r  u_soc/u_riscv_core/u_rf/register_reg_r1_0_31_0_13/RAMA/CLK
                         clock pessimism             -0.177     3.428    
                         RAMD32 (Hold_RAMD32_CLK_WADR3)
                                                      0.090     3.518    u_soc/u_riscv_core/u_rf/register_reg_r1_0_31_0_13/RAMA
  -------------------------------------------------------------------
                         required time                         -3.518    
                         arrival time                           3.452    
  -------------------------------------------------------------------
                         slack                                 -0.066    





Pulse Width Checks
--------------------------------------------------------------------------------------
Clock Name:         clk_100m
Waveform(ns):       { 0.000 4.999 }
Period(ns):         9.999
Sources:            { u_mmcm/CLKOUT0 }

Check Type        Corner  Lib Pin             Reference Pin  Required(ns)  Actual(ns)  Slack(ns)  Location  Pin
Min Period        n/a     RAMB36E2/CLKARDCLK  n/a            1.960         9.999       8.039                u_bram/mem0_reg_bram_0/CLKARDCLK
Low Pulse Width   Slow    RAMD64E/CLK         n/a            0.762         4.999       4.237                u_soc/u_cache_subsystem/u_dcache/cache_data_reg_0_63_0_6/RAMA/CLK
High Pulse Width  Slow    RAMD64E/CLK         n/a            0.762         5.000       4.238                u_soc/u_cache_subsystem/u_dcache/cache_data_reg_0_63_0_6/RAMA/CLK



---------------------------------------------------------------------------------------------------
Path Group:  **async_default**
From Clock:  clk_100m
  To Clock:  clk_100m

Setup :            0  Failing Endpoints,  Worst Slack        8.994ns,  Total Violation        0.000ns
Hold  :            0  Failing Endpoints,  Worst Slack        0.200ns,  Total Violation        0.000ns
---------------------------------------------------------------------------------------------------


Max Delay Paths
--------------------------------------------------------------------------------------
Slack (MET) :             8.994ns  (required time - arrival time)
  Source:                 rst_sync_1_reg/C
                            (rising edge-triggered cell FDCE clocked by clk_100m  {rise@0.000ns fall@4.999ns period=9.999ns})
  Destination:            u_bram/FSM_onehot_rd_state_reg[0]/CLR
                            (recovery check against rising-edge clock clk_100m  {rise@0.000ns fall@4.999ns period=9.999ns})
  Path Group:             **async_default**
  Path Type:              Recovery (Max at Slow Process Corner)
  Requirement:            9.999ns  (clk_100m rise@9.999ns - clk_100m rise@0.000ns)
  Data Path Delay:        0.705ns  (logic 0.172ns (24.397%)  route 0.533ns (75.603%))
  Logic Levels:           1  (LUT1=1)
  Clock Path Skew:        -0.145ns (DCD - SCD + CPR)
    Destination Clock Delay (DCD):    5.703ns = ( 15.702 - 9.999 ) 
    Source Clock Delay      (SCD):    6.197ns
    Clock Pessimism Removal (CPR):    0.348ns
  Clock Uncertainty:      0.062ns  ((TSJ^2 + DJ^2)^1/2) / 2 + PE
    Total System Jitter     (TSJ):    0.071ns
    Discrete Jitter          (DJ):    0.101ns
    Phase Error              (PE):    0.000ns

    Location             Delay type                Incr(ns)  Path(ns)    Netlist Resource(s)
  -------------------------------------------------------------------    -------------------
                         (clock clk_100m rise edge)
                                                      0.000     0.000 r  
                                                      0.000     0.000 r  clk_300mhz (IN)
                         net (fo=0)                   0.000     0.000    clk_300mhz_IBUF_inst/I
                         INBUF (Prop_INBUF_PAD_O)     1.026     1.026 r  clk_300mhz_IBUF_inst/INBUF_INST/O
                         net (fo=1, unplaced)         0.000     1.026    clk_300mhz_IBUF_inst/OUT
                         IBUFCTRL (Prop_IBUFCTRL_I_O)
                                                      0.000     1.026 r  clk_300mhz_IBUF_inst/IBUFCTRL_INST/O
                         net (fo=1, unplaced)         2.375     3.401    clk_300mhz_IBUF
                         MMCME4_ADV (Prop_MMCME4_ADV_CLKIN1_CLKOUT0)
                                                     -0.103     3.298 r  u_mmcm/CLKOUT0
                         net (fo=1, unplaced)         0.271     3.569    clk_100m
                         BUFGCE (Prop_BUFGCE_I_O)     0.044     3.613 r  u_bufg/O
                         net (fo=5953, unplaced)      2.584     6.197    clk_buf
                         FDCE                                         r  rst_sync_1_reg/C
  -------------------------------------------------------------------    -------------------
                         FDCE (Prop_FDCE_C_Q)         0.114     6.311 r  rst_sync_1_reg/Q
                         net (fo=1, unplaced)         0.154     6.465    u_soc/u_riscv_core/u_dbp/rst_sync_1
                         LUT1 (Prop_LUT1_I0_O)        0.058     6.523 f  u_soc/u_riscv_core/u_dbp/mispredict_r_i_2/O
                         net (fo=2558, unplaced)      0.379     6.902    u_bram/FSM_onehot_rd_state_reg[2]_1
                         FDCE                                         f  u_bram/FSM_onehot_rd_state_reg[0]/CLR
  -------------------------------------------------------------------    -------------------

                         (clock clk_100m rise edge)
                                                      9.999     9.999 r  
                                                      0.000     9.999 r  clk_300mhz (IN)
                         net (fo=0)                   0.000     9.999    clk_300mhz_IBUF_inst/I
                         INBUF (Prop_INBUF_PAD_O)     0.518    10.517 r  clk_300mhz_IBUF_inst/INBUF_INST/O
                         net (fo=1, unplaced)         0.000    10.517    clk_300mhz_IBUF_inst/OUT
                         IBUFCTRL (Prop_IBUFCTRL_I_O)
                                                      0.000    10.517 r  clk_300mhz_IBUF_inst/IBUFCTRL_INST/O
                         net (fo=1, unplaced)         1.724    12.241    clk_300mhz_IBUF
                         MMCME4_ADV (Prop_MMCME4_ADV_CLKIN1_CLKOUT0)
                                                      0.739    12.980 r  u_mmcm/CLKOUT0
                         net (fo=1, unplaced)         0.244    13.224    clk_100m
                         BUFGCE (Prop_BUFGCE_I_O)     0.039    13.263 r  u_bufg/O
                         net (fo=5953, unplaced)      2.439    15.702    u_bram/clk_buf
                         FDCE                                         r  u_bram/FSM_onehot_rd_state_reg[0]/C
                         clock pessimism              0.348    16.051    
                         clock uncertainty           -0.062    15.989    
                         FDCE (Recov_FDCE_C_CLR)     -0.093    15.896    u_bram/FSM_onehot_rd_state_reg[0]
  -------------------------------------------------------------------
                         required time                         15.896    
                         arrival time                          -6.902    
  -------------------------------------------------------------------
                         slack                                  8.994    





Min Delay Paths
--------------------------------------------------------------------------------------
Slack (MET) :             0.200ns  (arrival time - required time)
  Source:                 rst_sync_1_reg/C
                            (rising edge-triggered cell FDCE clocked by clk_100m  {rise@0.000ns fall@4.999ns period=9.999ns})
  Destination:            u_bram/FSM_onehot_rd_state_reg[0]/CLR
                            (removal check against rising-edge clock clk_100m  {rise@0.000ns fall@4.999ns period=9.999ns})
  Path Group:             **async_default**
  Path Type:              Removal (Min at Fast Process Corner)
  Requirement:            0.000ns  (clk_100m rise@0.000ns - clk_100m rise@0.000ns)
  Data Path Delay:        0.327ns  (logic 0.105ns (32.110%)  route 0.222ns (67.890%))
  Logic Levels:           1  (LUT1=1)
  Clock Path Skew:        0.145ns (DCD - SCD - CPR)
    Destination Clock Delay (DCD):    3.606ns
    Source Clock Delay      (SCD):    3.283ns
    Clock Pessimism Removal (CPR):    0.177ns

    Location             Delay type                Incr(ns)  Path(ns)    Netlist Resource(s)
  -------------------------------------------------------------------    -------------------
                         (clock clk_100m rise edge)
                                                      0.000     0.000 r  
                                                      0.000     0.000 r  clk_300mhz (IN)
                         net (fo=0)                   0.000     0.000    clk_300mhz_IBUF_inst/I
                         INBUF (Prop_INBUF_PAD_O)     0.449     0.449 r  clk_300mhz_IBUF_inst/INBUF_INST/O
                         net (fo=1, unplaced)         0.000     0.449    clk_300mhz_IBUF_inst/OUT
                         IBUFCTRL (Prop_IBUFCTRL_I_O)
                                                      0.000     0.449 r  clk_300mhz_IBUF_inst/IBUFCTRL_INST/O
                         net (fo=1, unplaced)         0.992     1.441    clk_300mhz_IBUF
                         MMCME4_ADV (Prop_MMCME4_ADV_CLKIN1_CLKOUT0)
                                                      0.566     2.007 r  u_mmcm/CLKOUT0
                         net (fo=1, unplaced)         0.139     2.146    clk_100m
                         BUFGCE (Prop_BUFGCE_I_O)     0.023     2.169 r  u_bufg/O
                         net (fo=5953, unplaced)      1.114     3.283    clk_buf
                         FDCE                                         r  rst_sync_1_reg/C
  -------------------------------------------------------------------    -------------------
                         FDCE (Prop_FDCE_C_Q)         0.084     3.367 r  rst_sync_1_reg/Q
                         net (fo=1, unplaced)         0.068     3.435    u_soc/u_riscv_core/u_dbp/rst_sync_1
                         LUT1 (Prop_LUT1_I0_O)        0.021     3.456 f  u_soc/u_riscv_core/u_dbp/mispredict_r_i_2/O
                         net (fo=2558, unplaced)      0.154     3.610    u_bram/FSM_onehot_rd_state_reg[2]_1
                         FDCE                                         f  u_bram/FSM_onehot_rd_state_reg[0]/CLR
  -------------------------------------------------------------------    -------------------

                         (clock clk_100m rise edge)
                                                      0.000     0.000 r  
                                                      0.000     0.000 r  clk_300mhz (IN)
                         net (fo=0)                   0.000     0.000    clk_300mhz_IBUF_inst/I
                         INBUF (Prop_INBUF_PAD_O)     0.721     0.721 r  clk_300mhz_IBUF_inst/INBUF_INST/O
                         net (fo=1, unplaced)         0.000     0.721    clk_300mhz_IBUF_inst/OUT
                         IBUFCTRL (Prop_IBUFCTRL_I_O)
                                                      0.000     0.721 r  clk_300mhz_IBUF_inst/IBUFCTRL_INST/O
                         net (fo=1, unplaced)         1.524     2.245    clk_300mhz_IBUF
                         MMCME4_ADV (Prop_MMCME4_ADV_CLKIN1_CLKOUT0)
                                                     -0.079     2.166 r  u_mmcm/CLKOUT0
                         net (fo=1, unplaced)         0.155     2.321    clk_100m
                         BUFGCE (Prop_BUFGCE_I_O)     0.026     2.347 r  u_bufg/O
                         net (fo=5953, unplaced)      1.259     3.606    u_bram/clk_buf
                         FDCE                                         r  u_bram/FSM_onehot_rd_state_reg[0]/C
                         clock pessimism             -0.177     3.428    
                         FDCE (Remov_FDCE_C_CLR)     -0.018     3.410    u_bram/FSM_onehot_rd_state_reg[0]
  -------------------------------------------------------------------
                         required time                         -3.410    
                         arrival time                           3.610    
  -------------------------------------------------------------------
                         slack                                  0.200    





