INFO: [VRFC 10-2263] Analyzing SystemVerilog file "/home/quocviet/Project/Advanced-RISC-V-32-bit-SoC/rtl/cpu/core/cpu_pkg.sv" into library xil_defaultlib
INFO: [VRFC 10-2263] Analyzing SystemVerilog file "/home/quocviet/Project/Advanced-RISC-V-32-bit-SoC/rtl/cpu/core/alu.sv" into library xil_defaultlib
INFO: [VRFC 10-311] analyzing module alu
INFO: [VRFC 10-2263] Analyzing SystemVerilog file "/home/quocviet/Project/Advanced-RISC-V-32-bit-SoC/rtl/cpu/core/alu_operand_mux.sv" into library xil_defaultlib
INFO: [VRFC 10-311] analyzing module alu_operand_mux
INFO: [VRFC 10-2263] Analyzing SystemVerilog file "/home/quocviet/Project/Advanced-RISC-V-32-bit-SoC/rtl/cpu/cache/axi_pkg.sv" into library xil_defaultlib
INFO: [VRFC 10-2263] Analyzing SystemVerilog file "/home/quocviet/Project/Advanced-RISC-V-32-bit-SoC/rtl/cpu/core/bru.sv" into library xil_defaultlib
INFO: [VRFC 10-311] analyzing module bru
INFO: [VRFC 10-2263] Analyzing SystemVerilog file "/home/quocviet/Project/Advanced-RISC-V-32-bit-SoC/rtl/cpu/cache/cache_pkg.sv" into library xil_defaultlib
INFO: [VRFC 10-2263] Analyzing SystemVerilog file "/home/quocviet/Project/Advanced-RISC-V-32-bit-SoC/rtl/cpu/cache/bus_arbiter.sv" into library xil_defaultlib
INFO: [VRFC 10-311] analyzing module bus_arbiter
INFO: [VRFC 10-2263] Analyzing SystemVerilog file "/home/quocviet/Project/Advanced-RISC-V-32-bit-SoC/rtl/cpu/cache/cache_subsystem.sv" into library xil_defaultlib
INFO: [VRFC 10-311] analyzing module cache_subsystem
INFO: [VRFC 10-2263] Analyzing SystemVerilog file "/home/quocviet/Project/Advanced-RISC-V-32-bit-SoC/rtl/cpu/core/cu.sv" into library xil_defaultlib
INFO: [VRFC 10-311] analyzing module cu
INFO: [VRFC 10-2263] Analyzing SystemVerilog file "/home/quocviet/Project/Advanced-RISC-V-32-bit-SoC/rtl/cpu/core/dbp.sv" into library xil_defaultlib
INFO: [VRFC 10-311] analyzing module dbp
INFO: [VRFC 10-2263] Analyzing SystemVerilog file "/home/quocviet/Project/Advanced-RISC-V-32-bit-SoC/rtl/cpu/cache/dcache.sv" into library xil_defaultlib
INFO: [VRFC 10-311] analyzing module dcache
INFO: [VRFC 10-2263] Analyzing SystemVerilog file "/home/quocviet/Project/Advanced-RISC-V-32-bit-SoC/rtl/cpu/core/ex_mem_pipeline.sv" into library xil_defaultlib
INFO: [VRFC 10-311] analyzing module ex_mem_pipeline
INFO: [VRFC 10-2263] Analyzing SystemVerilog file "/home/quocviet/Project/Advanced-RISC-V-32-bit-SoC/rtl/cpu/core/fcu.sv" into library xil_defaultlib
INFO: [VRFC 10-311] analyzing module fcu
INFO: [VRFC 10-2263] Analyzing SystemVerilog file "/home/quocviet/Project/Advanced-RISC-V-32-bit-SoC/rtl/cpu/core/fu.sv" into library xil_defaultlib
INFO: [VRFC 10-311] analyzing module fu
INFO: [VRFC 10-2263] Analyzing SystemVerilog file "/home/quocviet/Project/Advanced-RISC-V-32-bit-SoC/rtl/cpu/core/hdu.sv" into library xil_defaultlib
INFO: [VRFC 10-311] analyzing module hdu
INFO: [VRFC 10-2263] Analyzing SystemVerilog file "/home/quocviet/Project/Advanced-RISC-V-32-bit-SoC/rtl/cpu/cache/icache.sv" into library xil_defaultlib
INFO: [VRFC 10-311] analyzing module icache
INFO: [VRFC 10-2263] Analyzing SystemVerilog file "/home/quocviet/Project/Advanced-RISC-V-32-bit-SoC/rtl/cpu/core/id_ex_pipeline.sv" into library xil_defaultlib
INFO: [VRFC 10-311] analyzing module id_ex_pipeline
INFO: [VRFC 10-2263] Analyzing SystemVerilog file "/home/quocviet/Project/Advanced-RISC-V-32-bit-SoC/rtl/cpu/core/if_id_pipeline.sv" into library xil_defaultlib
INFO: [VRFC 10-311] analyzing module if_id_pipeline
INFO: [VRFC 10-2263] Analyzing SystemVerilog file "/home/quocviet/Project/Advanced-RISC-V-32-bit-SoC/rtl/cpu/core/immgen.sv" into library xil_defaultlib
INFO: [VRFC 10-311] analyzing module immgen
INFO: [VRFC 10-2263] Analyzing SystemVerilog file "/home/quocviet/Project/Advanced-RISC-V-32-bit-SoC/rtl/cpu/core/lsu.sv" into library xil_defaultlib
INFO: [VRFC 10-311] analyzing module lsu
INFO: [VRFC 10-2263] Analyzing SystemVerilog file "/home/quocviet/Project/Advanced-RISC-V-32-bit-SoC/rtl/cpu/core/mem_wb_pipeline.sv" into library xil_defaultlib
INFO: [VRFC 10-311] analyzing module mem_wb_pipeline
INFO: [VRFC 10-2263] Analyzing SystemVerilog file "/home/quocviet/Project/Advanced-RISC-V-32-bit-SoC/rtl/cpu/core/rf.sv" into library xil_defaultlib
INFO: [VRFC 10-311] analyzing module rf
INFO: [VRFC 10-2263] Analyzing SystemVerilog file "/home/quocviet/Project/Advanced-RISC-V-32-bit-SoC/rtl/cpu/core/riscv_core.sv" into library xil_defaultlib
INFO: [VRFC 10-311] analyzing module riscv_core
INFO: [VRFC 10-2263] Analyzing SystemVerilog file "/home/quocviet/Project/Advanced-RISC-V-32-bit-SoC/rtl/cpu/core/wb.sv" into library xil_defaultlib
INFO: [VRFC 10-311] analyzing module wb
INFO: [VRFC 10-2263] Analyzing SystemVerilog file "/home/quocviet/Project/Advanced-RISC-V-32-bit-SoC/rtl/cpu/cache/write_buffer.sv" into library xil_defaultlib
INFO: [VRFC 10-311] analyzing module write_buffer
INFO: [VRFC 10-2263] Analyzing SystemVerilog file "/home/quocviet/Project/Advanced-RISC-V-32-bit-SoC/rtl/cpu/riscv_soc.sv" into library xil_defaultlib
INFO: [VRFC 10-311] analyzing module riscv_soc
INFO: [VRFC 10-2263] Analyzing SystemVerilog file "/home/quocviet/Project/Advanced-RISC-V-32-bit-SoC/tb/direct_test/dbp_tb.sv" into library xil_defaultlib
INFO: [VRFC 10-311] analyzing module dbp_tb
INFO: [VRFC 10-2263] Analyzing SystemVerilog file "/home/quocviet/Project/Advanced-RISC-V-32-bit-SoC/tb/direct_test/CPU_RISC_V_tb.sv" into library xil_defaultlib
INFO: [VRFC 10-311] analyzing module CPU_RISC_V_tb
INFO: [VRFC 10-2263] Analyzing SystemVerilog file "/home/quocviet/Project/Advanced-RISC-V-32-bit-SoC/tb/direct_test/jal_prologue_tb.sv" into library xil_defaultlib
INFO: [VRFC 10-311] analyzing module jal_prologue_tb
INFO: [VRFC 10-2263] Analyzing SystemVerilog file "/home/quocviet/Project/Advanced-RISC-V-32-bit-SoC/tb/direct_test/jal_minimal_tb.sv" into library xil_defaultlib
INFO: [VRFC 10-311] analyzing module jal_minimal_tb
INFO: [VRFC 10-2263] Analyzing SystemVerilog file "/home/quocviet/Project/Advanced-RISC-V-32-bit-SoC/tb/direct_test/lsu_tb.sv" into library xil_defaultlib
INFO: [VRFC 10-311] analyzing module lsu_tb
INFO: [VRFC 10-2263] Analyzing SystemVerilog file "/home/quocviet/Project/Advanced-RISC-V-32-bit-SoC/tb/direct_test/fcu_tb.sv" into library xil_defaultlib
INFO: [VRFC 10-311] analyzing module fcu_tb
INFO: [VRFC 10-2263] Analyzing SystemVerilog file "/home/quocviet/Project/Advanced-RISC-V-32-bit-SoC/tb/direct_test/immgen_tb.sv" into library xil_defaultlib
INFO: [VRFC 10-311] analyzing module immgen_tb
INFO: [VRFC 10-2263] Analyzing SystemVerilog file "/home/quocviet/Project/Advanced-RISC-V-32-bit-SoC/tb/direct_test/fu_tb.sv" into library xil_defaultlib
INFO: [VRFC 10-311] analyzing module fu_tb
INFO: [VRFC 10-2263] Analyzing SystemVerilog file "/home/quocviet/Project/Advanced-RISC-V-32-bit-SoC/tb/direct_test/rf_tb.sv" into library xil_defaultlib
INFO: [VRFC 10-311] analyzing module rf_tb
INFO: [VRFC 10-2263] Analyzing SystemVerilog file "/home/quocviet/Project/Advanced-RISC-V-32-bit-SoC/tb/direct_test/bypass_fwd_tb.sv" into library xil_defaultlib
INFO: [VRFC 10-311] analyzing module bypass_fwd_tb
INFO: [VRFC 10-2263] Analyzing SystemVerilog file "/home/quocviet/Project/Advanced-RISC-V-32-bit-SoC/tb/direct_test/hdu_tb.sv" into library xil_defaultlib
INFO: [VRFC 10-311] analyzing module hdu_tb
INFO: [VRFC 10-2263] Analyzing SystemVerilog file "/home/quocviet/Project/Advanced-RISC-V-32-bit-SoC/tb/direct_test/bru_tb.sv" into library xil_defaultlib
INFO: [VRFC 10-311] analyzing module bru_tb
INFO: [VRFC 10-2263] Analyzing SystemVerilog file "/home/quocviet/Project/Advanced-RISC-V-32-bit-SoC/tb/direct_test/alu_tb.sv" into library xil_defaultlib
INFO: [VRFC 10-311] analyzing module alu_tb
INFO: [VRFC 10-2263] Analyzing SystemVerilog file "/home/quocviet/Project/Advanced-RISC-V-32-bit-SoC/tb/direct_test/cu_tb.sv" into library xil_defaultlib
INFO: [VRFC 10-311] analyzing module cu_tb
INFO: [VRFC 10-2263] Analyzing SystemVerilog file "/home/quocviet/Project/Advanced-RISC-V-32-bit-SoC/tb/riscv_test/rv32ui_tb.sv" into library xil_defaultlib
INFO: [VRFC 10-311] analyzing module rv32ui_tb
INFO: [VRFC 10-2263] Analyzing SystemVerilog file "/home/quocviet/Project/Advanced-RISC-V-32-bit-SoC/tb/direct_test/cache_subsystem_tb.sv" into library xil_defaultlib
INFO: [VRFC 10-311] analyzing module cache_subsystem_tb
INFO: [VRFC 10-2263] Analyzing SystemVerilog file "/home/quocviet/Project/Advanced-RISC-V-32-bit-SoC/tb/direct_test/axi_slave_model.sv" into library xil_defaultlib
INFO: [VRFC 10-311] analyzing module axi_slave_model
INFO: [VRFC 10-2263] Analyzing SystemVerilog file "/home/quocviet/Project/Advanced-RISC-V-32-bit-SoC/tb/direct_test/riscv_soc_tb.sv" into library xil_defaultlib
INFO: [VRFC 10-311] analyzing module riscv_soc_tb
INFO: [VRFC 10-2263] Analyzing Verilog file "/home/quocviet/Project/Advanced-RISC-V-32-bit-SoC/work/Advanced-RISC-V-32-bit-SoC.sim/sim_1/behav/xsim/glbl.v" into library xil_defaultlib
INFO: [VRFC 10-311] analyzing module glbl
