
*** Running vivado
    with args -log design_1_wrapper.vds -m64 -product Vivado -mode batch -messageDb vivado.pb -notrace -source design_1_wrapper.tcl


****** Vivado v2025.2 (64-bit)
  **** SW Build 6299465 on Fri Nov 14 12:34:56 MST 2025
  **** IP Build 6300035 on Fri Nov 14 10:48:45 MST 2025
  **** SharedData Build 6298862 on Thu Nov 13 04:50:51 MST 2025
  **** Start of session at: Tue Jun  9 17:20:50 2026
    ** Copyright 1986-2022 Xilinx, Inc. All Rights Reserved.
    ** Copyright 2022-2025 Advanced Micro Devices, Inc. All Rights Reserved.

source design_1_wrapper.tcl -notrace
INFO: [IP_Flow 19-234] Refreshing IP repositories
INFO: [IP_Flow 19-1704] No user IP repositories specified
INFO: [IP_Flow 19-2313] Loaded Vivado IP repository '/home/quocviet/Data/Vivado/2025.2/data/ip'.
Command: read_checkpoint -auto_incremental -incremental /home/quocviet/Project/Advanced-RISC-V-32-bit-SoC/work/fpga_demo/fpga_demo.srcs/utils_1/imports/synth_1/design_1_wrapper.dcp
INFO: [Vivado 12-5825] Read reference checkpoint from /home/quocviet/Project/Advanced-RISC-V-32-bit-SoC/work/fpga_demo/fpga_demo.srcs/utils_1/imports/synth_1/design_1_wrapper.dcp for incremental synthesis
INFO: [Vivado 12-7989] Please ensure there are no constraint changes
Command: synth_design -top design_1_wrapper -part xck26-sfvc784-2LV-c -debug_log
Starting synth_design
Attempting to get a license for feature 'Synthesis' and/or device 'xck26'
INFO: [Common 17-349] Got license for feature 'Synthesis' and/or device 'xck26'
INFO: [Device 21-403] Loading part xck26-sfvc784-2LV-c
INFO: [Designutils 20-5440] No compile time benefit to using incremental synthesis; A full resynthesis will be run
INFO: [Designutils 20-4379] Flow is switching to default flow due to incremental criteria not met. If you would like to alter this behaviour and have the flow terminate instead, please set the following parameter config_implementation {autoIncr.Synth.RejectBehavior Terminate}
INFO: [Synth 8-7079] Multithreading enabled for synth_design using a maximum of 7 processes.
INFO: [Synth 8-7078] Launching helper process for spawning children vivado processes
INFO: [Synth 8-7075] Helper process launched with PID 770066
---------------------------------------------------------------------------------
Starting RTL Elaboration : Time (s): cpu = 00:00:03 ; elapsed = 00:00:03 . Memory (MB): peak = 2752.621 ; gain = 142.688 ; free physical = 12995 ; free virtual = 44693
---------------------------------------------------------------------------------
INFO: [Synth 8-6157] synthesizing module 'design_1_wrapper' [/home/quocviet/Project/Advanced-RISC-V-32-bit-SoC/work/fpga_demo/fpga_demo.gen/sources_1/bd/design_1/hdl/design_1_wrapper.v:13]
INFO: [Synth 8-6157] synthesizing module 'design_1' [/home/quocviet/Project/Advanced-RISC-V-32-bit-SoC/work/fpga_demo/fpga_demo.gen/sources_1/bd/design_1/synth/design_1.v:13]
INFO: [Synth 8-6157] synthesizing module 'design_1_fpga_top_wrapper_0_0' [/home/quocviet/Project/Advanced-RISC-V-32-bit-SoC/work/fpga_demo/fpga_demo.runs/synth_1/.Xil/Vivado-769984-quocviet-workstation/realtime/design_1_fpga_top_wrapper_0_0_stub.v:6]
INFO: [Synth 8-6155] done synthesizing module 'design_1_fpga_top_wrapper_0_0' (0#1) [/home/quocviet/Project/Advanced-RISC-V-32-bit-SoC/work/fpga_demo/fpga_demo.runs/synth_1/.Xil/Vivado-769984-quocviet-workstation/realtime/design_1_fpga_top_wrapper_0_0_stub.v:6]
INFO: [Synth 8-6157] synthesizing module 'design_1_zynq_ultra_ps_e_0_0' [/home/quocviet/Project/Advanced-RISC-V-32-bit-SoC/work/fpga_demo/fpga_demo.runs/synth_1/.Xil/Vivado-769984-quocviet-workstation/realtime/design_1_zynq_ultra_ps_e_0_0_stub.v:6]
INFO: [Synth 8-6155] done synthesizing module 'design_1_zynq_ultra_ps_e_0_0' (0#1) [/home/quocviet/Project/Advanced-RISC-V-32-bit-SoC/work/fpga_demo/fpga_demo.runs/synth_1/.Xil/Vivado-769984-quocviet-workstation/realtime/design_1_zynq_ultra_ps_e_0_0_stub.v:6]
WARNING: [Synth 8-7071] port 'maxigp2_awid' of module 'design_1_zynq_ultra_ps_e_0_0' is unconnected for instance 'zynq_ultra_ps_e_0' [/home/quocviet/Project/Advanced-RISC-V-32-bit-SoC/work/fpga_demo/fpga_demo.gen/sources_1/bd/design_1/synth/design_1.v:26]
WARNING: [Synth 8-7071] port 'maxigp2_awaddr' of module 'design_1_zynq_ultra_ps_e_0_0' is unconnected for instance 'zynq_ultra_ps_e_0' [/home/quocviet/Project/Advanced-RISC-V-32-bit-SoC/work/fpga_demo/fpga_demo.gen/sources_1/bd/design_1/synth/design_1.v:26]
WARNING: [Synth 8-7071] port 'maxigp2_awlen' of module 'design_1_zynq_ultra_ps_e_0_0' is unconnected for instance 'zynq_ultra_ps_e_0' [/home/quocviet/Project/Advanced-RISC-V-32-bit-SoC/work/fpga_demo/fpga_demo.gen/sources_1/bd/design_1/synth/design_1.v:26]
WARNING: [Synth 8-7071] port 'maxigp2_awsize' of module 'design_1_zynq_ultra_ps_e_0_0' is unconnected for instance 'zynq_ultra_ps_e_0' [/home/quocviet/Project/Advanced-RISC-V-32-bit-SoC/work/fpga_demo/fpga_demo.gen/sources_1/bd/design_1/synth/design_1.v:26]
WARNING: [Synth 8-7071] port 'maxigp2_awburst' of module 'design_1_zynq_ultra_ps_e_0_0' is unconnected for instance 'zynq_ultra_ps_e_0' [/home/quocviet/Project/Advanced-RISC-V-32-bit-SoC/work/fpga_demo/fpga_demo.gen/sources_1/bd/design_1/synth/design_1.v:26]
WARNING: [Synth 8-7071] port 'maxigp2_awlock' of module 'design_1_zynq_ultra_ps_e_0_0' is unconnected for instance 'zynq_ultra_ps_e_0' [/home/quocviet/Project/Advanced-RISC-V-32-bit-SoC/work/fpga_demo/fpga_demo.gen/sources_1/bd/design_1/synth/design_1.v:26]
WARNING: [Synth 8-7071] port 'maxigp2_awcache' of module 'design_1_zynq_ultra_ps_e_0_0' is unconnected for instance 'zynq_ultra_ps_e_0' [/home/quocviet/Project/Advanced-RISC-V-32-bit-SoC/work/fpga_demo/fpga_demo.gen/sources_1/bd/design_1/synth/design_1.v:26]
WARNING: [Synth 8-7071] port 'maxigp2_awprot' of module 'design_1_zynq_ultra_ps_e_0_0' is unconnected for instance 'zynq_ultra_ps_e_0' [/home/quocviet/Project/Advanced-RISC-V-32-bit-SoC/work/fpga_demo/fpga_demo.gen/sources_1/bd/design_1/synth/design_1.v:26]
WARNING: [Synth 8-7071] port 'maxigp2_awvalid' of module 'design_1_zynq_ultra_ps_e_0_0' is unconnected for instance 'zynq_ultra_ps_e_0' [/home/quocviet/Project/Advanced-RISC-V-32-bit-SoC/work/fpga_demo/fpga_demo.gen/sources_1/bd/design_1/synth/design_1.v:26]
WARNING: [Synth 8-7071] port 'maxigp2_awuser' of module 'design_1_zynq_ultra_ps_e_0_0' is unconnected for instance 'zynq_ultra_ps_e_0' [/home/quocviet/Project/Advanced-RISC-V-32-bit-SoC/work/fpga_demo/fpga_demo.gen/sources_1/bd/design_1/synth/design_1.v:26]
WARNING: [Synth 8-7071] port 'maxigp2_wdata' of module 'design_1_zynq_ultra_ps_e_0_0' is unconnected for instance 'zynq_ultra_ps_e_0' [/home/quocviet/Project/Advanced-RISC-V-32-bit-SoC/work/fpga_demo/fpga_demo.gen/sources_1/bd/design_1/synth/design_1.v:26]
WARNING: [Synth 8-7071] port 'maxigp2_wstrb' of module 'design_1_zynq_ultra_ps_e_0_0' is unconnected for instance 'zynq_ultra_ps_e_0' [/home/quocviet/Project/Advanced-RISC-V-32-bit-SoC/work/fpga_demo/fpga_demo.gen/sources_1/bd/design_1/synth/design_1.v:26]
WARNING: [Synth 8-7071] port 'maxigp2_wlast' of module 'design_1_zynq_ultra_ps_e_0_0' is unconnected for instance 'zynq_ultra_ps_e_0' [/home/quocviet/Project/Advanced-RISC-V-32-bit-SoC/work/fpga_demo/fpga_demo.gen/sources_1/bd/design_1/synth/design_1.v:26]
WARNING: [Synth 8-7071] port 'maxigp2_wvalid' of module 'design_1_zynq_ultra_ps_e_0_0' is unconnected for instance 'zynq_ultra_ps_e_0' [/home/quocviet/Project/Advanced-RISC-V-32-bit-SoC/work/fpga_demo/fpga_demo.gen/sources_1/bd/design_1/synth/design_1.v:26]
WARNING: [Synth 8-7071] port 'maxigp2_bready' of module 'design_1_zynq_ultra_ps_e_0_0' is unconnected for instance 'zynq_ultra_ps_e_0' [/home/quocviet/Project/Advanced-RISC-V-32-bit-SoC/work/fpga_demo/fpga_demo.gen/sources_1/bd/design_1/synth/design_1.v:26]
WARNING: [Synth 8-7071] port 'maxigp2_arid' of module 'design_1_zynq_ultra_ps_e_0_0' is unconnected for instance 'zynq_ultra_ps_e_0' [/home/quocviet/Project/Advanced-RISC-V-32-bit-SoC/work/fpga_demo/fpga_demo.gen/sources_1/bd/design_1/synth/design_1.v:26]
WARNING: [Synth 8-7071] port 'maxigp2_araddr' of module 'design_1_zynq_ultra_ps_e_0_0' is unconnected for instance 'zynq_ultra_ps_e_0' [/home/quocviet/Project/Advanced-RISC-V-32-bit-SoC/work/fpga_demo/fpga_demo.gen/sources_1/bd/design_1/synth/design_1.v:26]
WARNING: [Synth 8-7071] port 'maxigp2_arlen' of module 'design_1_zynq_ultra_ps_e_0_0' is unconnected for instance 'zynq_ultra_ps_e_0' [/home/quocviet/Project/Advanced-RISC-V-32-bit-SoC/work/fpga_demo/fpga_demo.gen/sources_1/bd/design_1/synth/design_1.v:26]
WARNING: [Synth 8-7071] port 'maxigp2_arsize' of module 'design_1_zynq_ultra_ps_e_0_0' is unconnected for instance 'zynq_ultra_ps_e_0' [/home/quocviet/Project/Advanced-RISC-V-32-bit-SoC/work/fpga_demo/fpga_demo.gen/sources_1/bd/design_1/synth/design_1.v:26]
WARNING: [Synth 8-7071] port 'maxigp2_arburst' of module 'design_1_zynq_ultra_ps_e_0_0' is unconnected for instance 'zynq_ultra_ps_e_0' [/home/quocviet/Project/Advanced-RISC-V-32-bit-SoC/work/fpga_demo/fpga_demo.gen/sources_1/bd/design_1/synth/design_1.v:26]
WARNING: [Synth 8-7071] port 'maxigp2_arlock' of module 'design_1_zynq_ultra_ps_e_0_0' is unconnected for instance 'zynq_ultra_ps_e_0' [/home/quocviet/Project/Advanced-RISC-V-32-bit-SoC/work/fpga_demo/fpga_demo.gen/sources_1/bd/design_1/synth/design_1.v:26]
WARNING: [Synth 8-7071] port 'maxigp2_arcache' of module 'design_1_zynq_ultra_ps_e_0_0' is unconnected for instance 'zynq_ultra_ps_e_0' [/home/quocviet/Project/Advanced-RISC-V-32-bit-SoC/work/fpga_demo/fpga_demo.gen/sources_1/bd/design_1/synth/design_1.v:26]
WARNING: [Synth 8-7071] port 'maxigp2_arprot' of module 'design_1_zynq_ultra_ps_e_0_0' is unconnected for instance 'zynq_ultra_ps_e_0' [/home/quocviet/Project/Advanced-RISC-V-32-bit-SoC/work/fpga_demo/fpga_demo.gen/sources_1/bd/design_1/synth/design_1.v:26]
WARNING: [Synth 8-7071] port 'maxigp2_arvalid' of module 'design_1_zynq_ultra_ps_e_0_0' is unconnected for instance 'zynq_ultra_ps_e_0' [/home/quocviet/Project/Advanced-RISC-V-32-bit-SoC/work/fpga_demo/fpga_demo.gen/sources_1/bd/design_1/synth/design_1.v:26]
WARNING: [Synth 8-7071] port 'maxigp2_aruser' of module 'design_1_zynq_ultra_ps_e_0_0' is unconnected for instance 'zynq_ultra_ps_e_0' [/home/quocviet/Project/Advanced-RISC-V-32-bit-SoC/work/fpga_demo/fpga_demo.gen/sources_1/bd/design_1/synth/design_1.v:26]
WARNING: [Synth 8-7071] port 'maxigp2_rready' of module 'design_1_zynq_ultra_ps_e_0_0' is unconnected for instance 'zynq_ultra_ps_e_0' [/home/quocviet/Project/Advanced-RISC-V-32-bit-SoC/work/fpga_demo/fpga_demo.gen/sources_1/bd/design_1/synth/design_1.v:26]
WARNING: [Synth 8-7071] port 'maxigp2_awqos' of module 'design_1_zynq_ultra_ps_e_0_0' is unconnected for instance 'zynq_ultra_ps_e_0' [/home/quocviet/Project/Advanced-RISC-V-32-bit-SoC/work/fpga_demo/fpga_demo.gen/sources_1/bd/design_1/synth/design_1.v:26]
WARNING: [Synth 8-7071] port 'maxigp2_arqos' of module 'design_1_zynq_ultra_ps_e_0_0' is unconnected for instance 'zynq_ultra_ps_e_0' [/home/quocviet/Project/Advanced-RISC-V-32-bit-SoC/work/fpga_demo/fpga_demo.gen/sources_1/bd/design_1/synth/design_1.v:26]
WARNING: [Synth 8-7023] instance 'zynq_ultra_ps_e_0' of module 'design_1_zynq_ultra_ps_e_0_0' has 42 connections declared, but only 14 given [/home/quocviet/Project/Advanced-RISC-V-32-bit-SoC/work/fpga_demo/fpga_demo.gen/sources_1/bd/design_1/synth/design_1.v:26]
INFO: [Synth 8-6155] done synthesizing module 'design_1' (0#1) [/home/quocviet/Project/Advanced-RISC-V-32-bit-SoC/work/fpga_demo/fpga_demo.gen/sources_1/bd/design_1/synth/design_1.v:13]
INFO: [Synth 8-6155] done synthesizing module 'design_1_wrapper' (0#1) [/home/quocviet/Project/Advanced-RISC-V-32-bit-SoC/work/fpga_demo/fpga_demo.gen/sources_1/bd/design_1/hdl/design_1_wrapper.v:13]
INFO: [Synth 8-7261] Parallel RTL Optimization Phase 1 criteria is not met
---------------------------------------------------------------------------------
Finished RTL Elaboration : Time (s): cpu = 00:00:04 ; elapsed = 00:00:04 . Memory (MB): peak = 2836.590 ; gain = 226.656 ; free physical = 12901 ; free virtual = 44600
---------------------------------------------------------------------------------

Report Check Netlist: 
+------+------------------+-------+---------+-------+------------------+
|      |Item              |Errors |Warnings |Status |Description       |
+------+------------------+-------+---------+-------+------------------+
|1     |multi_driven_nets |      0|        0|Passed |Multi driven nets |
+------+------------------+-------+---------+-------+------------------+
---------------------------------------------------------------------------------
Start Handling Custom Attributes
---------------------------------------------------------------------------------
---------------------------------------------------------------------------------
Finished Handling Custom Attributes : Time (s): cpu = 00:00:04 ; elapsed = 00:00:04 . Memory (MB): peak = 2836.590 ; gain = 226.656 ; free physical = 12901 ; free virtual = 44600
---------------------------------------------------------------------------------
---------------------------------------------------------------------------------
Finished RTL Optimization Phase 1 : Time (s): cpu = 00:00:04 ; elapsed = 00:00:04 . Memory (MB): peak = 2836.590 ; gain = 226.656 ; free physical = 12901 ; free virtual = 44600
---------------------------------------------------------------------------------
Netlist sorting complete. Time (s): cpu = 00:00:00 ; elapsed = 00:00:00 . Memory (MB): peak = 2836.590 ; gain = 0.000 ; free physical = 12901 ; free virtual = 44600
INFO: [Project 1-570] Preparing netlist for logic optimization

Processing XDC Constraints
Initializing timing engine
Parsing XDC File [/home/quocviet/Project/Advanced-RISC-V-32-bit-SoC/work/fpga_demo/fpga_demo.gen/sources_1/bd/design_1/ip/design_1_zynq_ultra_ps_e_0_0/design_1_zynq_ultra_ps_e_0_0/design_1_zynq_ultra_ps_e_0_0_in_context.xdc] for cell 'design_1_i/zynq_ultra_ps_e_0'
Finished Parsing XDC File [/home/quocviet/Project/Advanced-RISC-V-32-bit-SoC/work/fpga_demo/fpga_demo.gen/sources_1/bd/design_1/ip/design_1_zynq_ultra_ps_e_0_0/design_1_zynq_ultra_ps_e_0_0/design_1_zynq_ultra_ps_e_0_0_in_context.xdc] for cell 'design_1_i/zynq_ultra_ps_e_0'
Parsing XDC File [/home/quocviet/Project/Advanced-RISC-V-32-bit-SoC/work/fpga_demo/fpga_demo.gen/sources_1/bd/design_1/ip/design_1_fpga_top_wrapper_0_0/design_1_fpga_top_wrapper_0_0/design_1_fpga_top_wrapper_0_0_in_context.xdc] for cell 'design_1_i/fpga_top_wrapper_0'
Finished Parsing XDC File [/home/quocviet/Project/Advanced-RISC-V-32-bit-SoC/work/fpga_demo/fpga_demo.gen/sources_1/bd/design_1/ip/design_1_fpga_top_wrapper_0_0/design_1_fpga_top_wrapper_0_0/design_1_fpga_top_wrapper_0_0_in_context.xdc] for cell 'design_1_i/fpga_top_wrapper_0'
Parsing XDC File [/home/quocviet/Project/Advanced-RISC-V-32-bit-SoC/constrs/kv260.xdc]
Finished Parsing XDC File [/home/quocviet/Project/Advanced-RISC-V-32-bit-SoC/constrs/kv260.xdc]
INFO: [Project 1-236] Implementation specific constraints were found while reading constraint file [/home/quocviet/Project/Advanced-RISC-V-32-bit-SoC/constrs/kv260.xdc]. These constraints will be ignored for synthesis but will be used in implementation. Impacted constraints are listed in the file [.Xil/design_1_wrapper_propImpl.xdc].
Resolution: To avoid this warning, move constraints listed in [.Xil/design_1_wrapper_propImpl.xdc] to another XDC file and exclude this new file from synthesis with the used_in_synthesis property (File Properties dialog in GUI) and re-run elaboration/synthesis.
Parsing XDC File [/home/quocviet/Project/Advanced-RISC-V-32-bit-SoC/work/fpga_demo/fpga_demo.runs/synth_1/dont_touch.xdc]
Finished Parsing XDC File [/home/quocviet/Project/Advanced-RISC-V-32-bit-SoC/work/fpga_demo/fpga_demo.runs/synth_1/dont_touch.xdc]
Completed Processing XDC Constraints

Netlist sorting complete. Time (s): cpu = 00:00:00 ; elapsed = 00:00:00 . Memory (MB): peak = 2876.609 ; gain = 0.000 ; free physical = 12943 ; free virtual = 44642
INFO: [Project 1-111] Unisim Transformation Summary:
No Unisim elements were transformed.

Constraint Validation Runtime : Time (s): cpu = 00:00:00 ; elapsed = 00:00:00 . Memory (MB): peak = 2876.645 ; gain = 0.000 ; free physical = 12943 ; free virtual = 44642
INFO: [Designutils 20-5440] No compile time benefit to using incremental synthesis; A full resynthesis will be run
INFO: [Designutils 20-4379] Flow is switching to default flow due to incremental criteria not met. If you would like to alter this behaviour and have the flow terminate instead, please set the following parameter config_implementation {autoIncr.Synth.RejectBehavior Terminate}
---------------------------------------------------------------------------------
Finished Constraint Validation : Time (s): cpu = 00:00:11 ; elapsed = 00:00:11 . Memory (MB): peak = 2876.645 ; gain = 266.711 ; free physical = 12985 ; free virtual = 44684
---------------------------------------------------------------------------------
---------------------------------------------------------------------------------
Start Loading Part and Timing Information
---------------------------------------------------------------------------------
Loading part: xck26-sfvc784-2LV-c
INFO: [Synth 8-6742] Reading net delay rules and data
---------------------------------------------------------------------------------
Finished Loading Part and Timing Information : Time (s): cpu = 00:00:11 ; elapsed = 00:00:11 . Memory (MB): peak = 2884.613 ; gain = 274.680 ; free physical = 12985 ; free virtual = 44684
---------------------------------------------------------------------------------
---------------------------------------------------------------------------------
Start Applying 'set_property' XDC Constraints
---------------------------------------------------------------------------------
INFO: [Synth 8-12592] Applied set_property KEEP_HIERARCHY = SOFT for design_1_i. (constraint file /home/quocviet/Project/Advanced-RISC-V-32-bit-SoC/work/fpga_demo/fpga_demo.runs/synth_1/dont_touch.xdc, line 7).
INFO: [Synth 8-12592] Applied set_property KEEP_HIERARCHY = SOFT for design_1_i/zynq_ultra_ps_e_0. (constraint file /home/quocviet/Project/Advanced-RISC-V-32-bit-SoC/work/fpga_demo/fpga_demo.runs/synth_1/dont_touch.xdc, line 10).
INFO: [Synth 8-12592] Applied set_property KEEP_HIERARCHY = SOFT for design_1_i/fpga_top_wrapper_0. (constraint file /home/quocviet/Project/Advanced-RISC-V-32-bit-SoC/work/fpga_demo/fpga_demo.runs/synth_1/dont_touch.xdc, line 13).
---------------------------------------------------------------------------------
Finished applying 'set_property' XDC Constraints : Time (s): cpu = 00:00:11 ; elapsed = 00:00:11 . Memory (MB): peak = 2884.613 ; gain = 274.680 ; free physical = 12985 ; free virtual = 44684
---------------------------------------------------------------------------------
---------------------------------------------------------------------------------
Finished RTL Optimization Phase 2 : Time (s): cpu = 00:00:11 ; elapsed = 00:00:11 . Memory (MB): peak = 2884.613 ; gain = 274.680 ; free physical = 12983 ; free virtual = 44683
---------------------------------------------------------------------------------

Report RTL Partitions: 
+-+--------------+------------+----------+
| |RTL Partition |Replication |Instances |
+-+--------------+------------+----------+
+-+--------------+------------+----------+
---------------------------------------------------------------------------------
Start RTL Component Statistics 
---------------------------------------------------------------------------------
Detailed RTL Component Info : 
---------------------------------------------------------------------------------
Finished RTL Component Statistics 
---------------------------------------------------------------------------------
---------------------------------------------------------------------------------
Start RTL Hierarchical Component Statistics 
---------------------------------------------------------------------------------
Hierarchical RTL Component report 
---------------------------------------------------------------------------------
Finished RTL Hierarchical Component Statistics
---------------------------------------------------------------------------------
---------------------------------------------------------------------------------
Start Part Resource Summary
---------------------------------------------------------------------------------
Part Resources:
DSPs: 1248 (col length:96)
BRAMs: 288 (col length: RAMB18 96 RAMB36 48)
---------------------------------------------------------------------------------
Finished Part Resource Summary
---------------------------------------------------------------------------------
---------------------------------------------------------------------------------
Start Cross Boundary and Area Optimization
---------------------------------------------------------------------------------
INFO: [Synth 8-7080] Parallel synthesis criteria is not met
---------------------------------------------------------------------------------
Finished Cross Boundary and Area Optimization : Time (s): cpu = 00:00:12 ; elapsed = 00:00:12 . Memory (MB): peak = 2884.613 ; gain = 274.680 ; free physical = 12990 ; free virtual = 44694
---------------------------------------------------------------------------------

Report RTL Partitions: 
+-+--------------+------------+----------+
| |RTL Partition |Replication |Instances |
+-+--------------+------------+----------+
+-+--------------+------------+----------+
---------------------------------------------------------------------------------
Start Applying XDC Timing Constraints
---------------------------------------------------------------------------------
---------------------------------------------------------------------------------
Finished Applying XDC Timing Constraints : Time (s): cpu = 00:00:17 ; elapsed = 00:00:17 . Memory (MB): peak = 3542.043 ; gain = 932.109 ; free physical = 12429 ; free virtual = 44133
---------------------------------------------------------------------------------
---------------------------------------------------------------------------------
Start Timing Optimization
---------------------------------------------------------------------------------
---------------------------------------------------------------------------------
Finished Timing Optimization : Time (s): cpu = 00:00:17 ; elapsed = 00:00:17 . Memory (MB): peak = 3542.043 ; gain = 932.109 ; free physical = 12429 ; free virtual = 44133
---------------------------------------------------------------------------------

Report RTL Partitions: 
+-+--------------+------------+----------+
| |RTL Partition |Replication |Instances |
+-+--------------+------------+----------+
+-+--------------+------------+----------+
---------------------------------------------------------------------------------
Start Technology Mapping
---------------------------------------------------------------------------------
---------------------------------------------------------------------------------
Finished Technology Mapping : Time (s): cpu = 00:00:17 ; elapsed = 00:00:17 . Memory (MB): peak = 3551.059 ; gain = 941.125 ; free physical = 12421 ; free virtual = 44126
---------------------------------------------------------------------------------

Report RTL Partitions: 
+-+--------------+------------+----------+
| |RTL Partition |Replication |Instances |
+-+--------------+------------+----------+
+-+--------------+------------+----------+
---------------------------------------------------------------------------------
Start IO Insertion
---------------------------------------------------------------------------------
---------------------------------------------------------------------------------
Start Flattening Before IO Insertion
---------------------------------------------------------------------------------
---------------------------------------------------------------------------------
Finished Flattening Before IO Insertion
---------------------------------------------------------------------------------
---------------------------------------------------------------------------------
Start Final Netlist Cleanup
---------------------------------------------------------------------------------
---------------------------------------------------------------------------------
Finished Final Netlist Cleanup
---------------------------------------------------------------------------------
---------------------------------------------------------------------------------
Finished IO Insertion : Time (s): cpu = 00:00:19 ; elapsed = 00:00:19 . Memory (MB): peak = 3746.871 ; gain = 1136.938 ; free physical = 12261 ; free virtual = 43966
---------------------------------------------------------------------------------
---------------------------------------------------------------------------------
Start Renaming Generated Instances
---------------------------------------------------------------------------------
---------------------------------------------------------------------------------
Finished Renaming Generated Instances : Time (s): cpu = 00:00:19 ; elapsed = 00:00:19 . Memory (MB): peak = 3746.871 ; gain = 1136.938 ; free physical = 12261 ; free virtual = 43966
---------------------------------------------------------------------------------

Report RTL Partitions: 
+-+--------------+------------+----------+
| |RTL Partition |Replication |Instances |
+-+--------------+------------+----------+
+-+--------------+------------+----------+

Report Check Netlist: 
+------+------------------+-------+---------+-------+------------------+
|      |Item              |Errors |Warnings |Status |Description       |
+------+------------------+-------+---------+-------+------------------+
|1     |multi_driven_nets |      0|        0|Passed |Multi driven nets |
+------+------------------+-------+---------+-------+------------------+
---------------------------------------------------------------------------------
Start Rebuilding User Hierarchy
---------------------------------------------------------------------------------
---------------------------------------------------------------------------------
Finished Rebuilding User Hierarchy : Time (s): cpu = 00:00:19 ; elapsed = 00:00:19 . Memory (MB): peak = 3746.871 ; gain = 1136.938 ; free physical = 12261 ; free virtual = 43966
---------------------------------------------------------------------------------
---------------------------------------------------------------------------------
Start Renaming Generated Ports
---------------------------------------------------------------------------------
---------------------------------------------------------------------------------
Finished Renaming Generated Ports : Time (s): cpu = 00:00:19 ; elapsed = 00:00:19 . Memory (MB): peak = 3746.871 ; gain = 1136.938 ; free physical = 12261 ; free virtual = 43966
---------------------------------------------------------------------------------
---------------------------------------------------------------------------------
Start Handling Custom Attributes
---------------------------------------------------------------------------------
---------------------------------------------------------------------------------
Finished Handling Custom Attributes : Time (s): cpu = 00:00:19 ; elapsed = 00:00:19 . Memory (MB): peak = 3746.871 ; gain = 1136.938 ; free physical = 12261 ; free virtual = 43966
---------------------------------------------------------------------------------
---------------------------------------------------------------------------------
Start Renaming Generated Nets
---------------------------------------------------------------------------------
---------------------------------------------------------------------------------
Finished Renaming Generated Nets : Time (s): cpu = 00:00:19 ; elapsed = 00:00:19 . Memory (MB): peak = 3746.871 ; gain = 1136.938 ; free physical = 12261 ; free virtual = 43966
---------------------------------------------------------------------------------
---------------------------------------------------------------------------------
Start Writing Synthesis Report
---------------------------------------------------------------------------------

Report BlackBoxes: 
+------+------------------------------+----------+
|      |BlackBox name                 |Instances |
+------+------------------------------+----------+
|1     |design_1_fpga_top_wrapper_0_0 |         1|
|2     |design_1_zynq_ultra_ps_e_0_0  |         1|
+------+------------------------------+----------+

Report Cell Usage: 
+------+------------------------------+------+
|      |Cell                          |Count |
+------+------------------------------+------+
|1     |design_1_fpga_top_wrapper_0_0 |     1|
|2     |design_1_zynq_ultra_ps_e_0_0  |     1|
|3     |OBUF                          |     1|
+------+------------------------------+------+

Report Instance Areas: 
+------+-------------+---------+------+
|      |Instance     |Module   |Cells |
+------+-------------+---------+------+
|1     |top          |         |   240|
|2     |  design_1_i |design_1 |   239|
+------+-------------+---------+------+
---------------------------------------------------------------------------------
Finished Writing Synthesis Report : Time (s): cpu = 00:00:19 ; elapsed = 00:00:19 . Memory (MB): peak = 3746.871 ; gain = 1136.938 ; free physical = 12261 ; free virtual = 43966
---------------------------------------------------------------------------------
Synthesis finished with 0 errors, 0 critical warnings and 0 warnings.
Synthesis Optimization Runtime : Time (s): cpu = 00:00:15 ; elapsed = 00:00:15 . Memory (MB): peak = 3746.871 ; gain = 1096.883 ; free physical = 12262 ; free virtual = 43966
Synthesis Optimization Complete : Time (s): cpu = 00:00:19 ; elapsed = 00:00:19 . Memory (MB): peak = 3746.871 ; gain = 1136.938 ; free physical = 12262 ; free virtual = 43966
INFO: [Project 1-571] Translating synthesized netlist
Netlist sorting complete. Time (s): cpu = 00:00:00 ; elapsed = 00:00:00 . Memory (MB): peak = 3746.871 ; gain = 0.000 ; free physical = 12429 ; free virtual = 44133
INFO: [Project 1-570] Preparing netlist for logic optimization
INFO: [Opt 31-138] Pushed 0 inverter(s) to 0 load pin(s).
Netlist sorting complete. Time (s): cpu = 00:00:00.01 ; elapsed = 00:00:00 . Memory (MB): peak = 3746.871 ; gain = 0.000 ; free physical = 12432 ; free virtual = 44138
INFO: [Project 1-111] Unisim Transformation Summary:
No Unisim elements were transformed.

Synth Design complete | Checksum: 14c3a4df4
----- Checksum: Netlist: 89d95761 ShapeSum: c260f693 
INFO: [Common 17-83] Releasing license: Synthesis
36 Infos, 29 Warnings, 0 Critical Warnings and 0 Errors encountered.
synth_design completed successfully
synth_design: Time (s): cpu = 00:00:27 ; elapsed = 00:00:25 . Memory (MB): peak = 3746.871 ; gain = 2123.352 ; free physical = 12432 ; free virtual = 44138
INFO: [Common 17-2834] synth_design peak Physical Memory [PSS] (MB): overall = 2794.383; main = 2794.383; forked = 280.340
INFO: [Common 17-2834] synth_design peak Virtual Memory [VSS] (MB): overall = 3870.832; main = 3673.188; forked = 994.219
Write ShapeDB Complete: Time (s): cpu = 00:00:00 ; elapsed = 00:00:00 . Memory (MB): peak = 3746.871 ; gain = 0.000 ; free physical = 12432 ; free virtual = 44138
INFO: [Common 17-1381] The checkpoint '/home/quocviet/Project/Advanced-RISC-V-32-bit-SoC/work/fpga_demo/fpga_demo.runs/synth_1/design_1_wrapper.dcp' has been generated.
INFO: [Vivado 12-24828] Executing command : report_utilization -file design_1_wrapper_utilization_synth.rpt -pb design_1_wrapper_utilization_synth.pb
INFO: [Common 17-206] Exiting Vivado at Tue Jun  9 17:21:19 2026...
