
*** Running vivado
    with args -log fpga_top.vds -m64 -product Vivado -mode batch -messageDb vivado.pb -notrace -source fpga_top.tcl


****** Vivado v2025.2 (64-bit)
  **** SW Build 6299465 on Fri Nov 14 12:34:56 MST 2025
  **** IP Build 6300035 on Fri Nov 14 10:48:45 MST 2025
  **** SharedData Build 6298862 on Thu Nov 13 04:50:51 MST 2025
  **** Start of session at: Sat Jun 13 17:01:13 2026
    ** Copyright 1986-2022 Xilinx, Inc. All Rights Reserved.
    ** Copyright 2022-2025 Advanced Micro Devices, Inc. All Rights Reserved.

source fpga_top.tcl -notrace
Command: read_checkpoint -auto_incremental -incremental /home/quocviet/fpga_a7/fpga_a7.srcs/utils_1/imports/synth_1/fpga_top.dcp
INFO: [Vivado 12-5825] Read reference checkpoint from /home/quocviet/fpga_a7/fpga_a7.srcs/utils_1/imports/synth_1/fpga_top.dcp for incremental synthesis
INFO: [Vivado 12-7989] Please ensure there are no constraint changes
Command: synth_design -top fpga_top -part xc7a100tcsg324-1
Starting synth_design
Attempting to get a license for feature 'Synthesis' and/or device 'xc7a100t'
INFO: [Common 17-349] Got license for feature 'Synthesis' and/or device 'xc7a100t'
INFO: [Device 21-403] Loading part xc7a100tcsg324-1
INFO: [Designutils 20-5440] No compile time benefit to using incremental synthesis; A full resynthesis will be run
INFO: [Designutils 20-4379] Flow is switching to default flow due to incremental criteria not met. If you would like to alter this behaviour and have the flow terminate instead, please set the following parameter config_implementation {autoIncr.Synth.RejectBehavior Terminate}
INFO: [Synth 8-7079] Multithreading enabled for synth_design using a maximum of 7 processes.
INFO: [Synth 8-7078] Launching helper process for spawning children vivado processes
INFO: [Synth 8-7075] Helper process launched with PID 1285639
---------------------------------------------------------------------------------
Starting RTL Elaboration : Time (s): cpu = 00:00:03 ; elapsed = 00:00:03 . Memory (MB): peak = 2225.723 ; gain = 481.930 ; free physical = 13159 ; free virtual = 44055
---------------------------------------------------------------------------------
WARNING: [Synth 8-6901] identifier 'm_arvalid' is used before its declaration [/home/quocviet/Project/Advanced-RISC-V-32-bit-SoC/rtl/fpga/fpga_top.sv:25]
WARNING: [Synth 8-6901] identifier 'm_arready' is used before its declaration [/home/quocviet/Project/Advanced-RISC-V-32-bit-SoC/rtl/fpga/fpga_top.sv:26]
WARNING: [Synth 8-6901] identifier 'm_araddr' is used before its declaration [/home/quocviet/Project/Advanced-RISC-V-32-bit-SoC/rtl/fpga/fpga_top.sv:27]
WARNING: [Synth 8-6901] identifier 's1_awvalid' is used before its declaration [/home/quocviet/Project/Advanced-RISC-V-32-bit-SoC/rtl/fpga/fpga_top.sv:28]
WARNING: [Synth 8-6901] identifier 's1_awready' is used before its declaration [/home/quocviet/Project/Advanced-RISC-V-32-bit-SoC/rtl/fpga/fpga_top.sv:29]
INFO: [Synth 8-6157] synthesizing module 'fpga_top' [/home/quocviet/Project/Advanced-RISC-V-32-bit-SoC/rtl/fpga/fpga_top.sv:1]
INFO: [Synth 8-6157] synthesizing module 'riscv_soc' [/home/quocviet/Project/Advanced-RISC-V-32-bit-SoC/rtl/cpu/riscv_soc.sv:25]
INFO: [Synth 8-6157] synthesizing module 'riscv_core' [/home/quocviet/Project/Advanced-RISC-V-32-bit-SoC/rtl/cpu/core/riscv_core.sv:32]
INFO: [Synth 8-6157] synthesizing module 'hazard_ctrl' [/home/quocviet/Project/Advanced-RISC-V-32-bit-SoC/rtl/cpu/core/hazard_ctrl.sv:25]
INFO: [Synth 8-6155] done synthesizing module 'hazard_ctrl' (0#1) [/home/quocviet/Project/Advanced-RISC-V-32-bit-SoC/rtl/cpu/core/hazard_ctrl.sv:25]
INFO: [Synth 8-6157] synthesizing module 'mispredict_reg' [/home/quocviet/Project/Advanced-RISC-V-32-bit-SoC/rtl/cpu/core/mispredict_reg.sv:25]
INFO: [Synth 8-6155] done synthesizing module 'mispredict_reg' (0#1) [/home/quocviet/Project/Advanced-RISC-V-32-bit-SoC/rtl/cpu/core/mispredict_reg.sv:25]
INFO: [Synth 8-6157] synthesizing module 'hdu' [/home/quocviet/Project/Advanced-RISC-V-32-bit-SoC/rtl/cpu/core/hdu.sv:26]
INFO: [Synth 8-6155] done synthesizing module 'hdu' (0#1) [/home/quocviet/Project/Advanced-RISC-V-32-bit-SoC/rtl/cpu/core/hdu.sv:26]
INFO: [Synth 8-6157] synthesizing module 'fcu' [/home/quocviet/Project/Advanced-RISC-V-32-bit-SoC/rtl/cpu/core/fcu.sv:29]
INFO: [Synth 8-6155] done synthesizing module 'fcu' (0#1) [/home/quocviet/Project/Advanced-RISC-V-32-bit-SoC/rtl/cpu/core/fcu.sv:29]
INFO: [Synth 8-6157] synthesizing module 'dbp' [/home/quocviet/Project/Advanced-RISC-V-32-bit-SoC/rtl/cpu/core/dbp.sv:24]
INFO: [Synth 8-6155] done synthesizing module 'dbp' (0#1) [/home/quocviet/Project/Advanced-RISC-V-32-bit-SoC/rtl/cpu/core/dbp.sv:24]
INFO: [Synth 8-6157] synthesizing module 'if_id_pipeline' [/home/quocviet/Project/Advanced-RISC-V-32-bit-SoC/rtl/cpu/core/if_id_pipeline.sv:24]
INFO: [Synth 8-6155] done synthesizing module 'if_id_pipeline' (0#1) [/home/quocviet/Project/Advanced-RISC-V-32-bit-SoC/rtl/cpu/core/if_id_pipeline.sv:24]
INFO: [Synth 8-6157] synthesizing module 'cu' [/home/quocviet/Project/Advanced-RISC-V-32-bit-SoC/rtl/cpu/core/cu.sv:24]
INFO: [Synth 8-6155] done synthesizing module 'cu' (0#1) [/home/quocviet/Project/Advanced-RISC-V-32-bit-SoC/rtl/cpu/core/cu.sv:24]
INFO: [Synth 8-6157] synthesizing module 'rf' [/home/quocviet/Project/Advanced-RISC-V-32-bit-SoC/rtl/cpu/core/rf.sv:24]
INFO: [Synth 8-6155] done synthesizing module 'rf' (0#1) [/home/quocviet/Project/Advanced-RISC-V-32-bit-SoC/rtl/cpu/core/rf.sv:24]
INFO: [Synth 8-6157] synthesizing module 'immgen' [/home/quocviet/Project/Advanced-RISC-V-32-bit-SoC/rtl/cpu/core/immgen.sv:24]
INFO: [Synth 8-6155] done synthesizing module 'immgen' (0#1) [/home/quocviet/Project/Advanced-RISC-V-32-bit-SoC/rtl/cpu/core/immgen.sv:24]
INFO: [Synth 8-6157] synthesizing module 'id_ex_pipeline' [/home/quocviet/Project/Advanced-RISC-V-32-bit-SoC/rtl/cpu/core/id_ex_pipeline.sv:24]
INFO: [Synth 8-6155] done synthesizing module 'id_ex_pipeline' (0#1) [/home/quocviet/Project/Advanced-RISC-V-32-bit-SoC/rtl/cpu/core/id_ex_pipeline.sv:24]
INFO: [Synth 8-6157] synthesizing module 'fu' [/home/quocviet/Project/Advanced-RISC-V-32-bit-SoC/rtl/cpu/core/fu.sv:24]
INFO: [Synth 8-6155] done synthesizing module 'fu' (0#1) [/home/quocviet/Project/Advanced-RISC-V-32-bit-SoC/rtl/cpu/core/fu.sv:24]
INFO: [Synth 8-6157] synthesizing module 'fwd_mux' [/home/quocviet/Project/Advanced-RISC-V-32-bit-SoC/rtl/cpu/core/fwd_mux.sv:26]
INFO: [Synth 8-6155] done synthesizing module 'fwd_mux' (0#1) [/home/quocviet/Project/Advanced-RISC-V-32-bit-SoC/rtl/cpu/core/fwd_mux.sv:26]
INFO: [Synth 8-6157] synthesizing module 'alu_operand_mux' [/home/quocviet/Project/Advanced-RISC-V-32-bit-SoC/rtl/cpu/core/alu_operand_mux.sv:25]
INFO: [Synth 8-6155] done synthesizing module 'alu_operand_mux' (0#1) [/home/quocviet/Project/Advanced-RISC-V-32-bit-SoC/rtl/cpu/core/alu_operand_mux.sv:25]
INFO: [Synth 8-6157] synthesizing module 'alu' [/home/quocviet/Project/Advanced-RISC-V-32-bit-SoC/rtl/cpu/core/alu.sv:24]
INFO: [Synth 8-6155] done synthesizing module 'alu' (0#1) [/home/quocviet/Project/Advanced-RISC-V-32-bit-SoC/rtl/cpu/core/alu.sv:24]
INFO: [Synth 8-6157] synthesizing module 'bru' [/home/quocviet/Project/Advanced-RISC-V-32-bit-SoC/rtl/cpu/core/bru.sv:25]
INFO: [Synth 8-6155] done synthesizing module 'bru' (0#1) [/home/quocviet/Project/Advanced-RISC-V-32-bit-SoC/rtl/cpu/core/bru.sv:25]
INFO: [Synth 8-6157] synthesizing module 'ex_mem_pipeline' [/home/quocviet/Project/Advanced-RISC-V-32-bit-SoC/rtl/cpu/core/ex_mem_pipeline.sv:24]
INFO: [Synth 8-6155] done synthesizing module 'ex_mem_pipeline' (0#1) [/home/quocviet/Project/Advanced-RISC-V-32-bit-SoC/rtl/cpu/core/ex_mem_pipeline.sv:24]
INFO: [Synth 8-6157] synthesizing module 'lsu' [/home/quocviet/Project/Advanced-RISC-V-32-bit-SoC/rtl/cpu/core/lsu.sv:26]
INFO: [Synth 8-6155] done synthesizing module 'lsu' (0#1) [/home/quocviet/Project/Advanced-RISC-V-32-bit-SoC/rtl/cpu/core/lsu.sv:26]
INFO: [Synth 8-6157] synthesizing module 'mem_wb_pipeline' [/home/quocviet/Project/Advanced-RISC-V-32-bit-SoC/rtl/cpu/core/mem_wb_pipeline.sv:24]
INFO: [Synth 8-6155] done synthesizing module 'mem_wb_pipeline' (0#1) [/home/quocviet/Project/Advanced-RISC-V-32-bit-SoC/rtl/cpu/core/mem_wb_pipeline.sv:24]
INFO: [Synth 8-6157] synthesizing module 'wb' [/home/quocviet/Project/Advanced-RISC-V-32-bit-SoC/rtl/cpu/core/wb.sv:25]
INFO: [Synth 8-6155] done synthesizing module 'wb' (0#1) [/home/quocviet/Project/Advanced-RISC-V-32-bit-SoC/rtl/cpu/core/wb.sv:25]
INFO: [Synth 8-6155] done synthesizing module 'riscv_core' (0#1) [/home/quocviet/Project/Advanced-RISC-V-32-bit-SoC/rtl/cpu/core/riscv_core.sv:32]
INFO: [Synth 8-6157] synthesizing module 'cache_subsystem' [/home/quocviet/Project/Advanced-RISC-V-32-bit-SoC/rtl/cpu/cache/cache_subsystem.sv:22]
INFO: [Synth 8-6157] synthesizing module 'icache' [/home/quocviet/Project/Advanced-RISC-V-32-bit-SoC/rtl/cpu/cache/icache.sv:27]
INFO: [Synth 8-155] case statement is not full and has no default [/home/quocviet/Project/Advanced-RISC-V-32-bit-SoC/rtl/cpu/cache/icache.sv:147]
INFO: [Synth 8-155] case statement is not full and has no default [/home/quocviet/Project/Advanced-RISC-V-32-bit-SoC/rtl/cpu/cache/icache.sv:169]
INFO: [Synth 8-6155] done synthesizing module 'icache' (0#1) [/home/quocviet/Project/Advanced-RISC-V-32-bit-SoC/rtl/cpu/cache/icache.sv:27]
INFO: [Synth 8-6157] synthesizing module 'dcache' [/home/quocviet/Project/Advanced-RISC-V-32-bit-SoC/rtl/cpu/cache/dcache.sv:24]
INFO: [Synth 8-155] case statement is not full and has no default [/home/quocviet/Project/Advanced-RISC-V-32-bit-SoC/rtl/cpu/cache/dcache.sv:211]
INFO: [Synth 8-155] case statement is not full and has no default [/home/quocviet/Project/Advanced-RISC-V-32-bit-SoC/rtl/cpu/cache/dcache.sv:245]
INFO: [Synth 8-6155] done synthesizing module 'dcache' (0#1) [/home/quocviet/Project/Advanced-RISC-V-32-bit-SoC/rtl/cpu/cache/dcache.sv:24]
INFO: [Synth 8-6157] synthesizing module 'write_buffer' [/home/quocviet/Project/Advanced-RISC-V-32-bit-SoC/rtl/cpu/cache/write_buffer.sv:24]
INFO: [Synth 8-6155] done synthesizing module 'write_buffer' (0#1) [/home/quocviet/Project/Advanced-RISC-V-32-bit-SoC/rtl/cpu/cache/write_buffer.sv:24]
INFO: [Synth 8-6157] synthesizing module 'bus_arbiter' [/home/quocviet/Project/Advanced-RISC-V-32-bit-SoC/rtl/cpu/cache/bus_arbiter.sv:24]
INFO: [Synth 8-155] case statement is not full and has no default [/home/quocviet/Project/Advanced-RISC-V-32-bit-SoC/rtl/cpu/cache/bus_arbiter.sv:137]
INFO: [Synth 8-6155] done synthesizing module 'bus_arbiter' (0#1) [/home/quocviet/Project/Advanced-RISC-V-32-bit-SoC/rtl/cpu/cache/bus_arbiter.sv:24]
INFO: [Synth 8-6155] done synthesizing module 'cache_subsystem' (0#1) [/home/quocviet/Project/Advanced-RISC-V-32-bit-SoC/rtl/cpu/cache/cache_subsystem.sv:22]
INFO: [Synth 8-6155] done synthesizing module 'riscv_soc' (0#1) [/home/quocviet/Project/Advanced-RISC-V-32-bit-SoC/rtl/cpu/riscv_soc.sv:25]
INFO: [Synth 8-6157] synthesizing module 'axi_decoder' [/home/quocviet/Project/Advanced-RISC-V-32-bit-SoC/rtl/fpga/axi_decoder.sv:1]
INFO: [Synth 8-6155] done synthesizing module 'axi_decoder' (0#1) [/home/quocviet/Project/Advanced-RISC-V-32-bit-SoC/rtl/fpga/axi_decoder.sv:1]
INFO: [Synth 8-6157] synthesizing module 'axi_bram' [/home/quocviet/Project/Advanced-RISC-V-32-bit-SoC/rtl/fpga/axi_bram.sv:1]
	Parameter MEM_DEPTH bound to: 32'sb00000000000000000100000000000000 
	Parameter INIT_FILE0 bound to: /home/quocviet/Project/Advanced-RISC-V-32-bit-SoC/sw/hello0.mem - type: string 
	Parameter INIT_FILE1 bound to: /home/quocviet/Project/Advanced-RISC-V-32-bit-SoC/sw/hello1.mem - type: string 
	Parameter INIT_FILE2 bound to: /home/quocviet/Project/Advanced-RISC-V-32-bit-SoC/sw/hello2.mem - type: string 
	Parameter INIT_FILE3 bound to: /home/quocviet/Project/Advanced-RISC-V-32-bit-SoC/sw/hello3.mem - type: string 
INFO: [Synth 8-3876] $readmem data file '/home/quocviet/Project/Advanced-RISC-V-32-bit-SoC/sw/hello0.mem' is read successfully [/home/quocviet/Project/Advanced-RISC-V-32-bit-SoC/rtl/fpga/axi_bram.sv:57]
INFO: [Synth 8-3876] $readmem data file '/home/quocviet/Project/Advanced-RISC-V-32-bit-SoC/sw/hello1.mem' is read successfully [/home/quocviet/Project/Advanced-RISC-V-32-bit-SoC/rtl/fpga/axi_bram.sv:58]
INFO: [Synth 8-3876] $readmem data file '/home/quocviet/Project/Advanced-RISC-V-32-bit-SoC/sw/hello2.mem' is read successfully [/home/quocviet/Project/Advanced-RISC-V-32-bit-SoC/rtl/fpga/axi_bram.sv:59]
INFO: [Synth 8-3876] $readmem data file '/home/quocviet/Project/Advanced-RISC-V-32-bit-SoC/sw/hello3.mem' is read successfully [/home/quocviet/Project/Advanced-RISC-V-32-bit-SoC/rtl/fpga/axi_bram.sv:60]
INFO: [Synth 8-155] case statement is not full and has no default [/home/quocviet/Project/Advanced-RISC-V-32-bit-SoC/rtl/fpga/axi_bram.sv:100]
INFO: [Synth 8-155] case statement is not full and has no default [/home/quocviet/Project/Advanced-RISC-V-32-bit-SoC/rtl/fpga/axi_bram.sv:166]
INFO: [Synth 8-6155] done synthesizing module 'axi_bram' (0#1) [/home/quocviet/Project/Advanced-RISC-V-32-bit-SoC/rtl/fpga/axi_bram.sv:1]
INFO: [Synth 8-6157] synthesizing module 'uart_axi' [/home/quocviet/Project/Advanced-RISC-V-32-bit-SoC/rtl/fpga/uart_axi.sv:1]
	Parameter CLK_FREQ bound to: 32'sb00000100011110000110100011000000 
INFO: [Synth 8-6157] synthesizing module 'uart_tx' [/home/quocviet/Project/Advanced-RISC-V-32-bit-SoC/rtl/fpga/uart_tx.sv:1]
	Parameter CLK_FREQ bound to: 32'sb00000100011110000110100011000000 
INFO: [Synth 8-6155] done synthesizing module 'uart_tx' (0#1) [/home/quocviet/Project/Advanced-RISC-V-32-bit-SoC/rtl/fpga/uart_tx.sv:1]
INFO: [Synth 8-155] case statement is not full and has no default [/home/quocviet/Project/Advanced-RISC-V-32-bit-SoC/rtl/fpga/uart_axi.sv:80]
INFO: [Synth 8-6155] done synthesizing module 'uart_axi' (0#1) [/home/quocviet/Project/Advanced-RISC-V-32-bit-SoC/rtl/fpga/uart_axi.sv:1]
INFO: [Synth 8-6157] synthesizing module 'clk_wiz_0' [/home/quocviet/fpga_a7/fpga_a7.runs/synth_1/.Xil/Vivado-1285513-quocviet-workstation/realtime/clk_wiz_0_stub.v:6]
INFO: [Synth 8-6155] done synthesizing module 'clk_wiz_0' (0#1) [/home/quocviet/fpga_a7/fpga_a7.runs/synth_1/.Xil/Vivado-1285513-quocviet-workstation/realtime/clk_wiz_0_stub.v:6]
INFO: [Synth 8-6155] done synthesizing module 'fpga_top' (0#1) [/home/quocviet/Project/Advanced-RISC-V-32-bit-SoC/rtl/fpga/fpga_top.sv:1]
INFO: [Synth 8-6071] Mark debug on the nets applies keep_hierarchy on instance 'u_soc'. This will prevent further optimization [/home/quocviet/Project/Advanced-RISC-V-32-bit-SoC/rtl/fpga/fpga_top.sv:103]
INFO: [Synth 8-6071] Mark debug on the nets applies keep_hierarchy on instance 'u_decoder'. This will prevent further optimization [/home/quocviet/Project/Advanced-RISC-V-32-bit-SoC/rtl/fpga/fpga_top.sv:136]
INFO: [Synth 8-6071] Mark debug on the nets applies keep_hierarchy on instance 'u_uart'. This will prevent further optimization [/home/quocviet/Project/Advanced-RISC-V-32-bit-SoC/rtl/fpga/fpga_top.sv:257]
WARNING: [Synth 8-7129] Port s_axi_awaddr[31] in module uart_axi is either unconnected or has no load
WARNING: [Synth 8-7129] Port s_axi_awaddr[30] in module uart_axi is either unconnected or has no load
WARNING: [Synth 8-7129] Port s_axi_awaddr[29] in module uart_axi is either unconnected or has no load
WARNING: [Synth 8-7129] Port s_axi_awaddr[28] in module uart_axi is either unconnected or has no load
WARNING: [Synth 8-7129] Port s_axi_awaddr[27] in module uart_axi is either unconnected or has no load
WARNING: [Synth 8-7129] Port s_axi_awaddr[26] in module uart_axi is either unconnected or has no load
WARNING: [Synth 8-7129] Port s_axi_awaddr[25] in module uart_axi is either unconnected or has no load
WARNING: [Synth 8-7129] Port s_axi_awaddr[24] in module uart_axi is either unconnected or has no load
WARNING: [Synth 8-7129] Port s_axi_awaddr[23] in module uart_axi is either unconnected or has no load
WARNING: [Synth 8-7129] Port s_axi_awaddr[22] in module uart_axi is either unconnected or has no load
WARNING: [Synth 8-7129] Port s_axi_awaddr[21] in module uart_axi is either unconnected or has no load
WARNING: [Synth 8-7129] Port s_axi_awaddr[20] in module uart_axi is either unconnected or has no load
WARNING: [Synth 8-7129] Port s_axi_awaddr[19] in module uart_axi is either unconnected or has no load
WARNING: [Synth 8-7129] Port s_axi_awaddr[18] in module uart_axi is either unconnected or has no load
WARNING: [Synth 8-7129] Port s_axi_awaddr[17] in module uart_axi is either unconnected or has no load
WARNING: [Synth 8-7129] Port s_axi_awaddr[16] in module uart_axi is either unconnected or has no load
WARNING: [Synth 8-7129] Port s_axi_awaddr[15] in module uart_axi is either unconnected or has no load
WARNING: [Synth 8-7129] Port s_axi_awaddr[14] in module uart_axi is either unconnected or has no load
WARNING: [Synth 8-7129] Port s_axi_awaddr[13] in module uart_axi is either unconnected or has no load
WARNING: [Synth 8-7129] Port s_axi_awaddr[12] in module uart_axi is either unconnected or has no load
WARNING: [Synth 8-7129] Port s_axi_awaddr[11] in module uart_axi is either unconnected or has no load
WARNING: [Synth 8-7129] Port s_axi_awaddr[10] in module uart_axi is either unconnected or has no load
WARNING: [Synth 8-7129] Port s_axi_awaddr[9] in module uart_axi is either unconnected or has no load
WARNING: [Synth 8-7129] Port s_axi_awaddr[8] in module uart_axi is either unconnected or has no load
WARNING: [Synth 8-7129] Port s_axi_awaddr[7] in module uart_axi is either unconnected or has no load
WARNING: [Synth 8-7129] Port s_axi_awaddr[6] in module uart_axi is either unconnected or has no load
WARNING: [Synth 8-7129] Port s_axi_awaddr[5] in module uart_axi is either unconnected or has no load
WARNING: [Synth 8-7129] Port s_axi_awaddr[4] in module uart_axi is either unconnected or has no load
WARNING: [Synth 8-7129] Port s_axi_awaddr[3] in module uart_axi is either unconnected or has no load
WARNING: [Synth 8-7129] Port s_axi_awaddr[2] in module uart_axi is either unconnected or has no load
WARNING: [Synth 8-7129] Port s_axi_awaddr[1] in module uart_axi is either unconnected or has no load
WARNING: [Synth 8-7129] Port s_axi_awaddr[0] in module uart_axi is either unconnected or has no load
WARNING: [Synth 8-7129] Port s_axi_awlen[7] in module uart_axi is either unconnected or has no load
WARNING: [Synth 8-7129] Port s_axi_awlen[6] in module uart_axi is either unconnected or has no load
WARNING: [Synth 8-7129] Port s_axi_awlen[5] in module uart_axi is either unconnected or has no load
WARNING: [Synth 8-7129] Port s_axi_awlen[4] in module uart_axi is either unconnected or has no load
WARNING: [Synth 8-7129] Port s_axi_awlen[3] in module uart_axi is either unconnected or has no load
WARNING: [Synth 8-7129] Port s_axi_awlen[2] in module uart_axi is either unconnected or has no load
WARNING: [Synth 8-7129] Port s_axi_awlen[1] in module uart_axi is either unconnected or has no load
WARNING: [Synth 8-7129] Port s_axi_awlen[0] in module uart_axi is either unconnected or has no load
WARNING: [Synth 8-7129] Port s_axi_awsize[2] in module uart_axi is either unconnected or has no load
WARNING: [Synth 8-7129] Port s_axi_awsize[1] in module uart_axi is either unconnected or has no load
WARNING: [Synth 8-7129] Port s_axi_awsize[0] in module uart_axi is either unconnected or has no load
WARNING: [Synth 8-7129] Port s_axi_awburst[1] in module uart_axi is either unconnected or has no load
WARNING: [Synth 8-7129] Port s_axi_awburst[0] in module uart_axi is either unconnected or has no load
WARNING: [Synth 8-7129] Port s_axi_wdata[31] in module uart_axi is either unconnected or has no load
WARNING: [Synth 8-7129] Port s_axi_wdata[30] in module uart_axi is either unconnected or has no load
WARNING: [Synth 8-7129] Port s_axi_wdata[29] in module uart_axi is either unconnected or has no load
WARNING: [Synth 8-7129] Port s_axi_wdata[28] in module uart_axi is either unconnected or has no load
WARNING: [Synth 8-7129] Port s_axi_wdata[27] in module uart_axi is either unconnected or has no load
WARNING: [Synth 8-7129] Port s_axi_wdata[26] in module uart_axi is either unconnected or has no load
WARNING: [Synth 8-7129] Port s_axi_wdata[25] in module uart_axi is either unconnected or has no load
WARNING: [Synth 8-7129] Port s_axi_wdata[24] in module uart_axi is either unconnected or has no load
WARNING: [Synth 8-7129] Port s_axi_wdata[23] in module uart_axi is either unconnected or has no load
WARNING: [Synth 8-7129] Port s_axi_wdata[22] in module uart_axi is either unconnected or has no load
WARNING: [Synth 8-7129] Port s_axi_wdata[21] in module uart_axi is either unconnected or has no load
WARNING: [Synth 8-7129] Port s_axi_wdata[20] in module uart_axi is either unconnected or has no load
WARNING: [Synth 8-7129] Port s_axi_wdata[19] in module uart_axi is either unconnected or has no load
WARNING: [Synth 8-7129] Port s_axi_wdata[18] in module uart_axi is either unconnected or has no load
WARNING: [Synth 8-7129] Port s_axi_wdata[17] in module uart_axi is either unconnected or has no load
WARNING: [Synth 8-7129] Port s_axi_wdata[16] in module uart_axi is either unconnected or has no load
WARNING: [Synth 8-7129] Port s_axi_wdata[15] in module uart_axi is either unconnected or has no load
WARNING: [Synth 8-7129] Port s_axi_wdata[14] in module uart_axi is either unconnected or has no load
WARNING: [Synth 8-7129] Port s_axi_wdata[13] in module uart_axi is either unconnected or has no load
WARNING: [Synth 8-7129] Port s_axi_wdata[12] in module uart_axi is either unconnected or has no load
WARNING: [Synth 8-7129] Port s_axi_wdata[11] in module uart_axi is either unconnected or has no load
WARNING: [Synth 8-7129] Port s_axi_wdata[10] in module uart_axi is either unconnected or has no load
WARNING: [Synth 8-7129] Port s_axi_wdata[9] in module uart_axi is either unconnected or has no load
WARNING: [Synth 8-7129] Port s_axi_wdata[8] in module uart_axi is either unconnected or has no load
WARNING: [Synth 8-7129] Port s_axi_wstrb[3] in module uart_axi is either unconnected or has no load
WARNING: [Synth 8-7129] Port s_axi_wstrb[2] in module uart_axi is either unconnected or has no load
WARNING: [Synth 8-7129] Port s_axi_wstrb[1] in module uart_axi is either unconnected or has no load
WARNING: [Synth 8-7129] Port s_axi_wstrb[0] in module uart_axi is either unconnected or has no load
WARNING: [Synth 8-7129] Port s_axi_wlast in module uart_axi is either unconnected or has no load
WARNING: [Synth 8-7129] Port s_axi_araddr[31] in module uart_axi is either unconnected or has no load
WARNING: [Synth 8-7129] Port s_axi_araddr[30] in module uart_axi is either unconnected or has no load
WARNING: [Synth 8-7129] Port s_axi_araddr[29] in module uart_axi is either unconnected or has no load
WARNING: [Synth 8-7129] Port s_axi_araddr[28] in module uart_axi is either unconnected or has no load
WARNING: [Synth 8-7129] Port s_axi_araddr[27] in module uart_axi is either unconnected or has no load
WARNING: [Synth 8-7129] Port s_axi_araddr[26] in module uart_axi is either unconnected or has no load
WARNING: [Synth 8-7129] Port s_axi_araddr[25] in module uart_axi is either unconnected or has no load
WARNING: [Synth 8-7129] Port s_axi_araddr[24] in module uart_axi is either unconnected or has no load
WARNING: [Synth 8-7129] Port s_axi_araddr[23] in module uart_axi is either unconnected or has no load
WARNING: [Synth 8-7129] Port s_axi_araddr[22] in module uart_axi is either unconnected or has no load
WARNING: [Synth 8-7129] Port s_axi_araddr[21] in module uart_axi is either unconnected or has no load
WARNING: [Synth 8-7129] Port s_axi_araddr[20] in module uart_axi is either unconnected or has no load
WARNING: [Synth 8-7129] Port s_axi_araddr[19] in module uart_axi is either unconnected or has no load
WARNING: [Synth 8-7129] Port s_axi_araddr[18] in module uart_axi is either unconnected or has no load
WARNING: [Synth 8-7129] Port s_axi_araddr[17] in module uart_axi is either unconnected or has no load
WARNING: [Synth 8-7129] Port s_axi_araddr[16] in module uart_axi is either unconnected or has no load
WARNING: [Synth 8-7129] Port s_axi_araddr[15] in module uart_axi is either unconnected or has no load
WARNING: [Synth 8-7129] Port s_axi_araddr[14] in module uart_axi is either unconnected or has no load
WARNING: [Synth 8-7129] Port s_axi_araddr[13] in module uart_axi is either unconnected or has no load
WARNING: [Synth 8-7129] Port s_axi_araddr[12] in module uart_axi is either unconnected or has no load
WARNING: [Synth 8-7129] Port s_axi_araddr[11] in module uart_axi is either unconnected or has no load
WARNING: [Synth 8-7129] Port s_axi_araddr[10] in module uart_axi is either unconnected or has no load
WARNING: [Synth 8-7129] Port s_axi_araddr[9] in module uart_axi is either unconnected or has no load
WARNING: [Synth 8-7129] Port s_axi_araddr[8] in module uart_axi is either unconnected or has no load
WARNING: [Synth 8-7129] Port s_axi_araddr[7] in module uart_axi is either unconnected or has no load
WARNING: [Synth 8-7129] Port s_axi_araddr[6] in module uart_axi is either unconnected or has no load
INFO: [Common 17-14] Message 'Synth 8-7129' appears 100 times and further instances of the messages will be disabled. Use the Tcl command set_msg_config to change the current settings.
---------------------------------------------------------------------------------
Finished RTL Elaboration : Time (s): cpu = 00:00:04 ; elapsed = 00:00:04 . Memory (MB): peak = 2352.660 ; gain = 608.867 ; free physical = 12807 ; free virtual = 43783
---------------------------------------------------------------------------------
---------------------------------------------------------------------------------
Start Handling Custom Attributes
---------------------------------------------------------------------------------
---------------------------------------------------------------------------------
Finished Handling Custom Attributes : Time (s): cpu = 00:00:04 ; elapsed = 00:00:04 . Memory (MB): peak = 2367.504 ; gain = 623.711 ; free physical = 12807 ; free virtual = 43783
---------------------------------------------------------------------------------
---------------------------------------------------------------------------------
Finished RTL Optimization Phase 1 : Time (s): cpu = 00:00:04 ; elapsed = 00:00:04 . Memory (MB): peak = 2367.504 ; gain = 623.711 ; free physical = 12807 ; free virtual = 43783
---------------------------------------------------------------------------------
Netlist sorting complete. Time (s): cpu = 00:00:00.06 ; elapsed = 00:00:00.05 . Memory (MB): peak = 2367.504 ; gain = 0.000 ; free physical = 12809 ; free virtual = 43780
INFO: [Project 1-570] Preparing netlist for logic optimization

Processing XDC Constraints
Initializing timing engine
Parsing XDC File [/home/quocviet/fpga_a7/fpga_a7.gen/sources_1/ip/clk_wiz_0/clk_wiz_0/clk_wiz_0_in_context.xdc] for cell 'u_clk_wiz'
Finished Parsing XDC File [/home/quocviet/fpga_a7/fpga_a7.gen/sources_1/ip/clk_wiz_0/clk_wiz_0/clk_wiz_0_in_context.xdc] for cell 'u_clk_wiz'
Parsing XDC File [/home/quocviet/fpga_a7/fpga_a7.srcs/constrs_1/new/fpga_a7.xdc]
CRITICAL WARNING: [Constraints 18-1056] Clock 'sys_clk' completely overrides clock 'clk'.
New: create_clock -period 10.000 -name sys_clk [get_ports clk], [/home/quocviet/fpga_a7/fpga_a7.srcs/constrs_1/new/fpga_a7.xdc:4]
Previous: create_clock -period 10.000 [get_ports clk], [/home/quocviet/fpga_a7/fpga_a7.gen/sources_1/ip/clk_wiz_0/clk_wiz_0/clk_wiz_0_in_context.xdc:1]
Resolution: Review the constraint files and remove the redundant clock definition(s). If the clock constraints are not saved in a file, you can first save the constraints to an XDC file and reload the design once the constraints have been corrected.
Finished Parsing XDC File [/home/quocviet/fpga_a7/fpga_a7.srcs/constrs_1/new/fpga_a7.xdc]
INFO: [Project 1-236] Implementation specific constraints were found while reading constraint file [/home/quocviet/fpga_a7/fpga_a7.srcs/constrs_1/new/fpga_a7.xdc]. These constraints will be ignored for synthesis but will be used in implementation. Impacted constraints are listed in the file [.Xil/fpga_top_propImpl.xdc].
Resolution: To avoid this warning, move constraints listed in [.Xil/fpga_top_propImpl.xdc] to another XDC file and exclude this new file from synthesis with the used_in_synthesis property (File Properties dialog in GUI) and re-run elaboration/synthesis.
Completed Processing XDC Constraints

Netlist sorting complete. Time (s): cpu = 00:00:00 ; elapsed = 00:00:00 . Memory (MB): peak = 2474.242 ; gain = 0.000 ; free physical = 12806 ; free virtual = 43778
INFO: [Project 1-111] Unisim Transformation Summary:
No Unisim elements were transformed.

Constraint Validation Runtime : Time (s): cpu = 00:00:00.01 ; elapsed = 00:00:00.01 . Memory (MB): peak = 2474.277 ; gain = 0.000 ; free physical = 12806 ; free virtual = 43778
INFO: [Designutils 20-5440] No compile time benefit to using incremental synthesis; A full resynthesis will be run
INFO: [Designutils 20-4379] Flow is switching to default flow due to incremental criteria not met. If you would like to alter this behaviour and have the flow terminate instead, please set the following parameter config_implementation {autoIncr.Synth.RejectBehavior Terminate}
---------------------------------------------------------------------------------
Finished Constraint Validation : Time (s): cpu = 00:00:09 ; elapsed = 00:00:09 . Memory (MB): peak = 2474.277 ; gain = 730.484 ; free physical = 12878 ; free virtual = 43816
---------------------------------------------------------------------------------
---------------------------------------------------------------------------------
Start Loading Part and Timing Information
---------------------------------------------------------------------------------
Loading part: xc7a100tcsg324-1
---------------------------------------------------------------------------------
Finished Loading Part and Timing Information : Time (s): cpu = 00:00:09 ; elapsed = 00:00:09 . Memory (MB): peak = 2482.246 ; gain = 738.453 ; free physical = 12878 ; free virtual = 43816
---------------------------------------------------------------------------------
---------------------------------------------------------------------------------
Start Applying 'set_property' XDC Constraints
---------------------------------------------------------------------------------
---------------------------------------------------------------------------------
Finished applying 'set_property' XDC Constraints : Time (s): cpu = 00:00:09 ; elapsed = 00:00:09 . Memory (MB): peak = 2482.246 ; gain = 738.453 ; free physical = 12878 ; free virtual = 43816
---------------------------------------------------------------------------------
INFO: [Synth 8-802] inferred FSM for state register 'state_reg' in module 'icache'
INFO: [Synth 8-802] inferred FSM for state register 'state_reg' in module 'dcache'
INFO: [Synth 8-802] inferred FSM for state register 'rd_state_reg' in module 'bus_arbiter'
INFO: [Synth 8-802] inferred FSM for state register 'wr_state_reg' in module 'bus_arbiter'
INFO: [Synth 8-802] inferred FSM for state register 'rd_state_reg' in module 'axi_bram'
INFO: [Synth 8-802] inferred FSM for state register 'wr_state_reg' in module 'axi_bram'
INFO: [Synth 8-802] inferred FSM for state register 'wr_state_reg' in module 'uart_axi'
---------------------------------------------------------------------------------------------------
                   State |                     New Encoding |                Previous Encoding 
---------------------------------------------------------------------------------------------------
                    IDLE |                               00 |                               00
              REFILL_REQ |                               01 |                               01
             REFILL_DATA |                               10 |                               10
             REFILL_DONE |                               11 |                               11
---------------------------------------------------------------------------------------------------
INFO: [Synth 8-3354] encoded FSM with state register 'state_reg' using encoding 'sequential' in module 'icache'
---------------------------------------------------------------------------------------------------
                   State |                     New Encoding |                Previous Encoding 
---------------------------------------------------------------------------------------------------
                    IDLE |                               00 |                               00
              REFILL_REQ |                               01 |                               01
             REFILL_DATA |                               10 |                               10
             REFILL_DONE |                               11 |                               11
---------------------------------------------------------------------------------------------------
INFO: [Synth 8-3354] encoded FSM with state register 'state_reg' using encoding 'sequential' in module 'dcache'
---------------------------------------------------------------------------------------------------
                   State |                     New Encoding |                Previous Encoding 
---------------------------------------------------------------------------------------------------
                 RD_IDLE |                              010 |                               00
                 RD_ADDR |                              100 |                               01
                 RD_DATA |                              001 |                               10
---------------------------------------------------------------------------------------------------
INFO: [Synth 8-3354] encoded FSM with state register 'rd_state_reg' using encoding 'one-hot' in module 'bus_arbiter'
---------------------------------------------------------------------------------------------------
                   State |                     New Encoding |                Previous Encoding 
---------------------------------------------------------------------------------------------------
                  iSTATE |                               00 |                               00
                 iSTATE0 |                               01 |                               01
                 iSTATE1 |                               10 |                               10
                 iSTATE2 |                               11 |                               11
---------------------------------------------------------------------------------------------------
INFO: [Synth 8-3354] encoded FSM with state register 'wr_state_reg' using encoding 'sequential' in module 'bus_arbiter'
---------------------------------------------------------------------------------------------------
                   State |                     New Encoding |                Previous Encoding 
---------------------------------------------------------------------------------------------------
                 RD_IDLE |                              100 |                               00
                 RD_READ |                              010 |                               01
                 RD_DATA |                              001 |                               10
---------------------------------------------------------------------------------------------------
INFO: [Synth 8-3354] encoded FSM with state register 'rd_state_reg' using encoding 'one-hot' in module 'axi_bram'
---------------------------------------------------------------------------------------------------
                   State |                     New Encoding |                Previous Encoding 
---------------------------------------------------------------------------------------------------
                 WR_IDLE |                              010 |                               00
                 WR_DATA |                              100 |                               01
                 WR_RESP |                              001 |                               10
---------------------------------------------------------------------------------------------------
INFO: [Synth 8-3354] encoded FSM with state register 'wr_state_reg' using encoding 'one-hot' in module 'axi_bram'
---------------------------------------------------------------------------------------------------
                   State |                     New Encoding |                Previous Encoding 
---------------------------------------------------------------------------------------------------
                 WR_IDLE |                              001 |                               00
                 WR_DATA |                              010 |                               01
                 WR_RESP |                              100 |                               10
---------------------------------------------------------------------------------------------------
INFO: [Synth 8-3354] encoded FSM with state register 'wr_state_reg' using encoding 'one-hot' in module 'uart_axi'
---------------------------------------------------------------------------------
Finished RTL Optimization Phase 2 : Time (s): cpu = 00:00:11 ; elapsed = 00:00:11 . Memory (MB): peak = 2482.246 ; gain = 738.453 ; free physical = 12912 ; free virtual = 43846
---------------------------------------------------------------------------------
---------------------------------------------------------------------------------
Start RTL Component Statistics 
---------------------------------------------------------------------------------
Detailed RTL Component Info : 
+---Adders : 
	   2 Input   32 Bit       Adders := 7     
	   3 Input   32 Bit       Adders := 1     
	   2 Input   16 Bit       Adders := 1     
	   2 Input   10 Bit       Adders := 1     
	   2 Input    8 Bit       Adders := 1     
	   2 Input    4 Bit       Adders := 1     
	   2 Input    3 Bit       Adders := 2     
	   2 Input    2 Bit       Adders := 7     
+---XORs : 
	   2 Input     32 Bit         XORs := 1     
+---Registers : 
	             1024 Bit    Registers := 1     
	              256 Bit    Registers := 1     
	              128 Bit    Registers := 1     
	               32 Bit    Registers := 30    
	               10 Bit    Registers := 2     
	                8 Bit    Registers := 7     
	                5 Bit    Registers := 5     
	                4 Bit    Registers := 7     
	                3 Bit    Registers := 2     
	                2 Bit    Registers := 134   
	                1 Bit    Registers := 23    
+---RAMs : 
	             128K Bit	(16384 X 8 bit)          RAMs := 4     
	              32K Bit	(1024 X 32 bit)          RAMs := 1     
	              32K Bit	(256 X 128 bit)          RAMs := 1     
	              20K Bit	(1024 X 20 bit)          RAMs := 1     
	               5K Bit	(256 X 20 bit)          RAMs := 1     
	               5K Bit	(256 X 21 bit)          RAMs := 1     
	               2K Bit	(1024 X 2 bit)          RAMs := 1     
	             1024 Bit	(32 X 32 bit)          RAMs := 1     
	              128 Bit	(4 X 32 bit)          RAMs := 2     
	               16 Bit	(4 X 4 bit)          RAMs := 1     
+---Muxes : 
	   2 Input 1024 Bit        Muxes := 1     
	   2 Input  256 Bit        Muxes := 1     
	   4 Input  256 Bit        Muxes := 1     
	   2 Input  128 Bit        Muxes := 9     
	   7 Input  128 Bit        Muxes := 1     
	   4 Input  128 Bit        Muxes := 2     
	   2 Input   32 Bit        Muxes := 51    
	   3 Input   32 Bit        Muxes := 2     
	   4 Input   32 Bit        Muxes := 9     
	   4 Input   24 Bit        Muxes := 1     
	   2 Input   16 Bit        Muxes := 1     
	   4 Input   16 Bit        Muxes := 1     
	   2 Input   14 Bit        Muxes := 1     
	   2 Input   10 Bit        Muxes := 2     
	   4 Input    8 Bit        Muxes := 2     
	   2 Input    8 Bit        Muxes := 39    
	   7 Input    8 Bit        Muxes := 1     
	   3 Input    8 Bit        Muxes := 1     
	   2 Input    5 Bit        Muxes := 5     
	   8 Input    4 Bit        Muxes := 1     
	   2 Input    4 Bit        Muxes := 15    
	   4 Input    4 Bit        Muxes := 5     
	   2 Input    3 Bit        Muxes := 4     
	   3 Input    3 Bit        Muxes := 1     
	   2 Input    2 Bit        Muxes := 140   
	   4 Input    2 Bit        Muxes := 134   
	   2 Input    1 Bit        Muxes := 74    
	   4 Input    1 Bit        Muxes := 28    
	   7 Input    1 Bit        Muxes := 1     
	   3 Input    1 Bit        Muxes := 9     
---------------------------------------------------------------------------------
Finished RTL Component Statistics 
---------------------------------------------------------------------------------
---------------------------------------------------------------------------------
Start Part Resource Summary
---------------------------------------------------------------------------------
Part Resources:
DSPs: 240 (col length:80)
BRAMs: 270 (col length: RAMB18 80 RAMB36 40)
---------------------------------------------------------------------------------
Finished Part Resource Summary
---------------------------------------------------------------------------------
---------------------------------------------------------------------------------
Start Cross Boundary and Area Optimization
---------------------------------------------------------------------------------
---------------------------------------------------------------------------------
Finished Cross Boundary and Area Optimization : Time (s): cpu = 00:00:44 ; elapsed = 00:00:45 . Memory (MB): peak = 2687.121 ; gain = 943.328 ; free physical = 12827 ; free virtual = 43793
---------------------------------------------------------------------------------
---------------------------------------------------------------------------------
Start ROM, RAM, DSP, Shift Register and Retiming Reporting
---------------------------------------------------------------------------------

Block RAM: Preliminary Mapping Report (see note below)
+------------+-----------------+------------------------+---+---+------------------------+---+---+------------------+--------+--------+
|Module Name | RTL Object      | PORT A (Depth x Width) | W | R | PORT B (Depth x Width) | W | R | Ports driving FF | RAMB18 | RAMB36 | 
+------------+-----------------+------------------------+---+---+------------------------+---+---+------------------+--------+--------+
|fpga_top    | u_bram/mem0_reg | 16 K x 8(READ_FIRST)   | W |   | 16 K x 8(WRITE_FIRST)  |   | R | Port A and B     | 0      | 4      | 
|fpga_top    | u_bram/mem1_reg | 16 K x 8(READ_FIRST)   | W |   | 16 K x 8(WRITE_FIRST)  |   | R | Port A and B     | 0      | 4      | 
|fpga_top    | u_bram/mem2_reg | 16 K x 8(READ_FIRST)   | W |   | 16 K x 8(WRITE_FIRST)  |   | R | Port A and B     | 0      | 4      | 
|fpga_top    | u_bram/mem3_reg | 16 K x 8(READ_FIRST)   | W |   | 16 K x 8(WRITE_FIRST)  |   | R | Port A and B     | 0      | 4      | 
+------------+-----------------+------------------------+---+---+------------------------+---+---+------------------+--------+--------+

Note: The table above is a preliminary report that shows the Block RAMs at the current stage of the synthesis flow. Some Block RAMs may be reimplemented as non Block RAM primitives later in the synthesis flow. Multiple instantiated Block RAMs are reported only once. 

Distributed RAM: Preliminary Mapping Report (see note below)
+-----------------------------------+-------------------------------------------------+-----------+----------------------+-----------------+
|Module Name                        | RTL Object                                      | Inference | Size (Depth x Width) | Primitives      | 
+-----------------------------------+-------------------------------------------------+-----------+----------------------+-----------------+
|u_soc/u_riscv_core/u_dbp           | bht_reg                                         | Implied   | 1 K x 2              | RAM128X1D x 16  | 
|u_soc/u_riscv_core/u_dbp           | btb_tag_reg                                     | Implied   | 1 K x 20             | RAM64M x 112    | 
|u_soc/u_riscv_core/u_dbp           | btb_target_reg                                  | Implied   | 1 K x 32             | RAM64M x 176    | 
|u_soc/u_riscv_core/u_rf            | register_reg                                    | Implied   | 32 x 32              | RAM32M x 12     | 
|u_soc                              | u_cache_subsystem/u_icache/cache_tag_reg        | Implied   | 256 x 20             | RAM64M x 28     | 
|u_soc                              | u_cache_subsystem/u_icache/cache_data_reg       | Implied   | 256 x 128            | RAM64M x 172    | 
|u_soc/\u_cache_subsystem/u_dcache  | cache_tag_reg                                   | Implied   | 256 x 21             | RAM64M x 56     | 
|u_soc/\u_cache_subsystem/u_dcache  | cache_data_reg                                  | Implied   | 256 x 128            | RAM64M x 344    | 
|u_soc                              | u_cache_subsystem/u_write_buffer/entry_addr_reg | Implied   | 4 x 32               | RAM32M x 30     | 
|u_soc                              | u_cache_subsystem/u_write_buffer/entry_strb_reg | Implied   | 4 x 4                | RAM32M x 5      | 
|u_soc                              | u_cache_subsystem/u_write_buffer/entry_data_reg | Implied   | 4 x 32               | RAM32M x 30     | 
+-----------------------------------+-------------------------------------------------+-----------+----------------------+-----------------+

Note: The table above is a preliminary report that shows the Distributed RAMs at the current stage of the synthesis flow. Some Distributed RAMs may be reimplemented as non Distributed RAM primitives later in the synthesis flow. Multiple instantiated RAMs are reported only once.
---------------------------------------------------------------------------------
Finished ROM, RAM, DSP, Shift Register and Retiming Reporting
---------------------------------------------------------------------------------
---------------------------------------------------------------------------------
Start Applying XDC Timing Constraints
---------------------------------------------------------------------------------
---------------------------------------------------------------------------------
Finished Applying XDC Timing Constraints : Time (s): cpu = 00:00:48 ; elapsed = 00:00:48 . Memory (MB): peak = 2687.121 ; gain = 943.328 ; free physical = 12841 ; free virtual = 43807
---------------------------------------------------------------------------------
---------------------------------------------------------------------------------
Start Timing Optimization
---------------------------------------------------------------------------------
---------------------------------------------------------------------------------
Finished Timing Optimization : Time (s): cpu = 00:00:53 ; elapsed = 00:00:54 . Memory (MB): peak = 2687.121 ; gain = 943.328 ; free physical = 12833 ; free virtual = 43799
---------------------------------------------------------------------------------
---------------------------------------------------------------------------------
Start ROM, RAM, DSP, Shift Register and Retiming Reporting
---------------------------------------------------------------------------------

Block RAM: Final Mapping Report
+------------+-----------------+------------------------+---+---+------------------------+---+---+------------------+--------+--------+
|Module Name | RTL Object      | PORT A (Depth x Width) | W | R | PORT B (Depth x Width) | W | R | Ports driving FF | RAMB18 | RAMB36 | 
+------------+-----------------+------------------------+---+---+------------------------+---+---+------------------+--------+--------+
|fpga_top    | u_bram/mem0_reg | 16 K x 8(READ_FIRST)   | W |   | 16 K x 8(WRITE_FIRST)  |   | R | Port A and B     | 0      | 4      | 
|fpga_top    | u_bram/mem1_reg | 16 K x 8(READ_FIRST)   | W |   | 16 K x 8(WRITE_FIRST)  |   | R | Port A and B     | 0      | 4      | 
|fpga_top    | u_bram/mem2_reg | 16 K x 8(READ_FIRST)   | W |   | 16 K x 8(WRITE_FIRST)  |   | R | Port A and B     | 0      | 4      | 
|fpga_top    | u_bram/mem3_reg | 16 K x 8(READ_FIRST)   | W |   | 16 K x 8(WRITE_FIRST)  |   | R | Port A and B     | 0      | 4      | 
+------------+-----------------+------------------------+---+---+------------------------+---+---+------------------+--------+--------+


Distributed RAM: Final Mapping Report
+-----------------------------------+-------------------------------------------------+-----------+----------------------+-----------------+
|Module Name                        | RTL Object                                      | Inference | Size (Depth x Width) | Primitives      | 
+-----------------------------------+-------------------------------------------------+-----------+----------------------+-----------------+
|u_soc/u_riscv_core/u_dbp           | bht_reg                                         | Implied   | 1 K x 2              | RAM128X1D x 16  | 
|u_soc/u_riscv_core/u_dbp           | btb_tag_reg                                     | Implied   | 1 K x 20             | RAM64M x 112    | 
|u_soc/u_riscv_core/u_dbp           | btb_target_reg                                  | Implied   | 1 K x 32             | RAM64M x 176    | 
|u_soc/u_riscv_core/u_rf            | register_reg                                    | Implied   | 32 x 32              | RAM32M x 12     | 
|u_soc                              | u_cache_subsystem/u_icache/cache_tag_reg        | Implied   | 256 x 20             | RAM64M x 28     | 
|u_soc                              | u_cache_subsystem/u_icache/cache_data_reg       | Implied   | 256 x 128            | RAM64M x 172    | 
|u_soc/\u_cache_subsystem/u_dcache  | cache_tag_reg                                   | Implied   | 256 x 21             | RAM64M x 56     | 
|u_soc/\u_cache_subsystem/u_dcache  | cache_data_reg                                  | Implied   | 256 x 128            | RAM64M x 344    | 
|u_soc                              | u_cache_subsystem/u_write_buffer/entry_addr_reg | Implied   | 4 x 32               | RAM32M x 30     | 
|u_soc                              | u_cache_subsystem/u_write_buffer/entry_strb_reg | Implied   | 4 x 4                | RAM32M x 5      | 
|u_soc                              | u_cache_subsystem/u_write_buffer/entry_data_reg | Implied   | 4 x 32               | RAM32M x 30     | 
+-----------------------------------+-------------------------------------------------+-----------+----------------------+-----------------+

---------------------------------------------------------------------------------
Finished ROM, RAM, DSP, Shift Register and Retiming Reporting
---------------------------------------------------------------------------------
---------------------------------------------------------------------------------
Start Technology Mapping
---------------------------------------------------------------------------------
INFO: [Synth 8-7052] The timing for the instance u_bram/mem0_reg_0 (implemented as a Block RAM) might be sub-optimal as no optional output register could be merged into the ram block. Providing additional output register may help in improving timing.
INFO: [Synth 8-7052] The timing for the instance u_bram/mem0_reg_1 (implemented as a Block RAM) might be sub-optimal as no optional output register could be merged into the ram block. Providing additional output register may help in improving timing.
INFO: [Synth 8-7052] The timing for the instance u_bram/mem0_reg_2 (implemented as a Block RAM) might be sub-optimal as no optional output register could be merged into the ram block. Providing additional output register may help in improving timing.
INFO: [Synth 8-7052] The timing for the instance u_bram/mem0_reg_3 (implemented as a Block RAM) might be sub-optimal as no optional output register could be merged into the ram block. Providing additional output register may help in improving timing.
INFO: [Synth 8-7052] The timing for the instance u_bram/mem1_reg_0 (implemented as a Block RAM) might be sub-optimal as no optional output register could be merged into the ram block. Providing additional output register may help in improving timing.
INFO: [Synth 8-7052] The timing for the instance u_bram/mem1_reg_1 (implemented as a Block RAM) might be sub-optimal as no optional output register could be merged into the ram block. Providing additional output register may help in improving timing.
INFO: [Synth 8-7052] The timing for the instance u_bram/mem1_reg_2 (implemented as a Block RAM) might be sub-optimal as no optional output register could be merged into the ram block. Providing additional output register may help in improving timing.
INFO: [Synth 8-7052] The timing for the instance u_bram/mem1_reg_3 (implemented as a Block RAM) might be sub-optimal as no optional output register could be merged into the ram block. Providing additional output register may help in improving timing.
INFO: [Synth 8-7052] The timing for the instance u_bram/mem2_reg_0 (implemented as a Block RAM) might be sub-optimal as no optional output register could be merged into the ram block. Providing additional output register may help in improving timing.
INFO: [Synth 8-7052] The timing for the instance u_bram/mem2_reg_1 (implemented as a Block RAM) might be sub-optimal as no optional output register could be merged into the ram block. Providing additional output register may help in improving timing.
INFO: [Synth 8-7052] The timing for the instance u_bram/mem2_reg_2 (implemented as a Block RAM) might be sub-optimal as no optional output register could be merged into the ram block. Providing additional output register may help in improving timing.
INFO: [Synth 8-7052] The timing for the instance u_bram/mem2_reg_3 (implemented as a Block RAM) might be sub-optimal as no optional output register could be merged into the ram block. Providing additional output register may help in improving timing.
INFO: [Synth 8-7052] The timing for the instance u_bram/mem3_reg_0 (implemented as a Block RAM) might be sub-optimal as no optional output register could be merged into the ram block. Providing additional output register may help in improving timing.
INFO: [Synth 8-7052] The timing for the instance u_bram/mem3_reg_1 (implemented as a Block RAM) might be sub-optimal as no optional output register could be merged into the ram block. Providing additional output register may help in improving timing.
INFO: [Synth 8-7052] The timing for the instance u_bram/mem3_reg_2 (implemented as a Block RAM) might be sub-optimal as no optional output register could be merged into the ram block. Providing additional output register may help in improving timing.
INFO: [Synth 8-7052] The timing for the instance u_bram/mem3_reg_3 (implemented as a Block RAM) might be sub-optimal as no optional output register could be merged into the ram block. Providing additional output register may help in improving timing.
---------------------------------------------------------------------------------
Finished Technology Mapping : Time (s): cpu = 00:00:57 ; elapsed = 00:00:57 . Memory (MB): peak = 2718.121 ; gain = 974.328 ; free physical = 12758 ; free virtual = 43718
---------------------------------------------------------------------------------
---------------------------------------------------------------------------------
Start IO Insertion
---------------------------------------------------------------------------------
---------------------------------------------------------------------------------
Start Flattening Before IO Insertion
---------------------------------------------------------------------------------
---------------------------------------------------------------------------------
Finished Flattening Before IO Insertion
---------------------------------------------------------------------------------
---------------------------------------------------------------------------------
Start Final Netlist Cleanup
---------------------------------------------------------------------------------
---------------------------------------------------------------------------------
Finished Final Netlist Cleanup
---------------------------------------------------------------------------------
---------------------------------------------------------------------------------
Finished IO Insertion : Time (s): cpu = 00:00:59 ; elapsed = 00:01:00 . Memory (MB): peak = 2791.934 ; gain = 1048.141 ; free physical = 12741 ; free virtual = 43659
---------------------------------------------------------------------------------
---------------------------------------------------------------------------------
Start Renaming Generated Instances
---------------------------------------------------------------------------------
---------------------------------------------------------------------------------
Finished Renaming Generated Instances : Time (s): cpu = 00:00:59 ; elapsed = 00:01:00 . Memory (MB): peak = 2791.934 ; gain = 1048.141 ; free physical = 12741 ; free virtual = 43659
---------------------------------------------------------------------------------
---------------------------------------------------------------------------------
Start Rebuilding User Hierarchy
---------------------------------------------------------------------------------
---------------------------------------------------------------------------------
Finished Rebuilding User Hierarchy : Time (s): cpu = 00:01:00 ; elapsed = 00:01:01 . Memory (MB): peak = 2791.934 ; gain = 1048.141 ; free physical = 12730 ; free virtual = 43648
---------------------------------------------------------------------------------
---------------------------------------------------------------------------------
Start Renaming Generated Ports
---------------------------------------------------------------------------------
---------------------------------------------------------------------------------
Finished Renaming Generated Ports : Time (s): cpu = 00:01:00 ; elapsed = 00:01:01 . Memory (MB): peak = 2791.934 ; gain = 1048.141 ; free physical = 12730 ; free virtual = 43648
---------------------------------------------------------------------------------
---------------------------------------------------------------------------------
Start Handling Custom Attributes
---------------------------------------------------------------------------------
---------------------------------------------------------------------------------
Finished Handling Custom Attributes : Time (s): cpu = 00:01:00 ; elapsed = 00:01:01 . Memory (MB): peak = 2798.871 ; gain = 1055.078 ; free physical = 12728 ; free virtual = 43646
---------------------------------------------------------------------------------
---------------------------------------------------------------------------------
Start Renaming Generated Nets
---------------------------------------------------------------------------------
---------------------------------------------------------------------------------
Finished Renaming Generated Nets : Time (s): cpu = 00:01:00 ; elapsed = 00:01:01 . Memory (MB): peak = 2798.871 ; gain = 1055.078 ; free physical = 12728 ; free virtual = 43646
---------------------------------------------------------------------------------
---------------------------------------------------------------------------------
Start Writing Synthesis Report
---------------------------------------------------------------------------------

Report BlackBoxes: 
+------+--------------+----------+
|      |BlackBox name |Instances |
+------+--------------+----------+
|1     |clk_wiz_0     |         1|
+------+--------------+----------+

Report Cell Usage: 
+------+----------+------+
|      |Cell      |Count |
+------+----------+------+
|1     |clk_wiz   |     1|
|2     |CARRY4    |   118|
|3     |LUT1      |    17|
|4     |LUT2      |   611|
|5     |LUT3      |   204|
|6     |LUT4      |   590|
|7     |LUT5      |   760|
|8     |LUT6      |  3784|
|9     |MUXF7     |   243|
|10    |MUXF8     |   102|
|11    |RAM128X1D |    16|
|12    |RAM32M    |    63|
|13    |RAM32X1D  |     4|
|14    |RAM64M    |   888|
|15    |RAMB36E1  |    16|
|31    |FDCE      |  2622|
|32    |FDPE      |    16|
|33    |FDRE      |   369|
|34    |IBUF      |     1|
|35    |OBUF      |     1|
+------+----------+------+
---------------------------------------------------------------------------------
Finished Writing Synthesis Report : Time (s): cpu = 00:01:00 ; elapsed = 00:01:01 . Memory (MB): peak = 2798.871 ; gain = 1055.078 ; free physical = 12728 ; free virtual = 43646
---------------------------------------------------------------------------------
Synthesis finished with 0 errors, 0 critical warnings and 159 warnings.
Synthesis Optimization Runtime : Time (s): cpu = 00:00:59 ; elapsed = 00:01:00 . Memory (MB): peak = 2798.871 ; gain = 948.305 ; free physical = 12726 ; free virtual = 43644
Synthesis Optimization Complete : Time (s): cpu = 00:01:00 ; elapsed = 00:01:01 . Memory (MB): peak = 2798.879 ; gain = 1055.078 ; free physical = 12726 ; free virtual = 43644
INFO: [Project 1-571] Translating synthesized netlist
Netlist sorting complete. Time (s): cpu = 00:00:00.07 ; elapsed = 00:00:00.07 . Memory (MB): peak = 2806.809 ; gain = 0.000 ; free physical = 12885 ; free virtual = 43803
INFO: [Netlist 29-17] Analyzing 1450 Unisim elements for replacement
INFO: [Netlist 29-28] Unisim Transformation completed in 0 CPU seconds
INFO: [Project 1-570] Preparing netlist for logic optimization
INFO: [Opt 31-138] Pushed 0 inverter(s) to 0 load pin(s).
Netlist sorting complete. Time (s): cpu = 00:00:00 ; elapsed = 00:00:00.01 . Memory (MB): peak = 2872.742 ; gain = 0.000 ; free physical = 12847 ; free virtual = 43765
INFO: [Project 1-111] Unisim Transformation Summary:
  A total of 971 instances were transformed.
  RAM128X1D => RAM128X1D (MUXF7(x2), RAMD64E(x4)): 16 instances
  RAM32M => RAM32M (RAMD32(x6), RAMS32(x2)): 63 instances
  RAM32X1D => RAM32X1D (RAMD32(x2)): 4 instances
  RAM64M => RAM64M (RAMD64E(x4)): 888 instances

Synth Design complete | Checksum: 763235ae
INFO: [Common 17-83] Releasing license: Synthesis
131 Infos, 105 Warnings, 1 Critical Warnings and 0 Errors encountered.
synth_design completed successfully
synth_design: Time (s): cpu = 00:01:08 ; elapsed = 00:01:06 . Memory (MB): peak = 2872.777 ; gain = 1249.258 ; free physical = 12846 ; free virtual = 43765
INFO: [Common 17-2834] synth_design peak Physical Memory [PSS] (MB): overall = 2137.474; main = 1946.931; forked = 279.562
INFO: [Common 17-2834] synth_design peak Virtual Memory [VSS] (MB): overall = 3786.156; main = 2872.746; forked = 994.219
INFO: [runtcl-6] Synthesis results are not added to the cache due to CRITICAL_WARNING
Write ShapeDB Complete: Time (s): cpu = 00:00:00.03 ; elapsed = 00:00:00.01 . Memory (MB): peak = 2896.754 ; gain = 0.000 ; free physical = 12845 ; free virtual = 43765
INFO: [Common 17-1381] The checkpoint '/home/quocviet/fpga_a7/fpga_a7.runs/synth_1/fpga_top.dcp' has been generated.
INFO: [Vivado 12-24828] Executing command : report_utilization -file fpga_top_utilization_synth.rpt -pb fpga_top_utilization_synth.pb
INFO: [Common 17-206] Exiting Vivado at Sat Jun 13 17:02:22 2026...
