Copyright 1986-2022 Xilinx, Inc. All Rights Reserved. Copyright 2022-2025 Advanced Micro Devices, Inc. All Rights Reserved.
---------------------------------------------------------------------------------------------------------------------------------------------
| Tool Version : Vivado v.2025.2 (lin64) Build 6299465 Fri Nov 14 12:34:56 MST 2025
| Date         : Tue Jun  9 17:31:55 2026
| Host         : quocviet-workstation running 64-bit Ubuntu 24.04.4 LTS
| Command      : report_utilization -file design_1_wrapper_utilization_placed.rpt -pb design_1_wrapper_utilization_placed.pb
| Design       : design_1_wrapper
| Device       : xck26-sfvc784-2LV-c
| Speed File   : -2LV
| Design State : Fully Placed
---------------------------------------------------------------------------------------------------------------------------------------------

Utilization Design Information

Table of Contents
-----------------
1. CLB Logic
1.1 Summary of Registers by Type
2. CLB Logic Distribution
3. BLOCKRAM
4. ARITHMETIC
5. I/O
6. CLOCK
7. ADVANCED
8. CONFIGURATION
9. Primitives
10. Black Boxes
11. Instantiated Netlists

1. CLB Logic
------------

+----------------------------+------+-------+------------+-----------+-------+
|          Site Type         | Used | Fixed | Prohibited | Available | Util% |
+----------------------------+------+-------+------------+-----------+-------+
| CLB LUTs                   | 9848 |     0 |          0 |    117120 |  8.41 |
|   LUT as Logic             | 6346 |     0 |          0 |    117120 |  5.42 |
|   LUT as Memory            | 3502 |     0 |          0 |     57600 |  6.08 |
|     LUT as Distributed RAM | 3404 |     0 |            |           |       |
|     LUT as Shift Register  |   98 |     0 |            |           |       |
| CLB Registers              | 4912 |     0 |          0 |    234240 |  2.10 |
|   Register as Flip Flop    | 4912 |     0 |          0 |    234240 |  2.10 |
|   Register as Latch        |    0 |     0 |          0 |    234240 |  0.00 |
| CARRY8                     |   81 |     0 |          0 |     14640 |  0.55 |
| F7 Muxes                   |  277 |     0 |          0 |     58560 |  0.47 |
| F8 Muxes                   |  118 |     0 |          0 |     29280 |  0.40 |
| F9 Muxes                   |    0 |     0 |          0 |     14640 |  0.00 |
| Unique Control Sets        |  184 |       |          0 |     29280 |  0.63 |
+----------------------------+------+-------+------------+-----------+-------+
* Warning! LUT value is adjusted to account for LUT combining.
** Note: Available Control Sets calculated as Slices * 2, Review the Control Sets Report for more information regarding control sets.


1.1 Summary of Registers by Type
--------------------------------

+-------+--------------+-------------+--------------+
| Total | Clock Enable | Synchronous | Asynchronous |
+-------+--------------+-------------+--------------+
| 0     |            _ |           - |            - |
| 0     |            _ |           - |          Set |
| 0     |            _ |           - |        Reset |
| 0     |            _ |         Set |            - |
| 0     |            _ |       Reset |            - |
| 0     |          Yes |           - |            - |
| 57    |          Yes |           - |          Set |
| 2752  |          Yes |           - |        Reset |
| 20    |          Yes |         Set |            - |
| 2083  |          Yes |       Reset |            - |
+-------+--------------+-------------+--------------+


2. CLB Logic Distribution
-------------------------

+--------------------------------------------+------+-------+------------+-----------+-------+
|                  Site Type                 | Used | Fixed | Prohibited | Available | Util% |
+--------------------------------------------+------+-------+------------+-----------+-------+
| CLB                                        | 1885 |     0 |          0 |     14640 | 12.88 |
|   CLBL                                     |  764 |     0 |            |           |       |
|   CLBM                                     | 1121 |     0 |            |           |       |
| LUT as Logic                               | 6346 |     0 |          0 |    117120 |  5.42 |
|   using O5 output only                     |   58 |       |            |           |       |
|   using O6 output only                     | 5481 |       |            |           |       |
|   using O5 and O6                          |  807 |       |            |           |       |
| LUT as Memory                              | 3502 |     0 |          0 |     57600 |  6.08 |
|   LUT as Distributed RAM                   | 3404 |     0 |            |           |       |
|     using O5 output only                   |    0 |       |            |           |       |
|     using O6 output only                   | 3152 |       |            |           |       |
|     using O5 and O6                        |  252 |       |            |           |       |
|   LUT as Shift Register                    |   98 |     0 |            |           |       |
|     using O5 output only                   |    0 |       |            |           |       |
|     using O6 output only                   |   34 |       |            |           |       |
|     using O5 and O6                        |   64 |       |            |           |       |
| CLB Registers                              | 4912 |     0 |          0 |    234240 |  2.10 |
|   Register driven from within the CLB      | 3244 |       |            |           |       |
|   Register driven from outside the CLB     | 1668 |       |            |           |       |
|     LUT in front of the register is unused | 1215 |       |            |           |       |
|     LUT in front of the register is used   |  453 |       |            |           |       |
+--------------------------------------------+------+-------+------------+-----------+-------+


3. BLOCKRAM
-----------

+-------------------+------+-------+------------+-----------+-------+
|     Site Type     | Used | Fixed | Prohibited | Available | Util% |
+-------------------+------+-------+------------+-----------+-------+
| Block RAM Tile    | 17.5 |     0 |          0 |       144 | 12.15 |
|   RAMB36/FIFO*    |   17 |     0 |          0 |       144 | 11.81 |
|     RAMB36E2 only |   17 |       |            |           |       |
|   RAMB18          |    1 |     0 |          0 |       288 |  0.35 |
|     RAMB18E2 only |    1 |       |            |           |       |
| URAM              |    0 |     0 |          0 |        64 |  0.00 |
+-------------------+------+-------+------------+-----------+-------+
* Note: Each Block RAM Tile only has one FIFO logic available and therefore can accommodate only one FIFO36E2 or one FIFO18E2. However, if a FIFO18E2 occupies a Block RAM Tile, that tile can still accommodate a RAMB18E2


4. ARITHMETIC
-------------

+-----------+------+-------+------------+-----------+-------+
| Site Type | Used | Fixed | Prohibited | Available | Util% |
+-----------+------+-------+------------+-----------+-------+
| DSPs      |    0 |     0 |          0 |      1248 |  0.00 |
+-----------+------+-------+------------+-----------+-------+


5. I/O
------

+------------------+------+-------+------------+-----------+-------+
|     Site Type    | Used | Fixed | Prohibited | Available | Util% |
+------------------+------+-------+------------+-----------+-------+
| Bonded IOB       |    1 |     1 |          0 |       189 |  0.53 |
|   HPIOB_M        |    0 |     0 |          0 |        58 |  0.00 |
|   HPIOB_S        |    0 |     0 |          0 |        58 |  0.00 |
|   HDIOB_M        |    0 |     0 |          0 |        35 |  0.00 |
|   HDIOB_S        |    1 |     1 |          0 |        35 |  2.86 |
|     INPUT        |    0 |       |            |           |       |
|     OUTPUT       |    1 |       |            |           |       |
|     BIDIR        |    0 |       |            |           |       |
|   HPIOB_SNGL     |    0 |     0 |          0 |         3 |  0.00 |
| HPIOBDIFFINBUF   |    0 |     0 |          0 |        82 |  0.00 |
| HPIOBDIFFOUTBUF  |    0 |     0 |          0 |        82 |  0.00 |
| HDIOBDIFFINBUF   |    0 |     0 |          0 |        35 |  0.00 |
| BITSLICE_CONTROL |    0 |     0 |          0 |        32 |  0.00 |
| BITSLICE_RX_TX   |    0 |     0 |          0 |      1248 |  0.00 |
| BITSLICE_TX      |    0 |     0 |          0 |        32 |  0.00 |
| RIU_OR           |    0 |     0 |          0 |        16 |  0.00 |
+------------------+------+-------+------------+-----------+-------+


6. CLOCK
--------

+------------+------+-------+------------+-----------+-------+
|  Site Type | Used | Fixed | Prohibited | Available | Util% |
+------------+------+-------+------------+-----------+-------+
| BUFGCE     |    2 |     0 |          0 |       112 |  1.79 |
| BUFGCE_DIV |    0 |     0 |          0 |        16 |  0.00 |
| BUFG_GT    |    0 |     0 |          0 |        96 |  0.00 |
| BUFG_PS    |    1 |     0 |          0 |        96 |  1.04 |
| BUFGCTRL*  |    0 |     0 |          0 |        32 |  0.00 |
| PLL        |    0 |     0 |          0 |         8 |  0.00 |
| MMCM       |    0 |     0 |          0 |         4 |  0.00 |
+------------+------+-------+------------+-----------+-------+
* Note: Each used BUFGCTRL counts as two GLOBAL CLOCK BUFFERs. This table does not include global clocking resources, only buffer cell usage. See the Clock Utilization Report (report_clock_utilization) for detailed accounting of global clocking resource availability.


7. ADVANCED
-----------

+-----------------+------+-------+------------+-----------+--------+
|    Site Type    | Used | Fixed | Prohibited | Available |  Util% |
+-----------------+------+-------+------------+-----------+--------+
| GTHE4_CHANNEL   |    0 |     0 |          0 |         4 |   0.00 |
| GTHE4_COMMON    |    0 |     0 |          0 |         1 |   0.00 |
| OBUFDS_GTE4     |    0 |     0 |          0 |         2 |   0.00 |
| OBUFDS_GTE4_ADV |    0 |     0 |          0 |         2 |   0.00 |
| PCIE40E4        |    0 |     0 |          0 |         2 |   0.00 |
| PS8             |    1 |     0 |          0 |         1 | 100.00 |
| SYSMONE4        |    0 |     0 |          0 |         1 |   0.00 |
| VCU             |    0 |     0 |          0 |         1 |   0.00 |
+-----------------+------+-------+------------+-----------+--------+


8. CONFIGURATION
----------------

+-------------+------+-------+------------+-----------+-------+
|  Site Type  | Used | Fixed | Prohibited | Available | Util% |
+-------------+------+-------+------------+-----------+-------+
| BSCANE2     |    1 |     0 |          0 |         4 | 25.00 |
| DNA_PORTE2  |    0 |     0 |          0 |         1 |  0.00 |
| EFUSE_USR   |    0 |     0 |          0 |         1 |  0.00 |
| FRAME_ECCE4 |    0 |     0 |          0 |         1 |  0.00 |
| ICAPE3      |    0 |     0 |          0 |         2 |  0.00 |
| MASTER_JTAG |    0 |     0 |          0 |         1 |  0.00 |
| STARTUPE3   |    0 |     0 |          0 |         1 |  0.00 |
+-------------+------+-------+------------+-----------+-------+


9. Primitives
-------------

+----------+------+---------------------+
| Ref Name | Used | Functional Category |
+----------+------+---------------------+
| LUT6     | 4235 |                 CLB |
| RAMD64E  | 3152 |                 CLB |
| FDCE     | 2752 |            Register |
| FDRE     | 2083 |            Register |
| LUT5     |  825 |                 CLB |
| LUT4     |  822 |                 CLB |
| LUT2     |  772 |                 CLB |
| LUT3     |  454 |                 CLB |
| RAMD32   |  440 |                 CLB |
| MUXF7    |  277 |                 CLB |
| MUXF8    |  118 |                 CLB |
| SRL16E   |   89 |                 CLB |
| CARRY8   |   81 |                 CLB |
| SRLC32E  |   71 |                 CLB |
| RAMS32   |   64 |                 CLB |
| FDPE     |   57 |            Register |
| LUT1     |   45 |                 CLB |
| FDSE     |   20 |            Register |
| RAMB36E2 |   17 |            BLOCKRAM |
| SRLC16E  |    2 |                 CLB |
| BUFGCE   |    2 |               Clock |
| RAMB18E2 |    1 |            BLOCKRAM |
| PS8      |    1 |            Advanced |
| OBUF     |    1 |                 I/O |
| BUFG_PS  |    1 |               Clock |
| BSCANE2  |    1 |       Configuration |
+----------+------+---------------------+


10. Black Boxes
---------------

+----------+------+
| Ref Name | Used |
+----------+------+


11. Instantiated Netlists
-------------------------

+-------------------------------+------+
|            Ref Name           | Used |
+-------------------------------+------+
| u_ila_0                       |    1 |
| design_1_zynq_ultra_ps_e_0_0  |    1 |
| design_1_fpga_top_wrapper_0_0 |    1 |
| dbg_hub                       |    1 |
+-------------------------------+------+


