INFO: [VRFC 10-2263] Analyzing Verilog file "/home/quocviet/fpga_a7/fpga_a7.gen/sources_1/ip/clk_wiz_0/clk_wiz_0_clk_wiz.v" into library xil_defaultlib
INFO: [VRFC 10-311] analyzing module clk_wiz_0_clk_wiz
INFO: [VRFC 10-2263] Analyzing Verilog file "/home/quocviet/fpga_a7/fpga_a7.gen/sources_1/ip/clk_wiz_0/clk_wiz_0.v" into library xil_defaultlib
INFO: [VRFC 10-311] analyzing module clk_wiz_0
INFO: [VRFC 10-2263] Analyzing SystemVerilog file "/home/quocviet/Project/Advanced-RISC-V-32-bit-SoC/rtl/cpu/core/cpu_pkg.sv" into library xil_defaultlib
INFO: [VRFC 10-2263] Analyzing SystemVerilog file "/home/quocviet/Project/Advanced-RISC-V-32-bit-SoC/rtl/cpu/core/alu.sv" into library xil_defaultlib
INFO: [VRFC 10-311] analyzing module alu
INFO: [VRFC 10-2263] Analyzing SystemVerilog file "/home/quocviet/Project/Advanced-RISC-V-32-bit-SoC/rtl/cpu/core/alu_operand_mux.sv" into library xil_defaultlib
INFO: [VRFC 10-311] analyzing module alu_operand_mux
INFO: [VRFC 10-2263] Analyzing SystemVerilog file "/home/quocviet/Project/Advanced-RISC-V-32-bit-SoC/rtl/cpu/cache/cache_pkg.sv" into library xil_defaultlib
INFO: [VRFC 10-2263] Analyzing SystemVerilog file "/home/quocviet/Project/Advanced-RISC-V-32-bit-SoC/rtl/fpga/axi_bram.sv" into library xil_defaultlib
INFO: [VRFC 10-311] analyzing module axi_bram
INFO: [VRFC 10-2263] Analyzing SystemVerilog file "/home/quocviet/Project/Advanced-RISC-V-32-bit-SoC/rtl/fpga/axi_decoder.sv" into library xil_defaultlib
INFO: [VRFC 10-311] analyzing module axi_decoder
INFO: [VRFC 10-2263] Analyzing SystemVerilog file "/home/quocviet/Project/Advanced-RISC-V-32-bit-SoC/rtl/cpu/cache/axi_pkg.sv" into library xil_defaultlib
INFO: [VRFC 10-2263] Analyzing SystemVerilog file "/home/quocviet/Project/Advanced-RISC-V-32-bit-SoC/rtl/cpu/core/bru.sv" into library xil_defaultlib
INFO: [VRFC 10-311] analyzing module bru
INFO: [VRFC 10-2263] Analyzing SystemVerilog file "/home/quocviet/Project/Advanced-RISC-V-32-bit-SoC/rtl/cpu/cache/bus_arbiter.sv" into library xil_defaultlib
INFO: [VRFC 10-311] analyzing module bus_arbiter
INFO: [VRFC 10-2263] Analyzing SystemVerilog file "/home/quocviet/Project/Advanced-RISC-V-32-bit-SoC/rtl/cpu/cache/cache_subsystem.sv" into library xil_defaultlib
INFO: [VRFC 10-311] analyzing module cache_subsystem
INFO: [VRFC 10-2263] Analyzing SystemVerilog file "/home/quocviet/Project/Advanced-RISC-V-32-bit-SoC/rtl/cpu/core/cu.sv" into library xil_defaultlib
INFO: [VRFC 10-311] analyzing module cu
INFO: [VRFC 10-2263] Analyzing SystemVerilog file "/home/quocviet/Project/Advanced-RISC-V-32-bit-SoC/rtl/cpu/core/dbp.sv" into library xil_defaultlib
INFO: [VRFC 10-311] analyzing module dbp
INFO: [VRFC 10-2263] Analyzing SystemVerilog file "/home/quocviet/Project/Advanced-RISC-V-32-bit-SoC/rtl/cpu/cache/dcache.sv" into library xil_defaultlib
INFO: [VRFC 10-311] analyzing module dcache
INFO: [VRFC 10-2263] Analyzing SystemVerilog file "/home/quocviet/Project/Advanced-RISC-V-32-bit-SoC/rtl/cpu/core/ex_mem_pipeline.sv" into library xil_defaultlib
INFO: [VRFC 10-311] analyzing module ex_mem_pipeline
INFO: [VRFC 10-2263] Analyzing SystemVerilog file "/home/quocviet/Project/Advanced-RISC-V-32-bit-SoC/rtl/cpu/core/fcu.sv" into library xil_defaultlib
INFO: [VRFC 10-311] analyzing module fcu
INFO: [VRFC 10-2263] Analyzing SystemVerilog file "/home/quocviet/Project/Advanced-RISC-V-32-bit-SoC/rtl/fpga/fpga_top.sv" into library xil_defaultlib
INFO: [VRFC 10-311] analyzing module fpga_top
WARNING: [VRFC 10-3380] identifier 'm_arvalid' is used before its declaration [/home/quocviet/Project/Advanced-RISC-V-32-bit-SoC/rtl/fpga/fpga_top.sv:25]
WARNING: [VRFC 10-3380] identifier 'm_arready' is used before its declaration [/home/quocviet/Project/Advanced-RISC-V-32-bit-SoC/rtl/fpga/fpga_top.sv:26]
WARNING: [VRFC 10-3380] identifier 'm_araddr' is used before its declaration [/home/quocviet/Project/Advanced-RISC-V-32-bit-SoC/rtl/fpga/fpga_top.sv:27]
WARNING: [VRFC 10-3380] identifier 's1_awvalid' is used before its declaration [/home/quocviet/Project/Advanced-RISC-V-32-bit-SoC/rtl/fpga/fpga_top.sv:28]
WARNING: [VRFC 10-3380] identifier 's1_awready' is used before its declaration [/home/quocviet/Project/Advanced-RISC-V-32-bit-SoC/rtl/fpga/fpga_top.sv:29]
INFO: [VRFC 10-2263] Analyzing SystemVerilog file "/home/quocviet/Project/Advanced-RISC-V-32-bit-SoC/rtl/cpu/core/fu.sv" into library xil_defaultlib
INFO: [VRFC 10-311] analyzing module fu
INFO: [VRFC 10-2263] Analyzing SystemVerilog file "/home/quocviet/Project/Advanced-RISC-V-32-bit-SoC/rtl/cpu/core/fwd_mux.sv" into library xil_defaultlib
INFO: [VRFC 10-311] analyzing module fwd_mux
INFO: [VRFC 10-2263] Analyzing SystemVerilog file "/home/quocviet/Project/Advanced-RISC-V-32-bit-SoC/rtl/cpu/core/hazard_ctrl.sv" into library xil_defaultlib
INFO: [VRFC 10-311] analyzing module hazard_ctrl
INFO: [VRFC 10-2263] Analyzing SystemVerilog file "/home/quocviet/Project/Advanced-RISC-V-32-bit-SoC/rtl/cpu/core/hdu.sv" into library xil_defaultlib
INFO: [VRFC 10-311] analyzing module hdu
INFO: [VRFC 10-2263] Analyzing SystemVerilog file "/home/quocviet/Project/Advanced-RISC-V-32-bit-SoC/rtl/cpu/cache/icache.sv" into library xil_defaultlib
INFO: [VRFC 10-311] analyzing module icache
INFO: [VRFC 10-2263] Analyzing SystemVerilog file "/home/quocviet/Project/Advanced-RISC-V-32-bit-SoC/rtl/cpu/core/id_ex_pipeline.sv" into library xil_defaultlib
INFO: [VRFC 10-311] analyzing module id_ex_pipeline
INFO: [VRFC 10-2263] Analyzing SystemVerilog file "/home/quocviet/Project/Advanced-RISC-V-32-bit-SoC/rtl/cpu/core/if_id_pipeline.sv" into library xil_defaultlib
INFO: [VRFC 10-311] analyzing module if_id_pipeline
INFO: [VRFC 10-2263] Analyzing SystemVerilog file "/home/quocviet/Project/Advanced-RISC-V-32-bit-SoC/rtl/cpu/core/immgen.sv" into library xil_defaultlib
INFO: [VRFC 10-311] analyzing module immgen
INFO: [VRFC 10-2263] Analyzing SystemVerilog file "/home/quocviet/Project/Advanced-RISC-V-32-bit-SoC/rtl/cpu/core/lsu.sv" into library xil_defaultlib
INFO: [VRFC 10-311] analyzing module lsu
INFO: [VRFC 10-2263] Analyzing SystemVerilog file "/home/quocviet/Project/Advanced-RISC-V-32-bit-SoC/rtl/cpu/core/mem_wb_pipeline.sv" into library xil_defaultlib
INFO: [VRFC 10-311] analyzing module mem_wb_pipeline
INFO: [VRFC 10-2263] Analyzing SystemVerilog file "/home/quocviet/Project/Advanced-RISC-V-32-bit-SoC/rtl/cpu/core/mispredict_reg.sv" into library xil_defaultlib
INFO: [VRFC 10-311] analyzing module mispredict_reg
INFO: [VRFC 10-2263] Analyzing SystemVerilog file "/home/quocviet/Project/Advanced-RISC-V-32-bit-SoC/rtl/cpu/core/rf.sv" into library xil_defaultlib
INFO: [VRFC 10-311] analyzing module rf
INFO: [VRFC 10-2263] Analyzing SystemVerilog file "/home/quocviet/Project/Advanced-RISC-V-32-bit-SoC/rtl/cpu/core/riscv_core.sv" into library xil_defaultlib
INFO: [VRFC 10-311] analyzing module riscv_core
INFO: [VRFC 10-2263] Analyzing SystemVerilog file "/home/quocviet/Project/Advanced-RISC-V-32-bit-SoC/rtl/cpu/riscv_soc.sv" into library xil_defaultlib
INFO: [VRFC 10-311] analyzing module riscv_soc
INFO: [VRFC 10-2263] Analyzing SystemVerilog file "/home/quocviet/Project/Advanced-RISC-V-32-bit-SoC/rtl/fpga/uart_axi.sv" into library xil_defaultlib
INFO: [VRFC 10-311] analyzing module uart_axi
INFO: [VRFC 10-2263] Analyzing SystemVerilog file "/home/quocviet/Project/Advanced-RISC-V-32-bit-SoC/rtl/fpga/uart_tx.sv" into library xil_defaultlib
INFO: [VRFC 10-311] analyzing module uart_tx
INFO: [VRFC 10-2263] Analyzing SystemVerilog file "/home/quocviet/Project/Advanced-RISC-V-32-bit-SoC/rtl/cpu/core/wb.sv" into library xil_defaultlib
INFO: [VRFC 10-311] analyzing module wb
INFO: [VRFC 10-2263] Analyzing SystemVerilog file "/home/quocviet/Project/Advanced-RISC-V-32-bit-SoC/rtl/cpu/cache/write_buffer.sv" into library xil_defaultlib
INFO: [VRFC 10-311] analyzing module write_buffer
INFO: [VRFC 10-2263] Analyzing SystemVerilog file "/home/quocviet/Project/Advanced-RISC-V-32-bit-SoC/tb/direct_test/fpga_top_tb.sv" into library xil_defaultlib
INFO: [VRFC 10-311] analyzing module fpga_top_tb
INFO: [VRFC 10-2263] Analyzing Verilog file "/home/quocviet/fpga_a7/fpga_a7.sim/sim_1/behav/xsim/glbl.v" into library xil_defaultlib
INFO: [VRFC 10-311] analyzing module glbl
