Time resolution is 1 ps
=== fpga_top_tb start ===

[120000] FIRST AXI READ: araddr=0x00000000 arlen=3

[443000] FIRST AXI WRITE: awaddr=0x0000effc
RISC-V Fibonacci:
F(0) = 0
F(1) = 1
F(2) = 1
F(3) = 2
F(4) = 3
F(5) = 5
F(6) = 8
F(7) = 13
F(8) = 21
F(9) = 34
F(10) = 55
F(11) = 89
F(12) = 144
F(13) = 233
F(14) = 377
F(15) = 610
Done.

=== END: AXI sent 187 chars, UART pin decoded 187 chars ===
=== PASS: serial path matches (every AXI byte appeared correctly on the wire) ===
$finish called at time : 19303642425 ps : File "/home/quocviet/Project/Advanced-RISC-V-32-bit-SoC/tb/direct_test/fpga_top_tb.sv" Line 148
INFO: xsimkernel Simulation Memory Usage: 281972 KB (Peak: 339076 KB), Simulation CPU Usage: 10040 ms
