#-----------------------------------------------------------
# Vivado v2025.2 (64-bit)
# SW Build 6299465 on Fri Nov 14 12:34:56 MST 2025
# IP Build 6300035 on Fri Nov 14 10:48:45 MST 2025
# SharedData Build 6298862 on Thu Nov 13 04:50:51 MST 2025
# Start of session at: Thu Jun  4 15:53:06 2026
# Process ID         : 597379
# Current directory  : /home/quocviet/Project/Advanced-RISC-V-32-bit-SoC/work
# Command line       : vivado -mode batch -source ../tcl/create_fpga_project.tcl
# Log file           : /home/quocviet/Project/Advanced-RISC-V-32-bit-SoC/work/vivado.log
# Journal file       : /home/quocviet/Project/Advanced-RISC-V-32-bit-SoC/work/vivado.jou
# Running On         : quocviet-workstation
# Platform           : Ubuntu
# Operating System   : Ubuntu 24.04.4 LTS
# Processor Detail   : 12th Gen Intel(R) Core(TM) i5-12400F
# CPU Frequency      : 3944.808 MHz
# CPU Physical cores : 6
# CPU Logical cores  : 12
# Host memory        : 33453 MB
# Swap memory        : 25769 MB
# Total Virtual      : 59223 MB
# Available Virtual  : 53459 MB
#-----------------------------------------------------------
source ../tcl/create_fpga_project.tcl
# set proj_name "fpga_demo"
# set proj_dir  "fpga_demo"
# set part      "xck26-sfvc784-2LV-c"
# create_project $proj_name $proj_dir -part $part -force
# add_files -norecurse {
#     ../rtl/cpu/cache/cache_pkg.sv
#     ../rtl/cpu/cache/axi_pkg.sv
#     ../rtl/cpu/core/cpu_pkg.sv
# }
# add_files -norecurse {
#     ../rtl/cpu/core/riscv_core.sv
#     ../rtl/cpu/core/fcu.sv
#     ../rtl/cpu/core/dbp.sv
#     ../rtl/cpu/core/if_id_pipeline.sv
#     ../rtl/cpu/core/cu.sv
#     ../rtl/cpu/core/rf.sv
#     ../rtl/cpu/core/immgen.sv
#     ../rtl/cpu/core/id_ex_pipeline.sv
#     ../rtl/cpu/core/alu.sv
#     ../rtl/cpu/core/alu_operand_mux.sv
#     ../rtl/cpu/core/fu.sv
#     ../rtl/cpu/core/fwd_mux.sv
#     ../rtl/cpu/core/hdu.sv
#     ../rtl/cpu/core/hazard_ctrl.sv
#     ../rtl/cpu/core/bru.sv
#     ../rtl/cpu/core/mispredict_reg.sv
#     ../rtl/cpu/core/ex_mem_pipeline.sv
#     ../rtl/cpu/core/lsu.sv
#     ../rtl/cpu/core/mem_wb_pipeline.sv
#     ../rtl/cpu/core/wb.sv
# }
# add_files -norecurse {
#     ../rtl/cpu/cache/cache_subsystem.sv
#     ../rtl/cpu/cache/icache.sv
#     ../rtl/cpu/cache/dcache.sv
#     ../rtl/cpu/cache/write_buffer.sv
#     ../rtl/cpu/cache/bus_arbiter.sv
# }
# add_files -norecurse ../rtl/cpu/riscv_soc.sv
# add_files -norecurse {
#     ../rtl/fpga/uart_tx.sv
#     ../rtl/fpga/uart_axi.sv
#     ../rtl/fpga/axi_bram.sv
#     ../rtl/fpga/axi_decoder.sv
#     ../rtl/fpga/fpga_top.sv
# }
# add_files -fileset constrs_1 -norecurse ../constrs/kv260.xdc
# set_property top fpga_top [current_fileset]
# set_property file_type SystemVerilog [get_files *.sv]
# puts "=== Project created: $proj_dir/$proj_name.xpr ==="
=== Project created: fpga_demo/fpga_demo.xpr ===
# puts "=== Open with: vivado $proj_dir/$proj_name.xpr ==="
=== Open with: vivado fpga_demo/fpga_demo.xpr ===
INFO: [Common 17-206] Exiting Vivado at Thu Jun  4 15:53:08 2026...
