#-----------------------------------------------------------
# Vivado v2025.2 (64-bit)
# SW Build 6299465 on Fri Nov 14 12:34:56 MST 2025
# IP Build 6300035 on Fri Nov 14 10:48:45 MST 2025
# SharedData Build 6298862 on Thu Nov 13 04:50:51 MST 2025
# Start of session at: Sun Jun 14 14:53:39 2026
# Process ID         : 563984
# Current directory  : /home/quocviet/Project/Advanced-RISC-V-32-bit-SoC/work
# Command line       : vivado -mode batch -source ../tcl/elaborate.tcl
# Log file           : /home/quocviet/Project/Advanced-RISC-V-32-bit-SoC/work/vivado.log
# Journal file       : /home/quocviet/Project/Advanced-RISC-V-32-bit-SoC/work/vivado.jou
# Running On         : quocviet-workstation
# Platform           : Ubuntu
# Operating System   : Ubuntu 24.04.4 LTS
# Processor Detail   : 12th Gen Intel(R) Core(TM) i5-12400F
# CPU Frequency      : 1824.995 MHz
# CPU Physical cores : 6
# CPU Logical cores  : 12
# Host memory        : 33452 MB
# Swap memory        : 25769 MB
# Total Virtual      : 59222 MB
# Available Virtual  : 56256 MB
#-----------------------------------------------------------
source ../tcl/elaborate.tcl
# create_project -in_memory -part xc7a35ticsg324-1L 
# proc get_files_recursive {dir pattern} {
#     set files [glob -nocomplain -directory $dir $pattern]
#     foreach sub_dir [glob -nocomplain -type d -directory $dir *] {
#         set files [concat $files [get_files_recursive $sub_dir $pattern]]
#     }
#     return $files
# }
# set pkg_files [get_files_recursive ../rtl "*_pkg.sv"]
# if {[llength $pkg_files] > 0} { 
#     read_verilog -sv $pkg_files 
#     puts "Loaded Packages: $pkg_files"
# }
Loaded Packages: ../rtl/cpu/core/cpu_pkg.sv ../rtl/cpu/cache/cache_pkg.sv ../rtl/cpu/cache/axi_pkg.sv
# set design_files {}
# foreach f [get_files_recursive ../rtl "*.sv"] {
#     if {[string first "_pkg.sv" $f] == -1} { 
#         lappend design_files $f 
#     }
# }
# if {[llength $design_files] > 0} { 
#     read_verilog -sv $design_files 
#     puts "Loaded Design Files: [llength $design_files] files"
# }
Loaded Design Files: 47 files
# synth_design -top cache_subsystem -rtl -name rtl_1
Command: synth_design -top cache_subsystem -rtl -name rtl_1
Starting synth_design
Using part: xc7a35ticsg324-1L
INFO: [Device 21-403] Loading part xc7a35ticsg324-1L
INFO: [Synth 8-7079] Multithreading enabled for synth_design using a maximum of 7 processes.
INFO: [Synth 8-7078] Launching helper process for spawning children vivado processes
INFO: [Synth 8-7075] Helper process launched with PID 564022
---------------------------------------------------------------------------------
Starting RTL Elaboration : Time (s): cpu = 00:00:02 ; elapsed = 00:00:03 . Memory (MB): peak = 2198.727 ; gain = 481.875 ; free physical = 22743 ; free virtual = 52292
---------------------------------------------------------------------------------
CRITICAL WARNING: [Synth 8-9873] overwriting previous definition of module 'fu' [/home/quocviet/Project/Advanced-RISC-V-32-bit-SoC/rtl/cpu/core/fu_7stg.sv:72]
INFO: [Synth 8-13127] previous definition of module 'fu' is here [/home/quocviet/Project/Advanced-RISC-V-32-bit-SoC/rtl/cpu/core/fu.sv:63]
CRITICAL WARNING: [Synth 8-9873] overwriting previous definition of module 'fwd_mux' [/home/quocviet/Project/Advanced-RISC-V-32-bit-SoC/rtl/cpu/core/fwd_mux_7stg.sv:71]
INFO: [Synth 8-13127] previous definition of module 'fwd_mux' is here [/home/quocviet/Project/Advanced-RISC-V-32-bit-SoC/rtl/cpu/core/fwd_mux.sv:60]
CRITICAL WARNING: [Synth 8-9873] overwriting previous definition of module 'hazard_ctrl' [/home/quocviet/Project/Advanced-RISC-V-32-bit-SoC/rtl/cpu/core/hazard_ctrl_7stg.sv:72]
INFO: [Synth 8-13127] previous definition of module 'hazard_ctrl' is here [/home/quocviet/Project/Advanced-RISC-V-32-bit-SoC/rtl/cpu/core/hazard_ctrl.sv:58]
ERROR: [Synth 8-36] 'STRB_WIDTH' is not declared [/home/quocviet/Project/Advanced-RISC-V-32-bit-SoC/rtl/cpu/core/lsu1.sv:42]
ERROR: [Synth 8-9960] range must be bounded by constant expressions [/home/quocviet/Project/Advanced-RISC-V-32-bit-SoC/rtl/cpu/core/lsu1.sv:42]
INFO: [Synth 8-10285] module 'lsu1' is ignored due to previous errors [/home/quocviet/Project/Advanced-RISC-V-32-bit-SoC/rtl/cpu/core/lsu1.sv:96]
INFO: [Synth 8-9084] Verilog file '/home/quocviet/Project/Advanced-RISC-V-32-bit-SoC/rtl/cpu/core/lsu1.sv' ignored due to errors
ERROR: [Synth 8-12188] Failed to read verilog '/home/quocviet/Project/Advanced-RISC-V-32-bit-SoC/rtl/cpu/core/lsu1.sv'
---------------------------------------------------------------------------------
Finished RTL Elaboration : Time (s): cpu = 00:00:03 ; elapsed = 00:00:03 . Memory (MB): peak = 2281.664 ; gain = 564.812 ; free physical = 22648 ; free virtual = 52198
---------------------------------------------------------------------------------
RTL Elaboration failed
9 Infos, 0 Warnings, 3 Critical Warnings and 4 Errors encountered.
synth_design failed
synth_design: Time (s): cpu = 00:00:05 ; elapsed = 00:00:05 . Memory (MB): peak = 2281.672 ; gain = 659.156 ; free physical = 22650 ; free virtual = 52200
INFO: [Common 17-2834] synth_design peak Physical Memory [PSS] (MB): overall = 1892.249; main = 1546.326; forked = 345.923
INFO: [Common 17-2834] synth_design peak Virtual Memory [VSS] (MB): overall = 3275.859; main = 2281.668; forked = 994.191
ERROR: [Vivado_Tcl 4-5] Elaboration failed - please see the console for details
INFO: [Common 17-206] Exiting Vivado at Sun Jun 14 14:53:46 2026...
