#-----------------------------------------------------------
# Vivado v2025.2 (64-bit)
# SW Build 6299465 on Fri Nov 14 12:34:56 MST 2025
# IP Build 6300035 on Fri Nov 14 10:48:45 MST 2025
# SharedData Build 6298862 on Thu Nov 13 04:50:51 MST 2025
# Start of session at: Thu Jun  4 15:45:04 2026
# Process ID         : 582082
# Current directory  : /home/quocviet/Project/Advanced-RISC-V-32-bit-SoC/work
# Command line       : vivado -mode batch -source ../tcl/sim.tcl -tclargs riscv_soc_tb
# Log file           : /home/quocviet/Project/Advanced-RISC-V-32-bit-SoC/work/vivado.log
# Journal file       : /home/quocviet/Project/Advanced-RISC-V-32-bit-SoC/work/vivado.jou
# Running On         : quocviet-workstation
# Platform           : Ubuntu
# Operating System   : Ubuntu 24.04.4 LTS
# Processor Detail   : 12th Gen Intel(R) Core(TM) i5-12400F
# CPU Frequency      : 800.532 MHz
# CPU Physical cores : 6
# CPU Logical cores  : 12
# Host memory        : 33453 MB
# Swap memory        : 25769 MB
# Total Virtual      : 59223 MB
# Available Virtual  : 48085 MB
#-----------------------------------------------------------
source ../tcl/sim.tcl
# set project_name [file tail [file dirname [pwd]]]
# open_project ${project_name}.xpr
INFO: [filemgmt 56-3] Default IP Output Path : Could not find the directory '/home/quocviet/Project/Advanced-RISC-V-32-bit-SoC/work/Advanced-RISC-V-32-bit-SoC.gen/sources_1'.
Scanning sources...
Finished scanning sources
WARNING: [Board 49-26] cannot add Board Part xilinx.com:emb-plus-vpr-4616:part0:1.0 available at /home/quocviet/Data/Vivado/2025.2/data/xhub/boards/XilinxBoardStore.disabled/boards/Xilinx/emb-plus-vpr-4616/1.0/board.xml as part xcve2302-sfva784-2mp-e-s specified in board_part file is either invalid or not available
WARNING: [Board 49-26] cannot add Board Part xilinx.com:emb-plus-vpr-4616:part0:1.1 available at /home/quocviet/Data/Vivado/2025.2/data/xhub/boards/XilinxBoardStore.disabled/boards/Xilinx/emb-plus-vpr-4616/1.1/board.xml as part xcve2302-sfva784-2mp-e-s specified in board_part file is either invalid or not available
WARNING: [Board 49-26] cannot add Board Part xilinx.com:kc705:part0:1.6 available at /home/quocviet/Data/Vivado/2025.2/data/xhub/boards/XilinxBoardStore.disabled/boards/Xilinx/kc705/1.6/board.xml as part xc7k325tffg900-2 specified in board_part file is either invalid or not available
WARNING: [Board 49-26] cannot add Board Part xilinx.com:kc705:part0:1.7 available at /home/quocviet/Data/Vivado/2025.2/data/xhub/boards/XilinxBoardStore.disabled/boards/Xilinx/kc705/1.7/board.xml as part xc7k325tffg900-2 specified in board_part file is either invalid or not available
WARNING: [Board 49-26] cannot add Board Part xilinx.com:kcu105:part0:1.6 available at /home/quocviet/Data/Vivado/2025.2/data/xhub/boards/XilinxBoardStore.disabled/boards/Xilinx/kcu105/1.6/board.xml as part xcku040-ffva1156-2-e specified in board_part file is either invalid or not available
WARNING: [Board 49-26] cannot add Board Part xilinx.com:kcu105:part0:1.7 available at /home/quocviet/Data/Vivado/2025.2/data/xhub/boards/XilinxBoardStore.disabled/boards/Xilinx/kcu105/1.7/board.xml as part xcku040-ffva1156-2-e specified in board_part file is either invalid or not available
WARNING: [Board 49-26] cannot add Board Part xilinx.com:kcu116:part0:1.4 available at /home/quocviet/Data/Vivado/2025.2/data/xhub/boards/XilinxBoardStore.disabled/boards/Xilinx/kcu116/1.4/board.xml as part xcku5p-ffvb676-2-e specified in board_part file is either invalid or not available
WARNING: [Board 49-26] cannot add Board Part xilinx.com:kcu116:part0:1.5 available at /home/quocviet/Data/Vivado/2025.2/data/xhub/boards/XilinxBoardStore.disabled/boards/Xilinx/kcu116/1.5/board.xml as part xcku5p-ffvb676-2-e specified in board_part file is either invalid or not available
WARNING: [Board 49-26] cannot add Board Part xilinx.com:kcu1500:part0:1.2 available at /home/quocviet/Data/Vivado/2025.2/data/xhub/boards/XilinxBoardStore.disabled/boards/Xilinx/kcu1500/1.2/board.xml as part xcku115-flvb2104-2-e specified in board_part file is either invalid or not available
WARNING: [Board 49-26] cannot add Board Part xilinx.com:scu35:part0:1.0 available at /home/quocviet/Data/Vivado/2025.2/data/xhub/boards/XilinxBoardStore.disabled/boards/Xilinx/scu35/1.0/board.xml as part xcsu35p-sbvb625-2-e specified in board_part file is either invalid or not available
WARNING: [Board 49-26] cannot add Board Part xilinx.com:v80:part0:1.0 available at /home/quocviet/Data/Vivado/2025.2/data/xhub/boards/XilinxBoardStore.disabled/boards/Xilinx/v80/1.0/board.xml as part xcv80-lsva4737-2mhp-e-s specified in board_part file is either invalid or not available
WARNING: [Board 49-26] cannot add Board Part xilinx.com:vc707:part0:1.4 available at /home/quocviet/Data/Vivado/2025.2/data/xhub/boards/XilinxBoardStore.disabled/boards/Xilinx/vc707/1.4/board.xml as part xc7vx485tffg1761-2 specified in board_part file is either invalid or not available
WARNING: [Board 49-26] cannot add Board Part xilinx.com:vc707:part0:1.5 available at /home/quocviet/Data/Vivado/2025.2/data/xhub/boards/XilinxBoardStore.disabled/boards/Xilinx/vc707/1.5/board.xml as part xc7vx485tffg1761-2 specified in board_part file is either invalid or not available
WARNING: [Board 49-26] cannot add Board Part xilinx.com:vc709:part0:1.8 available at /home/quocviet/Data/Vivado/2025.2/data/xhub/boards/XilinxBoardStore.disabled/boards/Xilinx/vc709/1.8/board.xml as part xc7vx690tffg1761-2 specified in board_part file is either invalid or not available
WARNING: [Board 49-26] cannot add Board Part xilinx.com:vck190:part0:2.2 available at /home/quocviet/Data/Vivado/2025.2/data/xhub/boards/XilinxBoardStore.disabled/boards/Xilinx/vck190/production/2.2/board.xml as part xcvc1902-vsva2197-2mp-e-s specified in board_part file is either invalid or not available
WARNING: [Board 49-26] cannot add Board Part xilinx.com:vck190:part0:3.0 available at /home/quocviet/Data/Vivado/2025.2/data/xhub/boards/XilinxBoardStore.disabled/boards/Xilinx/vck190/production/3.0/board.xml as part xcvc1902-vsva2197-2mp-e-s specified in board_part file is either invalid or not available
WARNING: [Board 49-26] cannot add Board Part xilinx.com:vck190:part0:3.1 available at /home/quocviet/Data/Vivado/2025.2/data/xhub/boards/XilinxBoardStore.disabled/boards/Xilinx/vck190/production/3.1/board.xml as part xcvc1902-vsva2197-2mp-e-s specified in board_part file is either invalid or not available
WARNING: [Board 49-26] cannot add Board Part xilinx.com:vck190:part0:3.2 available at /home/quocviet/Data/Vivado/2025.2/data/xhub/boards/XilinxBoardStore.disabled/boards/Xilinx/vck190/production/3.2/board.xml as part xcvc1902-vsva2197-2mp-e-s specified in board_part file is either invalid or not available
WARNING: [Board 49-26] cannot add Board Part xilinx.com:vck190:part0:3.3 available at /home/quocviet/Data/Vivado/2025.2/data/xhub/boards/XilinxBoardStore.disabled/boards/Xilinx/vck190/production/3.3/board.xml as part xcvc1902-vsva2197-2mp-e-s specified in board_part file is either invalid or not available
WARNING: [Board 49-26] cannot add Board Part xilinx.com:vck190:part0:3.4 available at /home/quocviet/Data/Vivado/2025.2/data/xhub/boards/XilinxBoardStore.disabled/boards/Xilinx/vck190/production/3.4/board.xml as part xcvc1902-vsva2197-2mp-e-s specified in board_part file is either invalid or not available
WARNING: [Board 49-26] cannot add Board Part xilinx.com:vck190_newl:part0:1.0 available at /home/quocviet/Data/Vivado/2025.2/data/xhub/boards/XilinxBoardStore.disabled/boards/Xilinx/vck190_newl/production/1.0/board.xml as part xcvc1902-vsva2197-2mp-e-s specified in board_part file is either invalid or not available
WARNING: [Board 49-26] cannot add Board Part xilinx.com:vck190_newl:part0:1.1 available at /home/quocviet/Data/Vivado/2025.2/data/xhub/boards/XilinxBoardStore.disabled/boards/Xilinx/vck190_newl/production/1.1/board.xml as part xcvc1902-vsva2197-2mp-e-s specified in board_part file is either invalid or not available
WARNING: [Board 49-26] cannot add Board Part xilinx.com:vck190_newl:part0:1.2 available at /home/quocviet/Data/Vivado/2025.2/data/xhub/boards/XilinxBoardStore.disabled/boards/Xilinx/vck190_newl/production/1.2/board.xml as part xcvc1902-vsva2197-2mp-e-s specified in board_part file is either invalid or not available
WARNING: [Board 49-26] cannot add Board Part xilinx.com:vck190_newl:part0:1.3 available at /home/quocviet/Data/Vivado/2025.2/data/xhub/boards/XilinxBoardStore.disabled/boards/Xilinx/vck190_newl/production/1.3/board.xml as part xcvc1902-vsva2197-2mp-e-s specified in board_part file is either invalid or not available
WARNING: [Board 49-26] cannot add Board Part xilinx.com:vcu108:part0:1.6 available at /home/quocviet/Data/Vivado/2025.2/data/xhub/boards/XilinxBoardStore.disabled/boards/Xilinx/vcu108/1.6/board.xml as part xcvu095-ffva2104-2-e specified in board_part file is either invalid or not available
WARNING: [Board 49-26] cannot add Board Part xilinx.com:vcu108:part0:1.7 available at /home/quocviet/Data/Vivado/2025.2/data/xhub/boards/XilinxBoardStore.disabled/boards/Xilinx/vcu108/1.7/board.xml as part xcvu095-ffva2104-2-e specified in board_part file is either invalid or not available
WARNING: [Board 49-26] cannot add Board Part xilinx.com:vcu110:part0:1.4 available at /home/quocviet/Data/Vivado/2025.2/data/xhub/boards/XilinxBoardStore.disabled/boards/Xilinx/vcu110/1.4/board.xml as part xcvu190-flgc2104-2-e specified in board_part file is either invalid or not available
WARNING: [Board 49-26] cannot add Board Part xilinx.com:vcu118:part0:2.0 available at /home/quocviet/Data/Vivado/2025.2/data/xhub/boards/XilinxBoardStore.disabled/boards/Xilinx/vcu118/2.0/board.xml as part xcvu9p-flga2104-2l-e specified in board_part file is either invalid or not available
WARNING: [Board 49-26] cannot add Board Part xilinx.com:vcu118:part0:2.3 available at /home/quocviet/Data/Vivado/2025.2/data/xhub/boards/XilinxBoardStore.disabled/boards/Xilinx/vcu118/2.3/board.xml as part xcvu9p-flga2104-2l-e specified in board_part file is either invalid or not available
WARNING: [Board 49-26] cannot add Board Part xilinx.com:vcu118:part0:2.4 available at /home/quocviet/Data/Vivado/2025.2/data/xhub/boards/XilinxBoardStore.disabled/boards/Xilinx/vcu118/2.4/board.xml as part xcvu9p-flga2104-2l-e specified in board_part file is either invalid or not available
WARNING: [Board 49-26] cannot add Board Part xilinx.com:vcu128:part0:1.0 available at /home/quocviet/Data/Vivado/2025.2/data/xhub/boards/XilinxBoardStore.disabled/boards/Xilinx/vcu128/production/1.0/board.xml as part xcvu37p-fsvh2892-2l-e specified in board_part file is either invalid or not available
WARNING: [Board 49-26] cannot add Board Part xilinx.com:vcu129:part0:1.0 available at /home/quocviet/Data/Vivado/2025.2/data/xhub/boards/XilinxBoardStore.disabled/boards/Xilinx/vcu129/production/1.0/board.xml as part xcvu29p-fsga2577-2l-e specified in board_part file is either invalid or not available
WARNING: [Board 49-26] cannot add Board Part xilinx.com:vcu1525:part0:1.3 available at /home/quocviet/Data/Vivado/2025.2/data/xhub/boards/XilinxBoardStore.disabled/boards/Xilinx/vcu1525/1.3/board.xml as part xcvu9p-fsgd2104-2l-e specified in board_part file is either invalid or not available
WARNING: [Board 49-26] cannot add Board Part xilinx.com:vek280:part0:1.0 available at /home/quocviet/Data/Vivado/2025.2/data/xhub/boards/XilinxBoardStore.disabled/boards/Xilinx/vek280/production/1.0/board.xml as part xcve2802-vsvh1760-2mp-e-s specified in board_part file is either invalid or not available
WARNING: [Board 49-26] cannot add Board Part xilinx.com:vek280:part0:1.1 available at /home/quocviet/Data/Vivado/2025.2/data/xhub/boards/XilinxBoardStore.disabled/boards/Xilinx/vek280/production/1.1/board.xml as part xcve2802-vsvh1760-2mp-e-s specified in board_part file is either invalid or not available
WARNING: [Board 49-26] cannot add Board Part xilinx.com:vek280:part0:1.2 available at /home/quocviet/Data/Vivado/2025.2/data/xhub/boards/XilinxBoardStore.disabled/boards/Xilinx/vek280/production/1.2/board.xml as part xcve2802-vsvh1760-2mp-e-s specified in board_part file is either invalid or not available
WARNING: [Board 49-26] cannot add Board Part xilinx.com:vek385:part0:1.0 available at /home/quocviet/Data/Vivado/2025.2/data/xhub/boards/XilinxBoardStore.disabled/boards/Xilinx/vek385/1.0/board.xml as part xc2ve3858-ssva2112-2mp-e-s specified in board_part file is either invalid or not available
WARNING: [Board 49-26] cannot add Board Part xilinx.com:vek385:part0:1.1 available at /home/quocviet/Data/Vivado/2025.2/data/xhub/boards/XilinxBoardStore.disabled/boards/Xilinx/vek385/1.1/board.xml as part xc2ve3858-ssva2112-2mp-e-s specified in board_part file is either invalid or not available
WARNING: [Board 49-26] cannot add Board Part xilinx.com:vek385_1:part0:1.0 available at /home/quocviet/Data/Vivado/2025.2/data/xhub/boards/XilinxBoardStore.disabled/boards/Xilinx/vek385_2/1.0/board.xml as part xc2ve3858-ssva2112-2mp-e-s specified in board_part file is either invalid or not available
WARNING: [Board 49-26] cannot add Board Part xilinx.com:vermeo_t1_mpsoc:part0:1.0 available at /home/quocviet/Data/Vivado/2025.2/data/xhub/boards/XilinxBoardStore.disabled/boards/Xilinx/vermeo_t1_mpsoc/1.0/board.xml as part xczu19eg-ffvd1760-2l-e specified in board_part file is either invalid or not available
WARNING: [Board 49-26] cannot add Board Part xilinx.com:vermeo_t1_rfsoc:part0:1.0 available at /home/quocviet/Data/Vivado/2025.2/data/xhub/boards/XilinxBoardStore.disabled/boards/Xilinx/vermeo_t1_rfsoc/1.0/board.xml as part xczu21dr-ffvd1156-2l-e specified in board_part file is either invalid or not available
WARNING: [Board 49-26] cannot add Board Part xilinx.com:vhk158:part0:1.0 available at /home/quocviet/Data/Vivado/2025.2/data/xhub/boards/XilinxBoardStore.disabled/boards/Xilinx/vhk158/production/1.0/board.xml as part xcvh1582-vsva3697-2mp-e-s specified in board_part file is either invalid or not available
WARNING: [Board 49-26] cannot add Board Part xilinx.com:vhk158:part0:1.1 available at /home/quocviet/Data/Vivado/2025.2/data/xhub/boards/XilinxBoardStore.disabled/boards/Xilinx/vhk158/production/1.1/board.xml as part xcvh1582-vsva3697-2mp-e-s specified in board_part file is either invalid or not available
WARNING: [Board 49-26] cannot add Board Part xilinx.com:vhk158:part0:1.2 available at /home/quocviet/Data/Vivado/2025.2/data/xhub/boards/XilinxBoardStore.disabled/boards/Xilinx/vhk158/production/1.2/board.xml as part xcvh1582-vsva3697-2mp-e-s specified in board_part file is either invalid or not available
WARNING: [Board 49-26] cannot add Board Part xilinx.com:vmk180:part0:2.2 available at /home/quocviet/Data/Vivado/2025.2/data/xhub/boards/XilinxBoardStore.disabled/boards/Xilinx/vmk180/production/2.2/board.xml as part xcvm1802-vsva2197-2mp-e-s specified in board_part file is either invalid or not available
WARNING: [Board 49-26] cannot add Board Part xilinx.com:vmk180:part0:3.0 available at /home/quocviet/Data/Vivado/2025.2/data/xhub/boards/XilinxBoardStore.disabled/boards/Xilinx/vmk180/production/3.0/board.xml as part xcvm1802-vsva2197-2mp-e-s specified in board_part file is either invalid or not available
WARNING: [Board 49-26] cannot add Board Part xilinx.com:vmk180:part0:3.1 available at /home/quocviet/Data/Vivado/2025.2/data/xhub/boards/XilinxBoardStore.disabled/boards/Xilinx/vmk180/production/3.1/board.xml as part xcvm1802-vsva2197-2mp-e-s specified in board_part file is either invalid or not available
WARNING: [Board 49-26] cannot add Board Part xilinx.com:vmk180:part0:3.2 available at /home/quocviet/Data/Vivado/2025.2/data/xhub/boards/XilinxBoardStore.disabled/boards/Xilinx/vmk180/production/3.2/board.xml as part xcvm1802-vsva2197-2mp-e-s specified in board_part file is either invalid or not available
WARNING: [Board 49-26] cannot add Board Part xilinx.com:vmk180:part0:3.3 available at /home/quocviet/Data/Vivado/2025.2/data/xhub/boards/XilinxBoardStore.disabled/boards/Xilinx/vmk180/production/3.3/board.xml as part xcvm1802-vsva2197-2mp-e-s specified in board_part file is either invalid or not available
WARNING: [Board 49-26] cannot add Board Part xilinx.com:vmk180_newl:part0:1.0 available at /home/quocviet/Data/Vivado/2025.2/data/xhub/boards/XilinxBoardStore.disabled/boards/Xilinx/vmk180_newl/production/1.0/board.xml as part xcvm1802-vsva2197-2mp-e-s specified in board_part file is either invalid or not available
WARNING: [Board 49-26] cannot add Board Part xilinx.com:vmk180_newl:part0:1.1 available at /home/quocviet/Data/Vivado/2025.2/data/xhub/boards/XilinxBoardStore.disabled/boards/Xilinx/vmk180_newl/production/1.1/board.xml as part xcvm1802-vsva2197-2mp-e-s specified in board_part file is either invalid or not available
WARNING: [Board 49-26] cannot add Board Part xilinx.com:vpk120:part0:1.0 available at /home/quocviet/Data/Vivado/2025.2/data/xhub/boards/XilinxBoardStore.disabled/boards/Xilinx/vpk120/production/1.0/board.xml as part xcvp1202-vsva2785-2mp-e-s specified in board_part file is either invalid or not available
WARNING: [Board 49-26] cannot add Board Part xilinx.com:vpk120:part0:1.1 available at /home/quocviet/Data/Vivado/2025.2/data/xhub/boards/XilinxBoardStore.disabled/boards/Xilinx/vpk120/production/1.1/board.xml as part xcvp1202-vsva2785-2mp-e-s specified in board_part file is either invalid or not available
WARNING: [Board 49-26] cannot add Board Part xilinx.com:vpk120:part0:1.2 available at /home/quocviet/Data/Vivado/2025.2/data/xhub/boards/XilinxBoardStore.disabled/boards/Xilinx/vpk120/production/1.2/board.xml as part xcvp1202-vsva2785-2mp-e-s specified in board_part file is either invalid or not available
WARNING: [Board 49-26] cannot add Board Part xilinx.com:vpk180:part0:1.0 available at /home/quocviet/Data/Vivado/2025.2/data/xhub/boards/XilinxBoardStore.disabled/boards/Xilinx/vpk180/production/1.0/board.xml as part xcvp1802-lsvc4072-2mp-e-s specified in board_part file is either invalid or not available
WARNING: [Board 49-26] cannot add Board Part xilinx.com:vpk180:part0:1.1 available at /home/quocviet/Data/Vivado/2025.2/data/xhub/boards/XilinxBoardStore.disabled/boards/Xilinx/vpk180/production/1.1/board.xml as part xcvp1802-lsvc4072-2mp-e-s specified in board_part file is either invalid or not available
WARNING: [Board 49-26] cannot add Board Part xilinx.com:vpk180:part0:1.2 available at /home/quocviet/Data/Vivado/2025.2/data/xhub/boards/XilinxBoardStore.disabled/boards/Xilinx/vpk180/production/1.2/board.xml as part xcvp1802-lsvc4072-2mp-e-s specified in board_part file is either invalid or not available
WARNING: [Board 49-26] cannot add Board Part xilinx.com:vrk160:part0:1.0 available at /home/quocviet/Data/Vivado/2025.2/data/xhub/boards/XilinxBoardStore.disabled/boards/Xilinx/vrk160/1.0/board.xml as part xcvr1602-vsva2488-2mp-e-s-es1 specified in board_part file is either invalid or not available
WARNING: [Board 49-26] cannot add Board Part xilinx.com:vrk160:part0:1.1 available at /home/quocviet/Data/Vivado/2025.2/data/xhub/boards/XilinxBoardStore.disabled/boards/Xilinx/vrk160/1.1/board.xml as part xcvr1602-vsva2488-2mp-e-s-es1 specified in board_part file is either invalid or not available
WARNING: [Board 49-26] cannot add Board Part xilinx.com:zc706:part0:1.4 available at /home/quocviet/Data/Vivado/2025.2/data/xhub/boards/XilinxBoardStore.disabled/boards/Xilinx/zc706/1.4/board.xml as part xc7z045ffg900-2 specified in board_part file is either invalid or not available
WARNING: [Board 49-26] cannot add Board Part xilinx.com:zc706:part0:1.5 available at /home/quocviet/Data/Vivado/2025.2/data/xhub/boards/XilinxBoardStore.disabled/boards/Xilinx/zc706/1.5/board.xml as part xc7z045ffg900-2 specified in board_part file is either invalid or not available
WARNING: [Board 49-26] cannot add Board Part xilinx.com:zcu102:part0:3.3 available at /home/quocviet/Data/Vivado/2025.2/data/xhub/boards/XilinxBoardStore.disabled/boards/Xilinx/zcu102/3.3/board.xml as part xczu9eg-ffvb1156-2-e specified in board_part file is either invalid or not available
WARNING: [Board 49-26] cannot add Board Part xilinx.com:zcu102:part0:3.4 available at /home/quocviet/Data/Vivado/2025.2/data/xhub/boards/XilinxBoardStore.disabled/boards/Xilinx/zcu102/3.4/board.xml as part xczu9eg-ffvb1156-2-e specified in board_part file is either invalid or not available
WARNING: [Board 49-26] cannot add Board Part xilinx.com:zcu111:part0:1.2 available at /home/quocviet/Data/Vivado/2025.2/data/xhub/boards/XilinxBoardStore.disabled/boards/Xilinx/zcu111/1.2/board.xml as part xczu28dr-ffvg1517-2-e specified in board_part file is either invalid or not available
WARNING: [Board 49-26] cannot add Board Part xilinx.com:zcu111:part0:1.3 available at /home/quocviet/Data/Vivado/2025.2/data/xhub/boards/XilinxBoardStore.disabled/boards/Xilinx/zcu111/1.3/board.xml as part xczu28dr-ffvg1517-2-e specified in board_part file is either invalid or not available
WARNING: [Board 49-26] cannot add Board Part xilinx.com:zcu111:part0:1.4 available at /home/quocviet/Data/Vivado/2025.2/data/xhub/boards/XilinxBoardStore.disabled/boards/Xilinx/zcu111/1.4/board.xml as part xczu28dr-ffvg1517-2-e specified in board_part file is either invalid or not available
WARNING: [Board 49-26] cannot add Board Part xilinx.com:zcu1275:part0:1.0 available at /home/quocviet/Data/Vivado/2025.2/data/xhub/boards/XilinxBoardStore.disabled/boards/Xilinx/zcu1275/1.0/board.xml as part xczu29dr-ffvf1760-2-e specified in board_part file is either invalid or not available
WARNING: [Board 49-26] cannot add Board Part xilinx.com:zcu1285:part0:1.0 available at /home/quocviet/Data/Vivado/2025.2/data/xhub/boards/XilinxBoardStore.disabled/boards/Xilinx/zcu1285/1.0/board.xml as part xczu39dr-ffvf1760-2-i specified in board_part file is either invalid or not available
WARNING: [Board 49-26] cannot add Board Part xilinx.com:zcu208:part0:2.0 available at /home/quocviet/Data/Vivado/2025.2/data/xhub/boards/XilinxBoardStore.disabled/boards/Xilinx/zcu208/production/2.0/board.xml as part xczu48dr-fsvg1517-2-e specified in board_part file is either invalid or not available
WARNING: [Board 49-26] cannot add Board Part xilinx.com:zcu208ld:part0:2.0 available at /home/quocviet/Data/Vivado/2025.2/data/xhub/boards/XilinxBoardStore.disabled/boards/Xilinx/zcu208ld/production/2.0/board.xml as part xczu58dr-fsvg1517-2-i specified in board_part file is either invalid or not available
WARNING: [Board 49-26] cannot add Board Part xilinx.com:zcu216:part0:2.0 available at /home/quocviet/Data/Vivado/2025.2/data/xhub/boards/XilinxBoardStore.disabled/boards/Xilinx/zcu216/production/2.0/board.xml as part xczu49dr-ffvf1760-2-e specified in board_part file is either invalid or not available
WARNING: [Board 49-26] cannot add Board Part xilinx.com:zcu216ld:part0:2.0 available at /home/quocviet/Data/Vivado/2025.2/data/xhub/boards/XilinxBoardStore.disabled/boards/Xilinx/zcu216ld/production/2.0/board.xml as part xczu59dr-ffvf1760-2-i specified in board_part file is either invalid or not available
WARNING: [Board 49-26] cannot add Board Part xilinx.com:zcu670:part0:2.0 available at /home/quocviet/Data/Vivado/2025.2/data/xhub/boards/XilinxBoardStore.disabled/boards/Xilinx/zcu670/2.0/board.xml as part xczu67dr-fsve1156-2-i specified in board_part file is either invalid or not available
WARNING: [Board 49-26] cannot add Board Part xilinx.com:zcu670ld:part0:1.0 available at /home/quocviet/Data/Vivado/2025.2/data/xhub/boards/XilinxBoardStore.disabled/boards/Xilinx/zcu670ld/1.0/board.xml as part xczu57dr-fsve1156-2-i specified in board_part file is either invalid or not available
WARNING: [Project 1-5713] Board part '' set for the project  is not found. BoardPart property will be unset. Please select board from latest repo build 
# if {[llength $argv] > 0} {
#     set tb_top [lindex $argv 0]
#     puts "========== Testbench: $tb_top =========="
# 
#     # Tim TB file trong ca 2 thu muc: tb/direct_test/ va tb/riscv_test/
#     set search_dirs [list "../tb/direct_test" "../tb/riscv_test"]
#     set tb_file ""
#     foreach dir $search_dirs {
#         set candidate [file normalize "${dir}/${tb_top}.sv"]
#         if {[file exists $candidate]} {
#             set tb_file $candidate
#             break
#         }
#     }
#     if {$tb_file eq ""} {
#         error "Khong tim thay ${tb_top}.sv trong tb/direct_test/ hoac tb/riscv_test/"
#     }
# 
#     if {[llength [get_files -quiet $tb_file]] == 0} {
#         puts "Adding $tb_file to sim_1 fileset..."
#         add_files -fileset sim_1 $tb_file
#         set_property file_type SystemVerilog [get_files $tb_file]
#     }
# 
#     set_property source_mgmt_mode None [current_project]
#     set_property top_auto_set 0 [get_filesets sim_1]
#     set_property top $tb_top [get_filesets sim_1]
#     update_compile_order -fileset sim_1
# } else {
#     set_property top_auto_set 1 [get_filesets sim_1]
#     update_compile_order -fileset sim_1
# }
========== Testbench: riscv_soc_tb ==========
# set_property -name {xsim.simulate.runtime} -value {-all} -objects [get_filesets sim_1]
# puts "========== Launching Simulation =========="
========== Launching Simulation ==========
# launch_simulation
Command: launch_simulation 
INFO: [Vivado 12-25911] Executing simulation for 'XSim' simulator
INFO: [Project 1-5737] Running on host quocviet-workstation (64) - Ubuntu 24.04.4 LTS
INFO: [Vivado 12-28535] Process started - Thu Jun  4 15:45:08 2026

INFO: [Vivado 12-12493] Simulation top is 'riscv_soc_tb'
INFO: [Vivado 12-5682] Launching behavioral simulation in '/home/quocviet/Project/Advanced-RISC-V-32-bit-SoC/work/Advanced-RISC-V-32-bit-SoC.sim/sim_1/behav/xsim'
INFO: [SIM-utils-51] Simulation object is 'sim_1'
INFO: [SIM-utils-72] Using boost library from '/home/quocviet/Data/Vivado/2025.2/tps/boost_1_72_0'
INFO: [SIM-utils-54] Inspecting design source files for 'riscv_soc_tb' in fileset 'sim_1'...
INFO: [USF-XSim-97] Finding global include files...
INFO: [USF-XSim-100] Fetching design files from 'sources_1'...(this may take a while)...
INFO: [USF-XSim-101] Fetching design files from 'sim_1'...
INFO: [USF-XSim-2] XSim::Compile design
INFO: [USF-XSim-61] Executing 'COMPILE and ANALYZE' step in '/home/quocviet/Project/Advanced-RISC-V-32-bit-SoC/work/Advanced-RISC-V-32-bit-SoC.sim/sim_1/behav/xsim'
xvlog --incr --relax -L uvm -prj riscv_soc_tb_vlog.prj
INFO: [VRFC 10-2263] Analyzing SystemVerilog file "/home/quocviet/Project/Advanced-RISC-V-32-bit-SoC/rtl/cpu/core/cpu_pkg.sv" into library xil_defaultlib
INFO: [VRFC 10-2263] Analyzing SystemVerilog file "/home/quocviet/Project/Advanced-RISC-V-32-bit-SoC/rtl/cpu/core/alu.sv" into library xil_defaultlib
INFO: [VRFC 10-311] analyzing module alu
INFO: [VRFC 10-2263] Analyzing SystemVerilog file "/home/quocviet/Project/Advanced-RISC-V-32-bit-SoC/rtl/cpu/core/alu_operand_mux.sv" into library xil_defaultlib
INFO: [VRFC 10-311] analyzing module alu_operand_mux
INFO: [VRFC 10-2263] Analyzing SystemVerilog file "/home/quocviet/Project/Advanced-RISC-V-32-bit-SoC/rtl/cpu/cache/axi_pkg.sv" into library xil_defaultlib
INFO: [VRFC 10-2263] Analyzing SystemVerilog file "/home/quocviet/Project/Advanced-RISC-V-32-bit-SoC/rtl/cpu/core/bru.sv" into library xil_defaultlib
INFO: [VRFC 10-311] analyzing module bru
INFO: [VRFC 10-2263] Analyzing SystemVerilog file "/home/quocviet/Project/Advanced-RISC-V-32-bit-SoC/rtl/cpu/cache/cache_pkg.sv" into library xil_defaultlib
INFO: [VRFC 10-2263] Analyzing SystemVerilog file "/home/quocviet/Project/Advanced-RISC-V-32-bit-SoC/rtl/cpu/cache/bus_arbiter.sv" into library xil_defaultlib
INFO: [VRFC 10-311] analyzing module bus_arbiter
INFO: [VRFC 10-2263] Analyzing SystemVerilog file "/home/quocviet/Project/Advanced-RISC-V-32-bit-SoC/rtl/cpu/cache/cache_subsystem.sv" into library xil_defaultlib
INFO: [VRFC 10-311] analyzing module cache_subsystem
INFO: [VRFC 10-2263] Analyzing SystemVerilog file "/home/quocviet/Project/Advanced-RISC-V-32-bit-SoC/rtl/cpu/core/cu.sv" into library xil_defaultlib
INFO: [VRFC 10-311] analyzing module cu
INFO: [VRFC 10-2263] Analyzing SystemVerilog file "/home/quocviet/Project/Advanced-RISC-V-32-bit-SoC/rtl/cpu/core/dbp.sv" into library xil_defaultlib
INFO: [VRFC 10-311] analyzing module dbp
INFO: [VRFC 10-2263] Analyzing SystemVerilog file "/home/quocviet/Project/Advanced-RISC-V-32-bit-SoC/rtl/cpu/cache/dcache.sv" into library xil_defaultlib
INFO: [VRFC 10-311] analyzing module dcache
INFO: [VRFC 10-2263] Analyzing SystemVerilog file "/home/quocviet/Project/Advanced-RISC-V-32-bit-SoC/rtl/cpu/core/ex_mem_pipeline.sv" into library xil_defaultlib
INFO: [VRFC 10-311] analyzing module ex_mem_pipeline
INFO: [VRFC 10-2263] Analyzing SystemVerilog file "/home/quocviet/Project/Advanced-RISC-V-32-bit-SoC/rtl/cpu/core/fcu.sv" into library xil_defaultlib
INFO: [VRFC 10-311] analyzing module fcu
INFO: [VRFC 10-2263] Analyzing SystemVerilog file "/home/quocviet/Project/Advanced-RISC-V-32-bit-SoC/rtl/cpu/core/fu.sv" into library xil_defaultlib
INFO: [VRFC 10-311] analyzing module fu
INFO: [VRFC 10-2263] Analyzing SystemVerilog file "/home/quocviet/Project/Advanced-RISC-V-32-bit-SoC/rtl/cpu/core/hdu.sv" into library xil_defaultlib
INFO: [VRFC 10-311] analyzing module hdu
INFO: [VRFC 10-2263] Analyzing SystemVerilog file "/home/quocviet/Project/Advanced-RISC-V-32-bit-SoC/rtl/cpu/cache/icache.sv" into library xil_defaultlib
INFO: [VRFC 10-311] analyzing module icache
INFO: [VRFC 10-2263] Analyzing SystemVerilog file "/home/quocviet/Project/Advanced-RISC-V-32-bit-SoC/rtl/cpu/core/id_ex_pipeline.sv" into library xil_defaultlib
INFO: [VRFC 10-311] analyzing module id_ex_pipeline
INFO: [VRFC 10-2263] Analyzing SystemVerilog file "/home/quocviet/Project/Advanced-RISC-V-32-bit-SoC/rtl/cpu/core/if_id_pipeline.sv" into library xil_defaultlib
INFO: [VRFC 10-311] analyzing module if_id_pipeline
INFO: [VRFC 10-2263] Analyzing SystemVerilog file "/home/quocviet/Project/Advanced-RISC-V-32-bit-SoC/rtl/cpu/core/immgen.sv" into library xil_defaultlib
INFO: [VRFC 10-311] analyzing module immgen
INFO: [VRFC 10-2263] Analyzing SystemVerilog file "/home/quocviet/Project/Advanced-RISC-V-32-bit-SoC/rtl/cpu/core/lsu.sv" into library xil_defaultlib
INFO: [VRFC 10-311] analyzing module lsu
INFO: [VRFC 10-2263] Analyzing SystemVerilog file "/home/quocviet/Project/Advanced-RISC-V-32-bit-SoC/rtl/cpu/core/mem_wb_pipeline.sv" into library xil_defaultlib
INFO: [VRFC 10-311] analyzing module mem_wb_pipeline
INFO: [VRFC 10-2263] Analyzing SystemVerilog file "/home/quocviet/Project/Advanced-RISC-V-32-bit-SoC/rtl/cpu/core/rf.sv" into library xil_defaultlib
INFO: [VRFC 10-311] analyzing module rf
INFO: [VRFC 10-2263] Analyzing SystemVerilog file "/home/quocviet/Project/Advanced-RISC-V-32-bit-SoC/rtl/cpu/core/riscv_core.sv" into library xil_defaultlib
INFO: [VRFC 10-311] analyzing module riscv_core
INFO: [VRFC 10-2263] Analyzing SystemVerilog file "/home/quocviet/Project/Advanced-RISC-V-32-bit-SoC/rtl/cpu/core/wb.sv" into library xil_defaultlib
INFO: [VRFC 10-311] analyzing module wb
INFO: [VRFC 10-2263] Analyzing SystemVerilog file "/home/quocviet/Project/Advanced-RISC-V-32-bit-SoC/rtl/cpu/cache/write_buffer.sv" into library xil_defaultlib
INFO: [VRFC 10-311] analyzing module write_buffer
INFO: [VRFC 10-2263] Analyzing SystemVerilog file "/home/quocviet/Project/Advanced-RISC-V-32-bit-SoC/rtl/cpu/riscv_soc.sv" into library xil_defaultlib
INFO: [VRFC 10-311] analyzing module riscv_soc
INFO: [VRFC 10-2263] Analyzing SystemVerilog file "/home/quocviet/Project/Advanced-RISC-V-32-bit-SoC/tb/direct_test/dbp_tb.sv" into library xil_defaultlib
INFO: [VRFC 10-311] analyzing module dbp_tb
INFO: [VRFC 10-2263] Analyzing SystemVerilog file "/home/quocviet/Project/Advanced-RISC-V-32-bit-SoC/tb/direct_test/CPU_RISC_V_tb.sv" into library xil_defaultlib
INFO: [VRFC 10-311] analyzing module CPU_RISC_V_tb
INFO: [VRFC 10-2263] Analyzing SystemVerilog file "/home/quocviet/Project/Advanced-RISC-V-32-bit-SoC/tb/direct_test/jal_prologue_tb.sv" into library xil_defaultlib
INFO: [VRFC 10-311] analyzing module jal_prologue_tb
INFO: [VRFC 10-2263] Analyzing SystemVerilog file "/home/quocviet/Project/Advanced-RISC-V-32-bit-SoC/tb/direct_test/jal_minimal_tb.sv" into library xil_defaultlib
INFO: [VRFC 10-311] analyzing module jal_minimal_tb
INFO: [VRFC 10-2263] Analyzing SystemVerilog file "/home/quocviet/Project/Advanced-RISC-V-32-bit-SoC/tb/direct_test/lsu_tb.sv" into library xil_defaultlib
INFO: [VRFC 10-311] analyzing module lsu_tb
INFO: [VRFC 10-2263] Analyzing SystemVerilog file "/home/quocviet/Project/Advanced-RISC-V-32-bit-SoC/tb/direct_test/fcu_tb.sv" into library xil_defaultlib
INFO: [VRFC 10-311] analyzing module fcu_tb
INFO: [VRFC 10-2263] Analyzing SystemVerilog file "/home/quocviet/Project/Advanced-RISC-V-32-bit-SoC/tb/direct_test/immgen_tb.sv" into library xil_defaultlib
INFO: [VRFC 10-311] analyzing module immgen_tb
INFO: [VRFC 10-2263] Analyzing SystemVerilog file "/home/quocviet/Project/Advanced-RISC-V-32-bit-SoC/tb/direct_test/fu_tb.sv" into library xil_defaultlib
INFO: [VRFC 10-311] analyzing module fu_tb
INFO: [VRFC 10-2263] Analyzing SystemVerilog file "/home/quocviet/Project/Advanced-RISC-V-32-bit-SoC/tb/direct_test/rf_tb.sv" into library xil_defaultlib
INFO: [VRFC 10-311] analyzing module rf_tb
INFO: [VRFC 10-2263] Analyzing SystemVerilog file "/home/quocviet/Project/Advanced-RISC-V-32-bit-SoC/tb/direct_test/bypass_fwd_tb.sv" into library xil_defaultlib
INFO: [VRFC 10-311] analyzing module bypass_fwd_tb
INFO: [VRFC 10-2263] Analyzing SystemVerilog file "/home/quocviet/Project/Advanced-RISC-V-32-bit-SoC/tb/direct_test/hdu_tb.sv" into library xil_defaultlib
INFO: [VRFC 10-311] analyzing module hdu_tb
INFO: [VRFC 10-2263] Analyzing SystemVerilog file "/home/quocviet/Project/Advanced-RISC-V-32-bit-SoC/tb/direct_test/bru_tb.sv" into library xil_defaultlib
INFO: [VRFC 10-311] analyzing module bru_tb
INFO: [VRFC 10-2263] Analyzing SystemVerilog file "/home/quocviet/Project/Advanced-RISC-V-32-bit-SoC/tb/direct_test/alu_tb.sv" into library xil_defaultlib
INFO: [VRFC 10-311] analyzing module alu_tb
INFO: [VRFC 10-2263] Analyzing SystemVerilog file "/home/quocviet/Project/Advanced-RISC-V-32-bit-SoC/tb/direct_test/cu_tb.sv" into library xil_defaultlib
INFO: [VRFC 10-311] analyzing module cu_tb
INFO: [VRFC 10-2263] Analyzing SystemVerilog file "/home/quocviet/Project/Advanced-RISC-V-32-bit-SoC/tb/riscv_test/rv32ui_tb.sv" into library xil_defaultlib
INFO: [VRFC 10-311] analyzing module rv32ui_tb
INFO: [VRFC 10-2263] Analyzing SystemVerilog file "/home/quocviet/Project/Advanced-RISC-V-32-bit-SoC/tb/direct_test/cache_subsystem_tb.sv" into library xil_defaultlib
INFO: [VRFC 10-311] analyzing module cache_subsystem_tb
INFO: [VRFC 10-2263] Analyzing SystemVerilog file "/home/quocviet/Project/Advanced-RISC-V-32-bit-SoC/tb/direct_test/axi_slave_model.sv" into library xil_defaultlib
INFO: [VRFC 10-311] analyzing module axi_slave_model
INFO: [VRFC 10-2263] Analyzing SystemVerilog file "/home/quocviet/Project/Advanced-RISC-V-32-bit-SoC/tb/direct_test/riscv_soc_tb.sv" into library xil_defaultlib
INFO: [VRFC 10-311] analyzing module riscv_soc_tb
INFO: [VRFC 10-2263] Analyzing Verilog file "/home/quocviet/Project/Advanced-RISC-V-32-bit-SoC/work/Advanced-RISC-V-32-bit-SoC.sim/sim_1/behav/xsim/glbl.v" into library xil_defaultlib
INFO: [VRFC 10-311] analyzing module glbl
Waiting for jobs to finish...
No pending jobs, compilation finished.
INFO: [USF-XSim-69] 'compile' step finished in '1' seconds
INFO: [USF-XSim-3] XSim::Elaborate design
INFO: [USF-XSim-61] Executing 'ELABORATE' step in '/home/quocviet/Project/Advanced-RISC-V-32-bit-SoC/work/Advanced-RISC-V-32-bit-SoC.sim/sim_1/behav/xsim'
xelab --incr --debug typical --relax --mt 8 -L xil_defaultlib -L uvm -L unisims_ver -L unimacro_ver -L secureip --snapshot riscv_soc_tb_behav xil_defaultlib.riscv_soc_tb xil_defaultlib.glbl -log elaborate.log
Vivado Simulator v2025.2
Copyright 1986-2022 Xilinx, Inc. All Rights Reserved.
Copyright 2022-2025 Advanced Micro Devices, Inc. All Rights Reserved.
Running: /home/quocviet/Data/Vivado/2025.2/Vivado/bin/unwrapped/lnx64.o/xelab --incr --debug typical --relax --mt 8 -L xil_defaultlib -L uvm -L unisims_ver -L unimacro_ver -L secureip --snapshot riscv_soc_tb_behav xil_defaultlib.riscv_soc_tb xil_defaultlib.glbl -log elaborate.log 
Using 8 slave threads.
WARNING: [XSIM 43-3431] One or more environment variables have been detected which affect the operation of the C compiler. These are typically not set in standard installations and are not tested by AMD, however they may be appropriate for your system, so the flow will attempt to continue.  If errors occur, try running xelab with the "-mt off -v 1" switches to see more information from the C compiler. The following environment variables have been detected:
    LIBRARY_PATH
Starting static elaboration
Pass Through NonSizing Optimizer
ERROR: [VRFC 10-2063] Module <hazard_ctrl> not found while processing module instance <u_hazard_ctrl> [/home/quocviet/Project/Advanced-RISC-V-32-bit-SoC/rtl/cpu/core/riscv_core.sv:134]
ERROR: [VRFC 10-2063] Module <mispredict_reg> not found while processing module instance <u_mispredict_reg> [/home/quocviet/Project/Advanced-RISC-V-32-bit-SoC/rtl/cpu/core/riscv_core.sv:150]
ERROR: [VRFC 10-2063] Module <fwd_mux> not found while processing module instance <u_fwd_mux> [/home/quocviet/Project/Advanced-RISC-V-32-bit-SoC/rtl/cpu/core/riscv_core.sv:318]
ERROR: [XSIM 43-3322] Static elaboration of top level Verilog design unit(s) in library work failed.
INFO: [USF-XSim-69] 'elaborate' step finished in '1' seconds
INFO: [USF-XSim-99] Step results log file:'/home/quocviet/Project/Advanced-RISC-V-32-bit-SoC/work/Advanced-RISC-V-32-bit-SoC.sim/sim_1/behav/xsim/elaborate.log'
ERROR: [USF-XSim-62] 'elaborate' step failed with error(s). Please check the Tcl console output or '/home/quocviet/Project/Advanced-RISC-V-32-bit-SoC/work/Advanced-RISC-V-32-bit-SoC.sim/sim_1/behav/xsim/elaborate.log' file for more information.
ERROR: [Vivado 12-4473] Detected error while running simulation. Please correct the issue and retry this operation.
ERROR: [Common 17-39] 'launch_simulation' failed due to earlier errors.

    while executing
"launch_simulation"
    (file "../tcl/sim.tcl" line 45)
INFO: [Common 17-206] Exiting Vivado at Thu Jun  4 15:45:12 2026...
